/home/pf/pfstud/ODE_Nando/ODE_crop_Project/latent_ode-my_mod/run_models.py
/home/pf/pfstud/ODE_Nando/ODE_crop_Project/latent_ode-my_mod/run_models.py
Experiment 7067
Epoch 0001 [Test seq (cond on sampled tp)] | Loss 2211.264160 | Likelihood -2211.264160 | KL fp 0.0000 | FP STD 0.0000|
KL coef: 0.0
Train loss (one batch): 4905.2548828125
Train CE loss (one batch): 0.0
Test MSE: 0.4430
Poisson likelihood: 0.0
CE loss: 0.0
Experiment 7067
Epoch 0002 [Test seq (cond on sampled tp)] | Loss 1946.458374 | Likelihood -1946.458374 | KL fp 0.0000 | FP STD 0.0000|
KL coef: 0.0
Train loss (one batch): 1762.5576171875
Train CE loss (one batch): 0.0
Test MSE: 0.3900
Poisson likelihood: 0.0
CE loss: 0.0
Experiment 7067
Epoch 0003 [Test seq (cond on sampled tp)] | Loss 839.040344 | Likelihood -839.040344 | KL fp 0.0000 | FP STD 0.0000|
KL coef: 0.0
Train loss (one batch): 1051.8974609375
Train CE loss (one batch): 0.0
Test MSE: 0.1685
Poisson likelihood: 0.0
CE loss: 0.0
Experiment 7067
Epoch 0004 [Test seq (cond on sampled tp)] | Loss 902.073059 | Likelihood -902.073059 | KL fp 0.0000 | FP STD 0.0000|
KL coef: 0.0
Train loss (one batch): 854.831298828125
Train CE loss (one batch): 0.0
Test MSE: 0.1812
Poisson likelihood: 0.0
CE loss: 0.0
Experiment 7067
Epoch 0005 [Test seq (cond on sampled tp)] | Loss 572.616516 | Likelihood -572.616516 | KL fp 0.0000 | FP STD 0.0000|
KL coef: 0.0
Train loss (one batch): 747.462158203125
Train CE loss (one batch): 0.0
Test MSE: 0.1153
Poisson likelihood: 0.0
CE loss: 0.0
Experiment 7067
Epoch 0006 [Test seq (cond on sampled tp)] | Loss 359.881897 | Likelihood -359.881897 | KL fp 0.0000 | FP STD 0.0000|
KL coef: 0.0
Train loss (one batch): 387.0865783691406
Train CE loss (one batch): 0.0
Test MSE: 0.0727
Poisson likelihood: 0.0
CE loss: 0.0
Experiment 7067
Epoch 0007 [Test seq (cond on sampled tp)] | Loss 381.330414 | Likelihood -381.330414 | KL fp 0.0000 | FP STD 0.0000|
KL coef: 0.0
Train loss (one batch): 372.17156982421875
Train CE loss (one batch): 0.0
Test MSE: 0.0770
Poisson likelihood: 0.0
CE loss: 0.0
Experiment 7067
Epoch 0008 [Test seq (cond on sampled tp)] | Loss 214.359863 | Likelihood -214.359863 | KL fp 0.0000 | FP STD 0.0000|
KL coef: 0.0
Train loss (one batch): 294.1529846191406
Train CE loss (one batch): 0.0
Test MSE: 0.0436
Poisson likelihood: 0.0
CE loss: 0.0
Experiment 7067
Epoch 0009 [Test seq (cond on sampled tp)] | Loss 222.143097 | Likelihood -222.143097 | KL fp 0.0000 | FP STD 0.0000|
KL coef: 0.0
Train loss (one batch): 167.54063415527344
Train CE loss (one batch): 0.0
Test MSE: 0.0452
Poisson likelihood: 0.0
CE loss: 0.0
Experiment 7067
Epoch 0010 [Test seq (cond on sampled tp)] | Loss 270.456360 | Likelihood -270.456360 | KL fp 0.0000 | FP STD 0.0000|
KL coef: 0.0
Train loss (one batch): 245.13096618652344
Train CE loss (one batch): 0.0
Test MSE: 0.0548
Poisson likelihood: 0.0
CE loss: 0.0
Experiment 7067
Epoch 0011 [Test seq (cond on sampled tp)] | Loss 195.260376 | Likelihood -195.260376 | KL fp 0.0000 | FP STD 0.0000|
KL coef: 0.010000000000000009
Train loss (one batch): 211.50811767578125
Train CE loss (one batch): 0.0
Test MSE: 0.0398
Poisson likelihood: 0.0
CE loss: 0.0
Experiment 7067
Epoch 0012 [Test seq (cond on sampled tp)] | Loss 196.772141 | Likelihood -196.772141 | KL fp 0.0000 | FP STD 0.0000|
KL coef: 0.01990000000000003
Train loss (one batch): 167.2090301513672
Train CE loss (one batch): 0.0
Test MSE: 0.0401
Poisson likelihood: 0.0
CE loss: 0.0
Experiment 7067
Epoch 0013 [Test seq (cond on sampled tp)] | Loss 188.622238 | Likelihood -188.622238 | KL fp 0.0000 | FP STD 0.0000|
KL coef: 0.029700999999999977
Train loss (one batch): 189.2319793701172
Train CE loss (one batch): 0.0
Test MSE: 0.0385
Poisson likelihood: 0.0
CE loss: 0.0
Experiment 7067
Epoch 0014 [Test seq (cond on sampled tp)] | Loss 141.467407 | Likelihood -141.467407 | KL fp 0.0000 | FP STD 0.0000|
KL coef: 0.039403990000000055
Train loss (one batch): 148.4442596435547
Train CE loss (one batch): 0.0
Test MSE: 0.0290
Poisson likelihood: 0.0
CE loss: 0.0
Experiment 7067
Epoch 0015 [Test seq (cond on sampled tp)] | Loss 141.535782 | Likelihood -141.535782 | KL fp 0.0000 | FP STD 0.0000|
KL coef: 0.04900995010000009
Train loss (one batch): 121.70606231689453
Train CE loss (one batch): 0.0
Test MSE: 0.0290
Poisson likelihood: 0.0
CE loss: 0.0
Experiment 7067
Epoch 0016 [Test seq (cond on sampled tp)] | Loss 146.060822 | Likelihood -146.060822 | KL fp 0.0000 | FP STD 0.0000|
KL coef: 0.058519850599
Train loss (one batch): 133.16136169433594
Train CE loss (one batch): 0.0
Test MSE: 0.0299
Poisson likelihood: 0.0
CE loss: 0.0
Experiment 7067
Epoch 0017 [Test seq (cond on sampled tp)] | Loss 129.120712 | Likelihood -129.120712 | KL fp 0.0000 | FP STD 0.0000|
KL coef: 0.06793465209301008
Train loss (one batch): 124.99397277832031
Train CE loss (one batch): 0.0
Test MSE: 0.0266
Poisson likelihood: 0.0
CE loss: 0.0
Experiment 7067
Epoch 0018 [Test seq (cond on sampled tp)] | Loss 125.557030 | Likelihood -125.557030 | KL fp 0.0000 | FP STD 0.0000|
KL coef: 0.07725530557207994
Train loss (one batch): 112.41805267333984
Train CE loss (one batch): 0.0
Test MSE: 0.0258
Poisson likelihood: 0.0
CE loss: 0.0
Experiment 7067
Epoch 0019 [Test seq (cond on sampled tp)] | Loss 130.876312 | Likelihood -130.876312 | KL fp 0.0000 | FP STD 0.0000|
KL coef: 0.08648275251635917
Train loss (one batch): 118.3066635131836
Train CE loss (one batch): 0.0
Test MSE: 0.0269
Poisson likelihood: 0.0
CE loss: 0.0
Experiment 7067
Epoch 0020 [Test seq (cond on sampled tp)] | Loss 121.864822 | Likelihood -121.864822 | KL fp 0.0000 | FP STD 0.0000|
KL coef: 0.09561792499119559
Train loss (one batch): 117.2016830444336
Train CE loss (one batch): 0.0
Test MSE: 0.0251
Poisson likelihood: 0.0
CE loss: 0.0
Experiment 7067
Epoch 0021 [Test seq (cond on sampled tp)] | Loss 113.138832 | Likelihood -113.138832 | KL fp 0.0000 | FP STD 0.0000|
KL coef: 0.10466174574128362
Train loss (one batch): 104.97953796386719
Train CE loss (one batch): 0.0
Test MSE: 0.0234
Poisson likelihood: 0.0
CE loss: 0.0
Experiment 7067
Epoch 0022 [Test seq (cond on sampled tp)] | Loss 112.160156 | Likelihood -112.160156 | KL fp 0.0000 | FP STD 0.0000|
KL coef: 0.11361512828387077
Train loss (one batch): 101.17626190185547
Train CE loss (one batch): 0.0
Test MSE: 0.0232
Poisson likelihood: 0.0
CE loss: 0.0
Experiment 7067
Epoch 0023 [Test seq (cond on sampled tp)] | Loss 106.085060 | Likelihood -106.085060 | KL fp 0.0000 | FP STD 0.0000|
KL coef: 0.12247897700103216
Train loss (one batch): 98.2925796508789
Train CE loss (one batch): 0.0
Test MSE: 0.0220
Poisson likelihood: 0.0
CE loss: 0.0
Experiment 7067
Epoch 0024 [Test seq (cond on sampled tp)] | Loss 101.285072 | Likelihood -101.285072 | KL fp 0.0000 | FP STD 0.0000|
KL coef: 0.13125418723102178
Train loss (one batch): 90.4531478881836
Train CE loss (one batch): 0.0
Test MSE: 0.0210
Poisson likelihood: 0.0
CE loss: 0.0
Experiment 7067
Epoch 0025 [Test seq (cond on sampled tp)] | Loss 102.175987 | Likelihood -102.175987 | KL fp 0.0000 | FP STD 0.0000|
KL coef: 0.13994164535871156
Train loss (one batch): 88.91758728027344
Train CE loss (one batch): 0.0
Test MSE: 0.0212
Poisson likelihood: 0.0
CE loss: 0.0
Experiment 7067
Epoch 0026 [Test seq (cond on sampled tp)] | Loss 97.976654 | Likelihood -97.976654 | KL fp 0.0000 | FP STD 0.0000|
KL coef: 0.14854222890512447
Train loss (one batch): 87.71372985839844
Train CE loss (one batch): 0.0
Test MSE: 0.0203
Poisson likelihood: 0.0
CE loss: 0.0
Experiment 7067
Epoch 0027 [Test seq (cond on sampled tp)] | Loss 92.579491 | Likelihood -92.579491 | KL fp 0.0000 | FP STD 0.0000|
KL coef: 0.15705680661607324
Train loss (one batch): 82.01658630371094
Train CE loss (one batch): 0.0
Test MSE: 0.0193
Poisson likelihood: 0.0
CE loss: 0.0
Experiment 7067
Epoch 0028 [Test seq (cond on sampled tp)] | Loss 89.452660 | Likelihood -89.452660 | KL fp 0.0000 | FP STD 0.0000|
KL coef: 0.1654862385499125
Train loss (one batch): 79.3921890258789
Train CE loss (one batch): 0.0
Test MSE: 0.0186
Poisson likelihood: 0.0
CE loss: 0.0
Experiment 7067
Epoch 0029 [Test seq (cond on sampled tp)] | Loss 85.297050 | Likelihood -85.297050 | KL fp 0.0000 | FP STD 0.0000|
KL coef: 0.17383137616441335
Train loss (one batch): 76.21790313720703
Train CE loss (one batch): 0.0
Test MSE: 0.0178
Poisson likelihood: 0.0
CE loss: 0.0
Experiment 7067
Epoch 0030 [Test seq (cond on sampled tp)] | Loss 84.533195 | Likelihood -84.533195 | KL fp 0.0000 | FP STD 0.0000|
KL coef: 0.18209306240276923
Train loss (one batch): 73.41486358642578
Train CE loss (one batch): 0.0
Test MSE: 0.0176
Poisson likelihood: 0.0
CE loss: 0.0
Experiment 7067
Epoch 0031 [Test seq (cond on sampled tp)] | Loss 83.590485 | Likelihood -83.590485 | KL fp 0.0000 | FP STD 0.0000|
KL coef: 0.19027213177874158
Train loss (one batch): 73.5405044555664
Train CE loss (one batch): 0.0
Test MSE: 0.0175
Poisson likelihood: 0.0
CE loss: 0.0
Experiment 7067
Epoch 0032 [Test seq (cond on sampled tp)] | Loss 81.202126 | Likelihood -81.202126 | KL fp 0.0000 | FP STD 0.0000|
KL coef: 0.19836941046095413
Train loss (one batch): 71.96955871582031
Train CE loss (one batch): 0.0
Test MSE: 0.0170
Poisson likelihood: 0.0
CE loss: 0.0
Experiment 7067
Epoch 0033 [Test seq (cond on sampled tp)] | Loss 80.832939 | Likelihood -80.832939 | KL fp 0.0000 | FP STD 0.0000|
KL coef: 0.20638571635634462
Train loss (one batch): 71.74223327636719
Train CE loss (one batch): 0.0
Test MSE: 0.0169
Poisson likelihood: 0.0
CE loss: 0.0
Experiment 7067
Epoch 0034 [Test seq (cond on sampled tp)] | Loss 81.163254 | Likelihood -81.163254 | KL fp 0.0000 | FP STD 0.0000|
KL coef: 0.21432185919278124
Train loss (one batch): 71.57013702392578
Train CE loss (one batch): 0.0
Test MSE: 0.0170
Poisson likelihood: 0.0
CE loss: 0.0
Experiment 7067
Epoch 0035 [Test seq (cond on sampled tp)] | Loss 82.737755 | Likelihood -82.737755 | KL fp 0.0000 | FP STD 0.0000|
KL coef: 0.22217864060085335
Train loss (one batch): 71.957275390625
Train CE loss (one batch): 0.0
Test MSE: 0.0173
Poisson likelihood: 0.0
CE loss: 0.0
Experiment 7067
Epoch 0036 [Test seq (cond on sampled tp)] | Loss 81.624130 | Likelihood -81.624130 | KL fp 0.0000 | FP STD 0.0000|
KL coef: 0.2299568541948449
Train loss (one batch): 72.14215850830078
Train CE loss (one batch): 0.0
Test MSE: 0.0171
Poisson likelihood: 0.0
CE loss: 0.0
Experiment 7067
Epoch 0037 [Test seq (cond on sampled tp)] | Loss 80.435402 | Likelihood -80.435402 | KL fp 0.0000 | FP STD 0.0000|
KL coef: 0.23765728565289646
Train loss (one batch): 71.08980560302734
Train CE loss (one batch): 0.0
Test MSE: 0.0168
Poisson likelihood: 0.0
CE loss: 0.0
Experiment 7067
Epoch 0038 [Test seq (cond on sampled tp)] | Loss 80.053680 | Likelihood -80.053680 | KL fp 0.0000 | FP STD 0.0000|
KL coef: 0.24528071279636743
Train loss (one batch): 70.71966552734375
Train CE loss (one batch): 0.0
Test MSE: 0.0167
Poisson likelihood: 0.0
CE loss: 0.0
Experiment 7067
Epoch 0039 [Test seq (cond on sampled tp)] | Loss 80.353592 | Likelihood -80.353592 | KL fp 0.0000 | FP STD 0.0000|
KL coef: 0.25282790566840385
Train loss (one batch): 70.18842315673828
Train CE loss (one batch): 0.0
Test MSE: 0.0168
Poisson likelihood: 0.0
CE loss: 0.0
Experiment 7067
Epoch 0040 [Test seq (cond on sampled tp)] | Loss 80.369743 | Likelihood -80.369743 | KL fp 0.0000 | FP STD 0.0000|
KL coef: 0.2602996266117198
Train loss (one batch): 70.19917297363281
Train CE loss (one batch): 0.0
Test MSE: 0.0168
Poisson likelihood: 0.0
CE loss: 0.0
Experiment 7067
Epoch 0041 [Test seq (cond on sampled tp)] | Loss 79.824669 | Likelihood -79.824669 | KL fp 0.0000 | FP STD 0.0000|
KL coef: 0.26769663034560254
Train loss (one batch): 69.8416976928711
Train CE loss (one batch): 0.0
Test MSE: 0.0167
Poisson likelihood: 0.0
CE loss: 0.0
Experiment 7067
Epoch 0042 [Test seq (cond on sampled tp)] | Loss 79.730095 | Likelihood -79.730095 | KL fp 0.0000 | FP STD 0.0000|
KL coef: 0.2750196640421466
Train loss (one batch): 69.62129211425781
Train CE loss (one batch): 0.0
Test MSE: 0.0167
Poisson likelihood: 0.0
CE loss: 0.0
Experiment 7067
Epoch 0043 [Test seq (cond on sampled tp)] | Loss 79.938850 | Likelihood -79.938850 | KL fp 0.0000 | FP STD 0.0000|
KL coef: 0.2822694674017251
Train loss (one batch): 69.53314208984375
Train CE loss (one batch): 0.0
Test MSE: 0.0167
Poisson likelihood: 0.0
CE loss: 0.0
Experiment 7067
Epoch 0044 [Test seq (cond on sampled tp)] | Loss 80.313744 | Likelihood -80.313744 | KL fp 0.0000 | FP STD 0.0000|
KL coef: 0.2894467727277079
Train loss (one batch): 69.49195861816406
Train CE loss (one batch): 0.0
Test MSE: 0.0168
Poisson likelihood: 0.0
CE loss: 0.0
Experiment 7067
Epoch 0045 [Test seq (cond on sampled tp)] | Loss 80.285828 | Likelihood -80.285828 | KL fp 0.0000 | FP STD 0.0000|
KL coef: 0.29655230500043084
Train loss (one batch): 69.52616119384766
Train CE loss (one batch): 0.0
Test MSE: 0.0168
Poisson likelihood: 0.0
CE loss: 0.0
Experiment 7067
Epoch 0046 [Test seq (cond on sampled tp)] | Loss 79.914253 | Likelihood -79.914253 | KL fp 0.0000 | FP STD 0.0000|
KL coef: 0.30358678195042654
Train loss (one batch): 69.3409194946289
Train CE loss (one batch): 0.0
Test MSE: 0.0167
Poisson likelihood: 0.0
CE loss: 0.0
Experiment 7067
Epoch 0047 [Test seq (cond on sampled tp)] | Loss 79.655563 | Likelihood -79.655563 | KL fp 0.0000 | FP STD 0.0000|
KL coef: 0.3105509141309223
Train loss (one batch): 69.19918823242188
Train CE loss (one batch): 0.0
Test MSE: 0.0167
Poisson likelihood: 0.0
CE loss: 0.0
Experiment 7067
Epoch 0048 [Test seq (cond on sampled tp)] | Loss 79.566826 | Likelihood -79.566826 | KL fp 0.0000 | FP STD 0.0000|
KL coef: 0.31744540498961304
Train loss (one batch): 69.09904479980469
Train CE loss (one batch): 0.0
Test MSE: 0.0167
Poisson likelihood: 0.0
CE loss: 0.0
Experiment 7067
Epoch 0049 [Test seq (cond on sampled tp)] | Loss 79.553139 | Likelihood -79.553139 | KL fp 0.0000 | FP STD 0.0000|
KL coef: 0.3242709509397169
Train loss (one batch): 69.05809783935547
Train CE loss (one batch): 0.0
Test MSE: 0.0166
Poisson likelihood: 0.0
CE loss: 0.0
Experiment 7067
Epoch 0050 [Test seq (cond on sampled tp)] | Loss 79.340874 | Likelihood -79.340874 | KL fp 0.0000 | FP STD 0.0000|
KL coef: 0.3310282414303197
Train loss (one batch): 68.99889373779297
Train CE loss (one batch): 0.0
Test MSE: 0.0166
Poisson likelihood: 0.0
CE loss: 0.0
Experiment 7067
Epoch 0051 [Test seq (cond on sampled tp)] | Loss 79.083794 | Likelihood -79.083794 | KL fp 0.0000 | FP STD 0.0000|
KL coef: 0.33771795901601653
Train loss (one batch): 68.84100341796875
Train CE loss (one batch): 0.0
Test MSE: 0.0166
Poisson likelihood: 0.0
CE loss: 0.0
Experiment 7067
Epoch 0052 [Test seq (cond on sampled tp)] | Loss 79.001579 | Likelihood -79.001579 | KL fp 0.0000 | FP STD 0.0000|
KL coef: 0.3443407794258564
Train loss (one batch): 68.72673797607422
Train CE loss (one batch): 0.0
Test MSE: 0.0165
Poisson likelihood: 0.0
CE loss: 0.0
Experiment 7067
Epoch 0053 [Test seq (cond on sampled tp)] | Loss 79.069077 | Likelihood -79.069077 | KL fp 0.0000 | FP STD 0.0000|
KL coef: 0.35089737163159784
Train loss (one batch): 68.65988159179688
Train CE loss (one batch): 0.0
Test MSE: 0.0166
Poisson likelihood: 0.0
CE loss: 0.0
Experiment 7067
Epoch 0054 [Test seq (cond on sampled tp)] | Loss 79.105225 | Likelihood -79.105225 | KL fp 0.0000 | FP STD 0.0000|
KL coef: 0.3573883979152819
Train loss (one batch): 68.64108276367188
Train CE loss (one batch): 0.0
Test MSE: 0.0166
Poisson likelihood: 0.0
CE loss: 0.0
Experiment 7067
Epoch 0055 [Test seq (cond on sampled tp)] | Loss 78.972054 | Likelihood -78.972054 | KL fp 0.0000 | FP STD 0.0000|
KL coef: 0.36381451393612907
Train loss (one batch): 68.5869140625
Train CE loss (one batch): 0.0
Test MSE: 0.0165
Poisson likelihood: 0.0
CE loss: 0.0
Experiment 7067
Epoch 0056 [Test seq (cond on sampled tp)] | Loss 78.807938 | Likelihood -78.807938 | KL fp 0.0000 | FP STD 0.0000|
KL coef: 0.37017636879676774
Train loss (one batch): 68.4977035522461
Train CE loss (one batch): 0.0
Test MSE: 0.0165
Poisson likelihood: 0.0
CE loss: 0.0
Experiment 7067
Epoch 0057 [Test seq (cond on sampled tp)] | Loss 78.727356 | Likelihood -78.727356 | KL fp 0.0000 | FP STD 0.0000|
KL coef: 0.37647460510880004
Train loss (one batch): 68.43325805664062
Train CE loss (one batch): 0.0
Test MSE: 0.0165
Poisson likelihood: 0.0
CE loss: 0.0
Experiment 7067
Epoch 0058 [Test seq (cond on sampled tp)] | Loss 78.707970 | Likelihood -78.707970 | KL fp 0.0000 | FP STD 0.0000|
KL coef: 0.38270985905771204
Train loss (one batch): 68.39379119873047
Train CE loss (one batch): 0.0
Test MSE: 0.0165
Poisson likelihood: 0.0
CE loss: 0.0
Experiment 7067
Epoch 0059 [Test seq (cond on sampled tp)] | Loss 78.648087 | Likelihood -78.648087 | KL fp 0.0000 | FP STD 0.0000|
KL coef: 0.388882760467135
Train loss (one batch): 68.36154174804688
Train CE loss (one batch): 0.0
Test MSE: 0.0165
Poisson likelihood: 0.0
CE loss: 0.0
Experiment 7067
Epoch 0060 [Test seq (cond on sampled tp)] | Loss 78.540344 | Likelihood -78.540344 | KL fp 0.0000 | FP STD 0.0000|
KL coef: 0.39499393286246365
Train loss (one batch): 68.30024719238281
Train CE loss (one batch): 0.0
Test MSE: 0.0164
Poisson likelihood: 0.0
CE loss: 0.0
Experiment 7067
Epoch 0061 [Test seq (cond on sampled tp)] | Loss 78.478722 | Likelihood -78.478722 | KL fp 0.0000 | FP STD 0.0000|
KL coef: 0.401043993533839
Train loss (one batch): 68.23722839355469
Train CE loss (one batch): 0.0
Test MSE: 0.0164
Poisson likelihood: 0.0
CE loss: 0.0
Experiment 7067
Epoch 0062 [Test seq (cond on sampled tp)] | Loss 78.488487 | Likelihood -78.488487 | KL fp 0.0000 | FP STD 0.0000|
KL coef: 0.4070335535985006
Train loss (one batch): 68.19567108154297
Train CE loss (one batch): 0.0
Test MSE: 0.0164
Poisson likelihood: 0.0
CE loss: 0.0
Experiment 7067
Epoch 0063 [Test seq (cond on sampled tp)] | Loss 78.508812 | Likelihood -78.508812 | KL fp 0.0000 | FP STD 0.0000|
KL coef: 0.41296321806251557
Train loss (one batch): 68.17002868652344
Train CE loss (one batch): 0.0
Test MSE: 0.0164
Poisson likelihood: 0.0
CE loss: 0.0
Experiment 7067
Epoch 0064 [Test seq (cond on sampled tp)] | Loss 78.473457 | Likelihood -78.473457 | KL fp 0.0000 | FP STD 0.0000|
KL coef: 0.41883358588189046
Train loss (one batch): 68.13731384277344
Train CE loss (one batch): 0.0
Test MSE: 0.0164
Poisson likelihood: 0.0
CE loss: 0.0
Experiment 7067
Epoch 0065 [Test seq (cond on sampled tp)] | Loss 78.404991 | Likelihood -78.404991 | KL fp 0.0000 | FP STD 0.0000|
KL coef: 0.4246452500230715
Train loss (one batch): 68.0870361328125
Train CE loss (one batch): 0.0
Test MSE: 0.0164
Poisson likelihood: 0.0
CE loss: 0.0
Experiment 7067
Epoch 0066 [Test seq (cond on sampled tp)] | Loss 78.358063 | Likelihood -78.358063 | KL fp 0.0000 | FP STD 0.0000|
KL coef: 0.4303987975228408
Train loss (one batch): 68.0397720336914
Train CE loss (one batch): 0.0
Test MSE: 0.0164
Poisson likelihood: 0.0
CE loss: 0.0
Experiment 7067
Epoch 0067 [Test seq (cond on sampled tp)] | Loss 78.337242 | Likelihood -78.337242 | KL fp 0.0000 | FP STD 0.0000|
KL coef: 0.4360948095476125
Train loss (one batch): 68.00479888916016
Train CE loss (one batch): 0.0
Test MSE: 0.0164
Poisson likelihood: 0.0
CE loss: 0.0
Experiment 7067
Epoch 0068 [Test seq (cond on sampled tp)] | Loss 78.304596 | Likelihood -78.304596 | KL fp 0.0000 | FP STD 0.0000|
KL coef: 0.44173386145213633
Train loss (one batch): 67.97457885742188
Train CE loss (one batch): 0.0
Test MSE: 0.0164
Poisson likelihood: 0.0
CE loss: 0.0
Experiment 7067
Epoch 0069 [Test seq (cond on sampled tp)] | Loss 78.241501 | Likelihood -78.241501 | KL fp 0.0000 | FP STD 0.0000|
KL coef: 0.4473165228376149
Train loss (one batch): 67.93474578857422
Train CE loss (one batch): 0.0
Test MSE: 0.0164
Poisson likelihood: 0.0
CE loss: 0.0
Experiment 7067
Epoch 0070 [Test seq (cond on sampled tp)] | Loss 78.177162 | Likelihood -78.177162 | KL fp 0.0000 | FP STD 0.0000|
KL coef: 0.4528433576092388
Train loss (one batch): 67.88773345947266
Train CE loss (one batch): 0.0
Test MSE: 0.0164
Poisson likelihood: 0.0
CE loss: 0.0
Experiment 7067
Epoch 0071 [Test seq (cond on sampled tp)] | Loss 78.137077 | Likelihood -78.137077 | KL fp 0.0000 | FP STD 0.0000|
KL coef: 0.45831492403314644
Train loss (one batch): 67.84615325927734
Train CE loss (one batch): 0.0
Test MSE: 0.0164
Poisson likelihood: 0.0
CE loss: 0.0
Experiment 7067
Epoch 0072 [Test seq (cond on sampled tp)] | Loss 78.110023 | Likelihood -78.110023 | KL fp 0.0000 | FP STD 0.0000|
KL coef: 0.463731774792815
Train loss (one batch): 67.81243896484375
Train CE loss (one batch): 0.0
Test MSE: 0.0164
Poisson likelihood: 0.0
CE loss: 0.0
Experiment 7067
Epoch 0073 [Test seq (cond on sampled tp)] | Loss 78.069237 | Likelihood -78.069237 | KL fp 0.0000 | FP STD 0.0000|
KL coef: 0.46909445704488684
Train loss (one batch): 67.77897644042969
Train CE loss (one batch): 0.0
Test MSE: 0.0164
Poisson likelihood: 0.0
CE loss: 0.0
Experiment 7067
Epoch 0074 [Test seq (cond on sampled tp)] | Loss 78.012245 | Likelihood -78.012245 | KL fp 0.0000 | FP STD 0.0000|
KL coef: 0.474403512474438
Train loss (one batch): 67.73936462402344
Train CE loss (one batch): 0.0
Test MSE: 0.0163
Poisson likelihood: 0.0
CE loss: 0.0
Experiment 7067
Epoch 0075 [Test seq (cond on sampled tp)] | Loss 77.960045 | Likelihood -77.960045 | KL fp 0.0000 | FP STD 0.0000|
KL coef: 0.4796594773496936
Train loss (one batch): 67.6983642578125
Train CE loss (one batch): 0.0
Test MSE: 0.0163
Poisson likelihood: 0.0
CE loss: 0.0
Experiment 7067
Epoch 0076 [Test seq (cond on sampled tp)] | Loss 77.922546 | Likelihood -77.922546 | KL fp 0.0000 | FP STD 0.0000|
KL coef: 0.4848628825761967
Train loss (one batch): 67.66207885742188
Train CE loss (one batch): 0.0
Test MSE: 0.0163
Poisson likelihood: 0.0
CE loss: 0.0
Experiment 7067
Epoch 0077 [Test seq (cond on sampled tp)] | Loss 77.887993 | Likelihood -77.887993 | KL fp 0.0000 | FP STD 0.0000|
KL coef: 0.4900142537504347
Train loss (one batch): 67.6292953491211
Train CE loss (one batch): 0.0
Test MSE: 0.0163
Poisson likelihood: 0.0
CE loss: 0.0
Experiment 7067
Epoch 0078 [Test seq (cond on sampled tp)] | Loss 77.844925 | Likelihood -77.844925 | KL fp 0.0000 | FP STD 0.0000|
KL coef: 0.49511411121293036
Train loss (one batch): 67.59420776367188
Train CE loss (one batch): 0.0
Test MSE: 0.0163
Poisson likelihood: 0.0
CE loss: 0.0
Experiment 7067
Epoch 0079 [Test seq (cond on sampled tp)] | Loss 77.800385 | Likelihood -77.800385 | KL fp 0.0000 | FP STD 0.0000|
KL coef: 0.500162970100801
Train loss (one batch): 67.55580139160156
Train CE loss (one batch): 0.0
Test MSE: 0.0163
Poisson likelihood: 0.0
CE loss: 0.0
Experiment 7067
Epoch 0080 [Test seq (cond on sampled tp)] | Loss 77.764977 | Likelihood -77.764977 | KL fp 0.0000 | FP STD 0.0000|
KL coef: 0.505161340399793
Train loss (one batch): 67.51860809326172
Train CE loss (one batch): 0.0
Test MSE: 0.0163
Poisson likelihood: 0.0
CE loss: 0.0
Experiment 7067
Epoch 0081 [Test seq (cond on sampled tp)] | Loss 77.735954 | Likelihood -77.735954 | KL fp 0.0000 | FP STD 0.0000|
KL coef: 0.510109726995795
Train loss (one batch): 67.48419189453125
Train CE loss (one batch): 0.0
Test MSE: 0.0163
Poisson likelihood: 0.0
CE loss: 0.0
Experiment 7067
Epoch 0082 [Test seq (cond on sampled tp)] | Loss 77.702141 | Likelihood -77.702141 | KL fp 0.0000 | FP STD 0.0000|
KL coef: 0.5150086297258372
Train loss (one batch): 67.44955444335938
Train CE loss (one batch): 0.0
Test MSE: 0.0163
Poisson likelihood: 0.0
CE loss: 0.0
Experiment 7067
Epoch 0083 [Test seq (cond on sampled tp)] | Loss 77.660477 | Likelihood -77.660477 | KL fp 0.0000 | FP STD 0.0000|
KL coef: 0.5198585434285787
Train loss (one batch): 67.41217041015625
Train CE loss (one batch): 0.0
Test MSE: 0.0163
Poisson likelihood: 0.0
CE loss: 0.0
Experiment 7067
Epoch 0084 [Test seq (cond on sampled tp)] | Loss 77.619400 | Likelihood -77.619400 | KL fp 0.0000 | FP STD 0.0000|
KL coef: 0.524659957994293
Train loss (one batch): 67.37401580810547
Train CE loss (one batch): 0.0
Test MSE: 0.0163
Poisson likelihood: 0.0
CE loss: 0.0
Experiment 7067
Epoch 0085 [Test seq (cond on sampled tp)] | Loss 77.584099 | Likelihood -77.584099 | KL fp 0.0000 | FP STD 0.0000|
KL coef: 0.5294133584143501
Train loss (one batch): 67.33841705322266
Train CE loss (one batch): 0.0
Test MSE: 0.0163
Poisson likelihood: 0.0
CE loss: 0.0
Experiment 7067
Epoch 0086 [Test seq (cond on sampled tp)] | Loss 77.550285 | Likelihood -77.550285 | KL fp 0.0000 | FP STD 0.0000|
KL coef: 0.5341192248302067
Train loss (one batch): 67.30609893798828
Train CE loss (one batch): 0.0
Test MSE: 0.0162
Poisson likelihood: 0.0
CE loss: 0.0
Experiment 7067
Epoch 0087 [Test seq (cond on sampled tp)] | Loss 77.513123 | Likelihood -77.513123 | KL fp 0.0000 | FP STD 0.0000|
KL coef: 0.5387780325819045
Train loss (one batch): 67.27381134033203
Train CE loss (one batch): 0.0
Test MSE: 0.0162
Poisson likelihood: 0.0
CE loss: 0.0
Experiment 7067
Epoch 0088 [Test seq (cond on sampled tp)] | Loss 77.475319 | Likelihood -77.475319 | KL fp 0.0000 | FP STD 0.0000|
KL coef: 0.5433902522560855
Train loss (one batch): 67.24095153808594
Train CE loss (one batch): 0.0
Test MSE: 0.0162
Poisson likelihood: 0.0
CE loss: 0.0
Experiment 7067
Epoch 0089 [Test seq (cond on sampled tp)] | Loss 77.442680 | Likelihood -77.442680 | KL fp 0.0000 | FP STD 0.0000|
KL coef: 0.5479563497335247
Train loss (one batch): 67.2087631225586
Train CE loss (one batch): 0.0
Test MSE: 0.0162
Poisson likelihood: 0.0
CE loss: 0.0
Experiment 7067
Epoch 0090 [Test seq (cond on sampled tp)] | Loss 77.414894 | Likelihood -77.414894 | KL fp 0.0000 | FP STD 0.0000|
KL coef: 0.5524767862361895
Train loss (one batch): 67.17833709716797
Train CE loss (one batch): 0.0
Test MSE: 0.0162
Poisson likelihood: 0.0
CE loss: 0.0
Experiment 7067
Epoch 0091 [Test seq (cond on sampled tp)] | Loss 77.386757 | Likelihood -77.386757 | KL fp 0.0000 | FP STD 0.0000|
KL coef: 0.5569520183738275
Train loss (one batch): 67.14859008789062
Train CE loss (one batch): 0.0
Test MSE: 0.0162
Poisson likelihood: 0.0
CE loss: 0.0
Experiment 7067
Epoch 0092 [Test seq (cond on sampled tp)] | Loss 77.355591 | Likelihood -77.355591 | KL fp 0.0000 | FP STD 0.0000|
KL coef: 0.5613824981900892
Train loss (one batch): 67.11811828613281
Train CE loss (one batch): 0.0
Test MSE: 0.0162
Poisson likelihood: 0.0
CE loss: 0.0
Experiment 7067
Epoch 0093 [Test seq (cond on sampled tp)] | Loss 77.323853 | Likelihood -77.323853 | KL fp 0.0000 | FP STD 0.0000|
KL coef: 0.5657686732081884
Train loss (one batch): 67.08723449707031
Train CE loss (one batch): 0.0
Test MSE: 0.0162
Poisson likelihood: 0.0
CE loss: 0.0
Experiment 7067
Epoch 0094 [Test seq (cond on sampled tp)] | Loss 77.293945 | Likelihood -77.293945 | KL fp 0.0000 | FP STD 0.0000|
KL coef: 0.5701109864761065
Train loss (one batch): 67.0570297241211
Train CE loss (one batch): 0.0
Test MSE: 0.0162
Poisson likelihood: 0.0
CE loss: 0.0
Experiment 7067
Epoch 0095 [Test seq (cond on sampled tp)] | Loss 77.264114 | Likelihood -77.264114 | KL fp 0.0000 | FP STD 0.0000|
KL coef: 0.5744098766113455
Train loss (one batch): 67.02764129638672
Train CE loss (one batch): 0.0
Test MSE: 0.0162
Poisson likelihood: 0.0
CE loss: 0.0
Experiment 7067
Epoch 0096 [Test seq (cond on sampled tp)] | Loss 77.232460 | Likelihood -77.232460 | KL fp 0.0000 | FP STD 0.0000|
KL coef: 0.578665777845232
Train loss (one batch): 66.99808502197266
Train CE loss (one batch): 0.0
Test MSE: 0.0162
Poisson likelihood: 0.0
CE loss: 0.0
Experiment 7067
Epoch 0097 [Test seq (cond on sampled tp)] | Loss 77.200745 | Likelihood -77.200745 | KL fp 0.0000 | FP STD 0.0000|
KL coef: 0.5828791200667797
Train loss (one batch): 66.96806335449219
Train CE loss (one batch): 0.0
Test MSE: 0.0162
Poisson likelihood: 0.0
CE loss: 0.0
Experiment 7067
Epoch 0098 [Test seq (cond on sampled tp)] | Loss 77.172081 | Likelihood -77.172081 | KL fp 0.0000 | FP STD 0.0000|
KL coef: 0.5870503288661119
Train loss (one batch): 66.93858337402344
Train CE loss (one batch): 0.0
Test MSE: 0.0162
Poisson likelihood: 0.0
CE loss: 0.0
Experiment 7067
Epoch 0099 [Test seq (cond on sampled tp)] | Loss 77.145348 | Likelihood -77.145348 | KL fp 0.0000 | FP STD 0.0000|
KL coef: 0.5911798255774507
Train loss (one batch): 66.91018676757812
Train CE loss (one batch): 0.0
Test MSE: 0.0162
Poisson likelihood: 0.0
CE loss: 0.0
Experiment 7067
Epoch 0100 [Test seq (cond on sampled tp)] | Loss 77.118042 | Likelihood -77.118042 | KL fp 0.0000 | FP STD 0.0000|
KL coef: 0.5952680273216762
Train loss (one batch): 66.88218688964844
Train CE loss (one batch): 0.0
Test MSE: 0.0162
Poisson likelihood: 0.0
CE loss: 0.0
Experiment 7067
Epoch 0101 [Test seq (cond on sampled tp)] | Loss 77.089470 | Likelihood -77.089470 | KL fp 0.0000 | FP STD 0.0000|
KL coef: 0.5993153470484595
Train loss (one batch): 66.8539810180664
Train CE loss (one batch): 0.0
Test MSE: 0.0162
Poisson likelihood: 0.0
CE loss: 0.0
Experiment 7067
Epoch 0102 [Test seq (cond on sampled tp)] | Loss 77.061058 | Likelihood -77.061058 | KL fp 0.0000 | FP STD 0.0000|
KL coef: 0.6033221935779749
Train loss (one batch): 66.82588195800781
Train CE loss (one batch): 0.0
Test MSE: 0.0161
Poisson likelihood: 0.0
CE loss: 0.0
Experiment 7067
Epoch 0103 [Test seq (cond on sampled tp)] | Loss 77.033325 | Likelihood -77.033325 | KL fp 0.0000 | FP STD 0.0000|
KL coef: 0.6072889716421952
Train loss (one batch): 66.79827117919922
Train CE loss (one batch): 0.0
Test MSE: 0.0161
Poisson likelihood: 0.0
CE loss: 0.0
Experiment 7067
Epoch 0104 [Test seq (cond on sampled tp)] | Loss 77.005226 | Likelihood -77.005226 | KL fp 0.0000 | FP STD 0.0000|
KL coef: 0.6112160819257733
Train loss (one batch): 66.7710189819336
Train CE loss (one batch): 0.0
Test MSE: 0.0161
Poisson likelihood: 0.0
CE loss: 0.0
Experiment 7067
Epoch 0105 [Test seq (cond on sampled tp)] | Loss 76.976372 | Likelihood -76.976372 | KL fp 0.0000 | FP STD 0.0000|
KL coef: 0.6151039211065155
Train loss (one batch): 66.7437515258789
Train CE loss (one batch): 0.0
Test MSE: 0.0161
Poisson likelihood: 0.0
CE loss: 0.0
Experiment 7067
Epoch 0106 [Test seq (cond on sampled tp)] | Loss 76.947784 | Likelihood -76.947784 | KL fp 0.0000 | FP STD 0.0000|
KL coef: 0.6189528818954504
Train loss (one batch): 66.71648406982422
Train CE loss (one batch): 0.0
Test MSE: 0.0161
Poisson likelihood: 0.0
CE loss: 0.0
Experiment 7067
Epoch 0107 [Test seq (cond on sampled tp)] | Loss 76.920113 | Likelihood -76.920113 | KL fp 0.0000 | FP STD 0.0000|
KL coef: 0.6227633530764958
Train loss (one batch): 66.6895523071289
Train CE loss (one batch): 0.0
Test MSE: 0.0161
Poisson likelihood: 0.0
CE loss: 0.0
Experiment 7067
Epoch 0108 [Test seq (cond on sampled tp)] | Loss 76.893471 | Likelihood -76.893471 | KL fp 0.0000 | FP STD 0.0000|
KL coef: 0.6265357195457308
Train loss (one batch): 66.66301727294922
Train CE loss (one batch): 0.0
Test MSE: 0.0161
Poisson likelihood: 0.0
CE loss: 0.0
Experiment 7067
Epoch 0109 [Test seq (cond on sampled tp)] | Loss 76.866783 | Likelihood -76.866783 | KL fp 0.0000 | FP STD 0.0000|
KL coef: 0.6302703623502736
Train loss (one batch): 66.63667297363281
Train CE loss (one batch): 0.0
Test MSE: 0.0161
Poisson likelihood: 0.0
CE loss: 0.0
Experiment 7067
Epoch 0110 [Test seq (cond on sampled tp)] | Loss 76.839615 | Likelihood -76.839615 | KL fp 0.0000 | FP STD 0.0000|
KL coef: 0.6339676587267709
Train loss (one batch): 66.61032104492188
Train CE loss (one batch): 0.0
Test MSE: 0.0161
Poisson likelihood: 0.0
CE loss: 0.0
Experiment 7067
Epoch 0111 [Test seq (cond on sampled tp)] | Loss 76.812126 | Likelihood -76.812126 | KL fp 0.0000 | FP STD 0.0000|
KL coef: 0.6376279821395031
Train loss (one batch): 66.583984375
Train CE loss (one batch): 0.0
Test MSE: 0.0161
Poisson likelihood: 0.0
CE loss: 0.0
Experiment 7067
Epoch 0112 [Test seq (cond on sampled tp)] | Loss 76.784584 | Likelihood -76.784584 | KL fp 0.0000 | FP STD 0.0000|
KL coef: 0.6412517023181081
Train loss (one batch): 66.557861328125
Train CE loss (one batch): 0.0
Test MSE: 0.0161
Poisson likelihood: 0.0
CE loss: 0.0
Experiment 7067
Epoch 0113 [Test seq (cond on sampled tp)] | Loss 76.757347 | Likelihood -76.757347 | KL fp 0.0000 | FP STD 0.0000|
KL coef: 0.644839185294927
Train loss (one batch): 66.53204345703125
Train CE loss (one batch): 0.0
Test MSE: 0.0161
Poisson likelihood: 0.0
CE loss: 0.0
Experiment 7067
Epoch 0114 [Test seq (cond on sampled tp)] | Loss 76.730034 | Likelihood -76.730034 | KL fp 0.0000 | FP STD 0.0000|
KL coef: 0.6483907934419777
Train loss (one batch): 66.50637817382812
Train CE loss (one batch): 0.0
Test MSE: 0.0161
Poisson likelihood: 0.0
CE loss: 0.0
Experiment 7067
Epoch 0115 [Test seq (cond on sampled tp)] | Loss 76.702225 | Likelihood -76.702225 | KL fp 0.0000 | FP STD 0.0000|
KL coef: 0.651906885507558
Train loss (one batch): 66.480712890625
Train CE loss (one batch): 0.0
Test MSE: 0.0161
Poisson likelihood: 0.0
CE loss: 0.0
Experiment 7067
Epoch 0116 [Test seq (cond on sampled tp)] | Loss 76.674599 | Likelihood -76.674599 | KL fp 0.0000 | FP STD 0.0000|
KL coef: 0.6553878166524825
Train loss (one batch): 66.45506286621094
Train CE loss (one batch): 0.0
Test MSE: 0.0161
Poisson likelihood: 0.0
CE loss: 0.0
Experiment 7067
Epoch 0117 [Test seq (cond on sampled tp)] | Loss 76.647575 | Likelihood -76.647575 | KL fp 0.0000 | FP STD 0.0000|
KL coef: 0.6588339384859576
Train loss (one batch): 66.42971801757812
Train CE loss (one batch): 0.0
Test MSE: 0.0161
Poisson likelihood: 0.0
CE loss: 0.0
Experiment 7067
Epoch 0118 [Test seq (cond on sampled tp)] | Loss 76.619438 | Likelihood -76.619438 | KL fp 0.0000 | FP STD 0.0000|
KL coef: 0.662245599101098
Train loss (one batch): 66.40450286865234
Train CE loss (one batch): 0.0
Test MSE: 0.0161
Poisson likelihood: 0.0
CE loss: 0.0
Experiment 7067
Epoch 0119 [Test seq (cond on sampled tp)] | Loss 76.590553 | Likelihood -76.590553 | KL fp 0.0000 | FP STD 0.0000|
KL coef: 0.665623143110087
Train loss (one batch): 66.37916564941406
Train CE loss (one batch): 0.0
Test MSE: 0.0161
Poisson likelihood: 0.0
CE loss: 0.0
Experiment 7067
Epoch 0120 [Test seq (cond on sampled tp)] | Loss 76.563133 | Likelihood -76.563133 | KL fp 0.0000 | FP STD 0.0000|
KL coef: 0.6689669116789861
Train loss (one batch): 66.35404205322266
Train CE loss (one batch): 0.0
Test MSE: 0.0160
Poisson likelihood: 0.0
CE loss: 0.0
Experiment 7067
Epoch 0121 [Test seq (cond on sampled tp)] | Loss 76.536316 | Likelihood -76.536316 | KL fp 0.0000 | FP STD 0.0000|
KL coef: 0.6722772425621963
Train loss (one batch): 66.32931518554688
Train CE loss (one batch): 0.0
Test MSE: 0.0160
Poisson likelihood: 0.0
CE loss: 0.0
Experiment 7067
Epoch 0122 [Test seq (cond on sampled tp)] | Loss 76.508781 | Likelihood -76.508781 | KL fp 0.0000 | FP STD 0.0000|
KL coef: 0.6755544701365743
Train loss (one batch): 66.3045883178711
Train CE loss (one batch): 0.0
Test MSE: 0.0160
Poisson likelihood: 0.0
CE loss: 0.0
Experiment 7067
Epoch 0123 [Test seq (cond on sampled tp)] | Loss 76.480370 | Likelihood -76.480370 | KL fp 0.0000 | FP STD 0.0000|
KL coef: 0.6787989254352086
Train loss (one batch): 66.27971649169922
Train CE loss (one batch): 0.0
Test MSE: 0.0160
Poisson likelihood: 0.0
CE loss: 0.0
Experiment 7067
Epoch 0124 [Test seq (cond on sampled tp)] | Loss 76.451637 | Likelihood -76.451637 | KL fp 0.0000 | FP STD 0.0000|
KL coef: 0.6820109361808565
Train loss (one batch): 66.25491333007812
Train CE loss (one batch): 0.0
Test MSE: 0.0160
Poisson likelihood: 0.0
CE loss: 0.0
Experiment 7067
Epoch 0125 [Test seq (cond on sampled tp)] | Loss 76.421463 | Likelihood -76.421463 | KL fp 0.0000 | FP STD 0.0000|
KL coef: 0.685190826819048
Train loss (one batch): 66.23006439208984
Train CE loss (one batch): 0.0
Test MSE: 0.0160
Poisson likelihood: 0.0
CE loss: 0.0
Experiment 7067
Epoch 0126 [Test seq (cond on sampled tp)] | Loss 76.392227 | Likelihood -76.392227 | KL fp 0.0000 | FP STD 0.0000|
KL coef: 0.6883389185508575
Train loss (one batch): 66.20536804199219
Train CE loss (one batch): 0.0
Test MSE: 0.0160
Poisson likelihood: 0.0
CE loss: 0.0
Experiment 7067
Epoch 0127 [Test seq (cond on sampled tp)] | Loss 76.363792 | Likelihood -76.363792 | KL fp 0.0000 | FP STD 0.0000|
KL coef: 0.6914555293653489
Train loss (one batch): 66.18096160888672
Train CE loss (one batch): 0.0
Test MSE: 0.0160
Poisson likelihood: 0.0
CE loss: 0.0
Experiment 7067
Epoch 0128 [Test seq (cond on sampled tp)] | Loss 76.335167 | Likelihood -76.335167 | KL fp 0.0000 | FP STD 0.0000|
KL coef: 0.6945409740716955
Train loss (one batch): 66.15650177001953
Train CE loss (one batch): 0.0
Test MSE: 0.0160
Poisson likelihood: 0.0
CE loss: 0.0
Experiment 7067
Epoch 0129 [Test seq (cond on sampled tp)] | Loss 76.306168 | Likelihood -76.306168 | KL fp 0.0000 | FP STD 0.0000|
KL coef: 0.6975955643309785
Train loss (one batch): 66.13190460205078
Train CE loss (one batch): 0.0
Test MSE: 0.0160
Poisson likelihood: 0.0
CE loss: 0.0
Experiment 7067
Epoch 0130 [Test seq (cond on sampled tp)] | Loss 76.276917 | Likelihood -76.276917 | KL fp 0.0000 | FP STD 0.0000|
KL coef: 0.7006196086876687
Train loss (one batch): 66.10747528076172
Train CE loss (one batch): 0.0
Test MSE: 0.0160
Poisson likelihood: 0.0
CE loss: 0.0
Experiment 7067
Epoch 0131 [Test seq (cond on sampled tp)] | Loss 76.245743 | Likelihood -76.245743 | KL fp 0.0000 | FP STD 0.0000|
KL coef: 0.703613412600792
Train loss (one batch): 66.08304595947266
Train CE loss (one batch): 0.0
Test MSE: 0.0160
Poisson likelihood: 0.0
CE loss: 0.0
Experiment 7067
Epoch 0132 [Test seq (cond on sampled tp)] | Loss 76.215248 | Likelihood -76.215248 | KL fp 0.0000 | FP STD 0.0000|
KL coef: 0.7065772784747841
Train loss (one batch): 66.0584487915039
Train CE loss (one batch): 0.0
Test MSE: 0.0160
Poisson likelihood: 0.0
CE loss: 0.0
Experiment 7067
Epoch 0133 [Test seq (cond on sampled tp)] | Loss 76.185966 | Likelihood -76.185966 | KL fp 0.0000 | FP STD 0.0000|
KL coef: 0.7095115056900363
Train loss (one batch): 66.03423309326172
Train CE loss (one batch): 0.0
Test MSE: 0.0160
Poisson likelihood: 0.0
CE loss: 0.0
Experiment 7067
Epoch 0134 [Test seq (cond on sampled tp)] | Loss 76.156639 | Likelihood -76.156639 | KL fp 0.0000 | FP STD 0.0000|
KL coef: 0.7124163906331359
Train loss (one batch): 66.01009368896484
Train CE loss (one batch): 0.0
Test MSE: 0.0160
Poisson likelihood: 0.0
CE loss: 0.0
Experiment 7067
Epoch 0135 [Test seq (cond on sampled tp)] | Loss 76.126221 | Likelihood -76.126221 | KL fp 0.0000 | FP STD 0.0000|
KL coef: 0.7152922267268045
Train loss (one batch): 65.98562622070312
Train CE loss (one batch): 0.0
Test MSE: 0.0160
Poisson likelihood: 0.0
CE loss: 0.0
Experiment 7067
Epoch 0136 [Test seq (cond on sampled tp)] | Loss 76.095657 | Likelihood -76.095657 | KL fp 0.0000 | FP STD 0.0000|
KL coef: 0.7181393044595366
Train loss (one batch): 65.96092987060547
Train CE loss (one batch): 0.0
Test MSE: 0.0160
Poisson likelihood: 0.0
CE loss: 0.0
Experiment 7067
Epoch 0137 [Test seq (cond on sampled tp)] | Loss 76.065361 | Likelihood -76.065361 | KL fp 0.0000 | FP STD 0.0000|
KL coef: 0.7209579114149411
Train loss (one batch): 65.93647003173828
Train CE loss (one batch): 0.0
Test MSE: 0.0160
Poisson likelihood: 0.0
CE loss: 0.0
Experiment 7067
Epoch 0138 [Test seq (cond on sampled tp)] | Loss 76.034355 | Likelihood -76.034355 | KL fp 0.0000 | FP STD 0.0000|
KL coef: 0.7237483323007917
Train loss (one batch): 65.91210174560547
Train CE loss (one batch): 0.0
Test MSE: 0.0159
Poisson likelihood: 0.0
CE loss: 0.0
Experiment 7067
Epoch 0139 [Test seq (cond on sampled tp)] | Loss 76.002701 | Likelihood -76.002701 | KL fp 0.0000 | FP STD 0.0000|
KL coef: 0.7265108489777838
Train loss (one batch): 65.887451171875
Train CE loss (one batch): 0.0
Test MSE: 0.0159
Poisson likelihood: 0.0
CE loss: 0.0
Experiment 7067
Epoch 0140 [Test seq (cond on sampled tp)] | Loss 75.971680 | Likelihood -75.971680 | KL fp 0.0000 | FP STD 0.0000|
KL coef: 0.729245740488006
Train loss (one batch): 65.8626937866211
Train CE loss (one batch): 0.0
Test MSE: 0.0159
Poisson likelihood: 0.0
CE loss: 0.0
Experiment 7067
Epoch 0141 [Test seq (cond on sampled tp)] | Loss 75.941628 | Likelihood -75.941628 | KL fp 0.0000 | FP STD 0.0000|
KL coef: 0.7319532830831259
Train loss (one batch): 65.83822631835938
Train CE loss (one batch): 0.0
Test MSE: 0.0159
Poisson likelihood: 0.0
CE loss: 0.0
Experiment 7067
Epoch 0142 [Test seq (cond on sampled tp)] | Loss 75.911217 | Likelihood -75.911217 | KL fp 0.0000 | FP STD 0.0000|
KL coef: 0.7346337502522946
Train loss (one batch): 65.81399536132812
Train CE loss (one batch): 0.0
Test MSE: 0.0159
Poisson likelihood: 0.0
CE loss: 0.0
Experiment 7067
Epoch 0143 [Test seq (cond on sampled tp)] | Loss 75.879234 | Likelihood -75.879234 | KL fp 0.0000 | FP STD 0.0000|
KL coef: 0.7372874127497717
Train loss (one batch): 65.78936767578125
Train CE loss (one batch): 0.0
Test MSE: 0.0159
Poisson likelihood: 0.0
CE loss: 0.0
Experiment 7067
Epoch 0144 [Test seq (cond on sampled tp)] | Loss 75.846558 | Likelihood -75.846558 | KL fp 0.0000 | FP STD 0.0000|
KL coef: 0.739914538622274
Train loss (one batch): 65.76448059082031
Train CE loss (one batch): 0.0
Test MSE: 0.0159
Poisson likelihood: 0.0
CE loss: 0.0
Experiment 7067
Epoch 0145 [Test seq (cond on sampled tp)] | Loss 75.814369 | Likelihood -75.814369 | KL fp 0.0000 | FP STD 0.0000|
KL coef: 0.7425153932360513
Train loss (one batch): 65.7397689819336
Train CE loss (one batch): 0.0
Test MSE: 0.0159
Poisson likelihood: 0.0
CE loss: 0.0
Experiment 7067
Epoch 0146 [Test seq (cond on sampled tp)] | Loss 75.782516 | Likelihood -75.782516 | KL fp 0.0000 | FP STD 0.0000|
KL coef: 0.7450902393036907
Train loss (one batch): 65.71528625488281
Train CE loss (one batch): 0.0
Test MSE: 0.0159
Poisson likelihood: 0.0
CE loss: 0.0
Experiment 7067
Epoch 0147 [Test seq (cond on sampled tp)] | Loss 75.750488 | Likelihood -75.750488 | KL fp 0.0000 | FP STD 0.0000|
KL coef: 0.7476393369106538
Train loss (one batch): 65.69075775146484
Train CE loss (one batch): 0.0
Test MSE: 0.0159
Poisson likelihood: 0.0
CE loss: 0.0
Experiment 7067
Epoch 0148 [Test seq (cond on sampled tp)] | Loss 75.718201 | Likelihood -75.718201 | KL fp 0.0000 | FP STD 0.0000|
KL coef: 0.7501629435415473
Train loss (one batch): 65.66609954833984
Train CE loss (one batch): 0.0
Test MSE: 0.0159
Poisson likelihood: 0.0
CE loss: 0.0
Experiment 7067
Epoch 0149 [Test seq (cond on sampled tp)] | Loss 75.685875 | Likelihood -75.685875 | KL fp 0.0000 | FP STD 0.0000|
KL coef: 0.7526613141061318
Train loss (one batch): 65.64137268066406
Train CE loss (one batch): 0.0
Test MSE: 0.0159
Poisson likelihood: 0.0
CE loss: 0.0
Experiment 7067
Epoch 0150 [Test seq (cond on sampled tp)] | Loss 75.654007 | Likelihood -75.654007 | KL fp 0.0000 | FP STD 0.0000|
KL coef: 0.7551347009650705
Train loss (one batch): 65.61665344238281
Train CE loss (one batch): 0.0
Test MSE: 0.0159
Poisson likelihood: 0.0
CE loss: 0.0
Experiment 7067
Epoch 0151 [Test seq (cond on sampled tp)] | Loss 75.622246 | Likelihood -75.622246 | KL fp 0.0000 | FP STD 0.0000|
KL coef: 0.7575833539554198
Train loss (one batch): 65.59209442138672
Train CE loss (one batch): 0.0
Test MSE: 0.0159
Poisson likelihood: 0.0
CE loss: 0.0
Experiment 7067
Epoch 0152 [Test seq (cond on sampled tp)] | Loss 75.589684 | Likelihood -75.589684 | KL fp 0.0000 | FP STD 0.0000|
KL coef: 0.7600075204158656
Train loss (one batch): 65.5673599243164
Train CE loss (one batch): 0.0
Test MSE: 0.0159
Poisson likelihood: 0.0
CE loss: 0.0
Experiment 7067
Epoch 0153 [Test seq (cond on sampled tp)] | Loss 75.556915 | Likelihood -75.556915 | KL fp 0.0000 | FP STD 0.0000|
KL coef: 0.762407445211707
Train loss (one batch): 65.54237365722656
Train CE loss (one batch): 0.0
Test MSE: 0.0158
Poisson likelihood: 0.0
CE loss: 0.0
Experiment 7067
Epoch 0154 [Test seq (cond on sampled tp)] | Loss 75.524391 | Likelihood -75.524391 | KL fp 0.0000 | FP STD 0.0000|
KL coef: 0.7647833707595899
Train loss (one batch): 65.51744079589844
Train CE loss (one batch): 0.0
Test MSE: 0.0158
Poisson likelihood: 0.0
CE loss: 0.0
Experiment 7067
Epoch 0155 [Test seq (cond on sampled tp)] | Loss 75.491997 | Likelihood -75.491997 | KL fp 0.0000 | FP STD 0.0000|
KL coef: 0.767135537051994
Train loss (one batch): 65.49264526367188
Train CE loss (one batch): 0.0
Test MSE: 0.0158
Poisson likelihood: 0.0
CE loss: 0.0
Experiment 7067
Epoch 0156 [Test seq (cond on sampled tp)] | Loss 75.459122 | Likelihood -75.459122 | KL fp 0.0000 | FP STD 0.0000|
KL coef: 0.769464181681474
Train loss (one batch): 65.46784210205078
Train CE loss (one batch): 0.0
Test MSE: 0.0158
Poisson likelihood: 0.0
CE loss: 0.0
Experiment 7067
Epoch 0157 [Test seq (cond on sampled tp)] | Loss 75.426048 | Likelihood -75.426048 | KL fp 0.0000 | FP STD 0.0000|
KL coef: 0.7717695398646593
Train loss (one batch): 65.4428939819336
Train CE loss (one batch): 0.0
Test MSE: 0.0158
Poisson likelihood: 0.0
CE loss: 0.0
Experiment 7067
Epoch 0158 [Test seq (cond on sampled tp)] | Loss 75.393188 | Likelihood -75.393188 | KL fp 0.0000 | FP STD 0.0000|
KL coef: 0.7740518444660127
Train loss (one batch): 65.4179458618164
Train CE loss (one batch): 0.0
Test MSE: 0.0158
Poisson likelihood: 0.0
CE loss: 0.0
Experiment 7067
Epoch 0159 [Test seq (cond on sampled tp)] | Loss 75.360680 | Likelihood -75.360680 | KL fp 0.0000 | FP STD 0.0000|
KL coef: 0.7763113260213526
Train loss (one batch): 65.39317321777344
Train CE loss (one batch): 0.0
Test MSE: 0.0158
Poisson likelihood: 0.0
CE loss: 0.0
Experiment 7067
Epoch 0160 [Test seq (cond on sampled tp)] | Loss 75.327721 | Likelihood -75.327721 | KL fp 0.0000 | FP STD 0.0000|
KL coef: 0.7785482127611391
Train loss (one batch): 65.36833953857422
Train CE loss (one batch): 0.0
Test MSE: 0.0158
Poisson likelihood: 0.0
CE loss: 0.0
Experiment 7067
Epoch 0161 [Test seq (cond on sampled tp)] | Loss 75.294609 | Likelihood -75.294609 | KL fp 0.0000 | FP STD 0.0000|
KL coef: 0.7807627306335276
Train loss (one batch): 65.34341430664062
Train CE loss (one batch): 0.0
Test MSE: 0.0158
Poisson likelihood: 0.0
CE loss: 0.0
Experiment 7067
Epoch 0162 [Test seq (cond on sampled tp)] | Loss 75.261734 | Likelihood -75.261734 | KL fp 0.0000 | FP STD 0.0000|
KL coef: 0.7829551033271924
Train loss (one batch): 65.31861114501953
Train CE loss (one batch): 0.0
Test MSE: 0.0158
Poisson likelihood: 0.0
CE loss: 0.0
Experiment 7067
Epoch 0163 [Test seq (cond on sampled tp)] | Loss 75.228630 | Likelihood -75.228630 | KL fp 0.0000 | FP STD 0.0000|
KL coef: 0.7851255522939204
Train loss (one batch): 65.29380798339844
Train CE loss (one batch): 0.0
Test MSE: 0.0158
Poisson likelihood: 0.0
CE loss: 0.0
Experiment 7067
Epoch 0164 [Test seq (cond on sampled tp)] | Loss 75.195435 | Likelihood -75.195435 | KL fp 0.0000 | FP STD 0.0000|
KL coef: 0.7872742967709813
Train loss (one batch): 65.26889038085938
Train CE loss (one batch): 0.0
Test MSE: 0.0158
Poisson likelihood: 0.0
CE loss: 0.0
Experiment 7067
Epoch 0165 [Test seq (cond on sampled tp)] | Loss 75.162247 | Likelihood -75.162247 | KL fp 0.0000 | FP STD 0.0000|
KL coef: 0.7894015538032715
Train loss (one batch): 65.24388122558594
Train CE loss (one batch): 0.0
Test MSE: 0.0158
Poisson likelihood: 0.0
CE loss: 0.0
Experiment 7067
Epoch 0166 [Test seq (cond on sampled tp)] | Loss 75.129623 | Likelihood -75.129623 | KL fp 0.0000 | FP STD 0.0000|
KL coef: 0.7915075382652388
Train loss (one batch): 65.21895599365234
Train CE loss (one batch): 0.0
Test MSE: 0.0158
Poisson likelihood: 0.0
CE loss: 0.0
Experiment 7067
Epoch 0167 [Test seq (cond on sampled tp)] | Loss 75.096962 | Likelihood -75.096962 | KL fp 0.0000 | FP STD 0.0000|
KL coef: 0.7935924628825863
Train loss (one batch): 65.19424438476562
Train CE loss (one batch): 0.0
Test MSE: 0.0158
Poisson likelihood: 0.0
CE loss: 0.0
Experiment 7067
Epoch 0168 [Test seq (cond on sampled tp)] | Loss 75.064049 | Likelihood -75.064049 | KL fp 0.0000 | FP STD 0.0000|
KL coef: 0.7956565382537605
Train loss (one batch): 65.16936492919922
Train CE loss (one batch): 0.0
Test MSE: 0.0158
Poisson likelihood: 0.0
CE loss: 0.0
Experiment 7067
Epoch 0169 [Test seq (cond on sampled tp)] | Loss 75.031151 | Likelihood -75.031151 | KL fp 0.0000 | FP STD 0.0000|
KL coef: 0.7976999728712229
Train loss (one batch): 65.14442443847656
Train CE loss (one batch): 0.0
Test MSE: 0.0157
Poisson likelihood: 0.0
CE loss: 0.0
Experiment 7067
Epoch 0170 [Test seq (cond on sampled tp)] | Loss 74.998390 | Likelihood -74.998390 | KL fp 0.0000 | FP STD 0.0000|
KL coef: 0.7997229731425107
Train loss (one batch): 65.11944580078125
Train CE loss (one batch): 0.0
Test MSE: 0.0157
Poisson likelihood: 0.0
CE loss: 0.0
Experiment 7067
Epoch 0171 [Test seq (cond on sampled tp)] | Loss 74.965637 | Likelihood -74.965637 | KL fp 0.0000 | FP STD 0.0000|
KL coef: 0.8017257434110856
Train loss (one batch): 65.09459686279297
Train CE loss (one batch): 0.0
Test MSE: 0.0157
Poisson likelihood: 0.0
CE loss: 0.0
Experiment 7067
Epoch 0172 [Test seq (cond on sampled tp)] | Loss 74.932816 | Likelihood -74.932816 | KL fp 0.0000 | FP STD 0.0000|
KL coef: 0.8037084859769748
Train loss (one batch): 65.06967163085938
Train CE loss (one batch): 0.0
Test MSE: 0.0157
Poisson likelihood: 0.0
CE loss: 0.0
Experiment 7067
Epoch 0173 [Test seq (cond on sampled tp)] | Loss 74.900078 | Likelihood -74.900078 | KL fp 0.0000 | FP STD 0.0000|
KL coef: 0.805671401117205
Train loss (one batch): 65.04469299316406
Train CE loss (one batch): 0.0
Test MSE: 0.0157
Poisson likelihood: 0.0
CE loss: 0.0
Experiment 7067
Epoch 0174 [Test seq (cond on sampled tp)] | Loss 74.867699 | Likelihood -74.867699 | KL fp 0.0000 | FP STD 0.0000|
KL coef: 0.8076146871060329
Train loss (one batch): 65.01982116699219
Train CE loss (one batch): 0.0
Test MSE: 0.0157
Poisson likelihood: 0.0
CE loss: 0.0
Experiment 7067
Epoch 0175 [Test seq (cond on sampled tp)] | Loss 74.835411 | Likelihood -74.835411 | KL fp 0.0000 | FP STD 0.0000|
KL coef: 0.8095385402349726
Train loss (one batch): 64.99519348144531
Train CE loss (one batch): 0.0
Test MSE: 0.0157
Poisson likelihood: 0.0
CE loss: 0.0
Experiment 7067
Epoch 0176 [Test seq (cond on sampled tp)] | Loss 74.802429 | Likelihood -74.802429 | KL fp 0.0000 | FP STD 0.0000|
KL coef: 0.8114431548326229
Train loss (one batch): 64.97053527832031
Train CE loss (one batch): 0.0
Test MSE: 0.0157
Poisson likelihood: 0.0
CE loss: 0.0
Experiment 7067
Epoch 0177 [Test seq (cond on sampled tp)] | Loss 74.769203 | Likelihood -74.769203 | KL fp 0.0000 | FP STD 0.0000|
KL coef: 0.8133287232842966
Train loss (one batch): 64.94558715820312
Train CE loss (one batch): 0.0
Test MSE: 0.0157
Poisson likelihood: 0.0
CE loss: 0.0
Experiment 7067
Epoch 0178 [Test seq (cond on sampled tp)] | Loss 74.737000 | Likelihood -74.737000 | KL fp 0.0000 | FP STD 0.0000|
KL coef: 0.8151954360514537
Train loss (one batch): 64.92080688476562
Train CE loss (one batch): 0.0
Test MSE: 0.0157
Poisson likelihood: 0.0
CE loss: 0.0
Experiment 7067
Epoch 0179 [Test seq (cond on sampled tp)] | Loss 74.705215 | Likelihood -74.705215 | KL fp 0.0000 | FP STD 0.0000|
KL coef: 0.8170434816909391
Train loss (one batch): 64.89630126953125
Train CE loss (one batch): 0.0
Test MSE: 0.0157
Poisson likelihood: 0.0
CE loss: 0.0
Experiment 7067
Epoch 0180 [Test seq (cond on sampled tp)] | Loss 74.673027 | Likelihood -74.673027 | KL fp 0.0000 | FP STD 0.0000|
KL coef: 0.8188730468740297
Train loss (one batch): 64.8717041015625
Train CE loss (one batch): 0.0
Test MSE: 0.0157
Poisson likelihood: 0.0
CE loss: 0.0
Experiment 7067
Epoch 0181 [Test seq (cond on sampled tp)] | Loss 74.640945 | Likelihood -74.640945 | KL fp 0.0000 | FP STD 0.0000|
KL coef: 0.8206843164052895
Train loss (one batch): 64.84696960449219
Train CE loss (one batch): 0.0
Test MSE: 0.0157
Poisson likelihood: 0.0
CE loss: 0.0
Experiment 7067
Epoch 0182 [Test seq (cond on sampled tp)] | Loss 74.609779 | Likelihood -74.609779 | KL fp 0.0000 | FP STD 0.0000|
KL coef: 0.8224774732412365
Train loss (one batch): 64.82254791259766
Train CE loss (one batch): 0.0
Test MSE: 0.0157
Poisson likelihood: 0.0
CE loss: 0.0
Experiment 7067
Epoch 0183 [Test seq (cond on sampled tp)] | Loss 74.578369 | Likelihood -74.578369 | KL fp 0.0000 | FP STD 0.0000|
KL coef: 0.8242526985088242
Train loss (one batch): 64.79830932617188
Train CE loss (one batch): 0.0
Test MSE: 0.0157
Poisson likelihood: 0.0
CE loss: 0.0
Experiment 7067
Epoch 0184 [Test seq (cond on sampled tp)] | Loss 74.546898 | Likelihood -74.546898 | KL fp 0.0000 | FP STD 0.0000|
KL coef: 0.826010171523736
Train loss (one batch): 64.77392578125
Train CE loss (one batch): 0.0
Test MSE: 0.0156
Poisson likelihood: 0.0
CE loss: 0.0
Experiment 7067
Epoch 0185 [Test seq (cond on sampled tp)] | Loss 74.515762 | Likelihood -74.515762 | KL fp 0.0000 | FP STD 0.0000|
KL coef: 0.8277500698084986
Train loss (one batch): 64.7496337890625
Train CE loss (one batch): 0.0
Test MSE: 0.0156
Poisson likelihood: 0.0
CE loss: 0.0
Experiment 7067
Epoch 0186 [Test seq (cond on sampled tp)] | Loss 74.487877 | Likelihood -74.487877 | KL fp 0.0000 | FP STD 0.0000|
KL coef: 0.8294725691104137
Train loss (one batch): 64.72618865966797
Train CE loss (one batch): 0.0
Test MSE: 0.0156
Poisson likelihood: 0.0
CE loss: 0.0
Experiment 7067
Epoch 0187 [Test seq (cond on sampled tp)] | Loss 74.456497 | Likelihood -74.456497 | KL fp 0.0000 | FP STD 0.0000|
KL coef: 0.8311778434193096
Train loss (one batch): 64.70249938964844
Train CE loss (one batch): 0.0
Test MSE: 0.0156
Poisson likelihood: 0.0
CE loss: 0.0
Experiment 7067
Epoch 0188 [Test seq (cond on sampled tp)] | Loss 74.423523 | Likelihood -74.423523 | KL fp 0.0000 | FP STD 0.0000|
KL coef: 0.8328660649851164
Train loss (one batch): 64.67750549316406
Train CE loss (one batch): 0.0
Test MSE: 0.0156
Poisson likelihood: 0.0
CE loss: 0.0
Experiment 7067
Epoch 0189 [Test seq (cond on sampled tp)] | Loss 74.393944 | Likelihood -74.393944 | KL fp 0.0000 | FP STD 0.0000|
KL coef: 0.8345374043352652
Train loss (one batch): 64.65333557128906
Train CE loss (one batch): 0.0
Test MSE: 0.0156
Poisson likelihood: 0.0
CE loss: 0.0
Experiment 7067
Epoch 0190 [Test seq (cond on sampled tp)] | Loss 74.365288 | Likelihood -74.365288 | KL fp 0.0000 | FP STD 0.0000|
KL coef: 0.8361920302919126
Train loss (one batch): 64.63041687011719
Train CE loss (one batch): 0.0
Test MSE: 0.0156
Poisson likelihood: 0.0
CE loss: 0.0
Experiment 7067
Epoch 0191 [Test seq (cond on sampled tp)] | Loss 74.334084 | Likelihood -74.334084 | KL fp 0.0000 | FP STD 0.0000|
KL coef: 0.8378301099889934
Train loss (one batch): 64.60692596435547
Train CE loss (one batch): 0.0
Test MSE: 0.0156
Poisson likelihood: 0.0
CE loss: 0.0
Experiment 7067
Epoch 0192 [Test seq (cond on sampled tp)] | Loss 74.304001 | Likelihood -74.304001 | KL fp 0.0000 | FP STD 0.0000|
KL coef: 0.8394518088891035
Train loss (one batch): 64.58255004882812
Train CE loss (one batch): 0.0
Test MSE: 0.0156
Poisson likelihood: 0.0
CE loss: 0.0
Experiment 7067
Epoch 0193 [Test seq (cond on sampled tp)] | Loss 74.273735 | Likelihood -74.273735 | KL fp 0.0000 | FP STD 0.0000|
KL coef: 0.8410572908002125
Train loss (one batch): 64.5584945678711
Train CE loss (one batch): 0.0
Test MSE: 0.0156
Poisson likelihood: 0.0
CE loss: 0.0
Experiment 7067
Epoch 0194 [Test seq (cond on sampled tp)] | Loss 74.246300 | Likelihood -74.246300 | KL fp 0.0000 | FP STD 0.0000|
KL coef: 0.8426467178922104
Train loss (one batch): 64.5350570678711
Train CE loss (one batch): 0.0
Test MSE: 0.0156
Poisson likelihood: 0.0
CE loss: 0.0
Experiment 7067
Epoch 0195 [Test seq (cond on sampled tp)] | Loss 74.218033 | Likelihood -74.218033 | KL fp 0.0000 | FP STD 0.0000|
KL coef: 0.8442202507132883
Train loss (one batch): 64.51235961914062
Train CE loss (one batch): 0.0
Test MSE: 0.0156
Poisson likelihood: 0.0
CE loss: 0.0
Experiment 7067
Epoch 0196 [Test seq (cond on sampled tp)] | Loss 74.187477 | Likelihood -74.187477 | KL fp 0.0000 | FP STD 0.0000|
KL coef: 0.8457780482061554
Train loss (one batch): 64.4887466430664
Train CE loss (one batch): 0.0
Test MSE: 0.0156
Poisson likelihood: 0.0
CE loss: 0.0
Experiment 7067
Epoch 0197 [Test seq (cond on sampled tp)] | Loss 74.155724 | Likelihood -74.155724 | KL fp 0.0000 | FP STD 0.0000|
KL coef: 0.8473202677240939
Train loss (one batch): 64.46468353271484
Train CE loss (one batch): 0.0
Test MSE: 0.0156
Poisson likelihood: 0.0
CE loss: 0.0
Experiment 7067
Epoch 0198 [Test seq (cond on sampled tp)] | Loss 74.129410 | Likelihood -74.129410 | KL fp 0.0000 | FP STD 0.0000|
KL coef: 0.8488470650468529
Train loss (one batch): 64.44175720214844
Train CE loss (one batch): 0.0
Test MSE: 0.0156
Poisson likelihood: 0.0
CE loss: 0.0
Experiment 7067
Epoch 0199 [Test seq (cond on sampled tp)] | Loss 74.098007 | Likelihood -74.098007 | KL fp 0.0000 | FP STD 0.0000|
KL coef: 0.8503585943963844
Train loss (one batch): 64.41947174072266
Train CE loss (one batch): 0.0
Test MSE: 0.0156
Poisson likelihood: 0.0
CE loss: 0.0
Experiment 7067
Epoch 0200 [Test seq (cond on sampled tp)] | Loss 74.061913 | Likelihood -74.061913 | KL fp 0.0000 | FP STD 0.0000|
KL coef: 0.8518550084524206
Train loss (one batch): 64.3956069946289
Train CE loss (one batch): 0.0
Test MSE: 0.0155
Poisson likelihood: 0.0
CE loss: 0.0
Experiment 7067
Epoch 0201 [Test seq (cond on sampled tp)] | Loss 74.031616 | Likelihood -74.031616 | KL fp 0.0000 | FP STD 0.0000|
KL coef: 0.8533364583678963
Train loss (one batch): 64.37066650390625
Train CE loss (one batch): 0.0
Test MSE: 0.0155
Poisson likelihood: 0.0
CE loss: 0.0
Experiment 7067
Epoch 0202 [Test seq (cond on sampled tp)] | Loss 74.007523 | Likelihood -74.007523 | KL fp 0.0000 | FP STD 0.0000|
KL coef: 0.8548030937842174
Train loss (one batch): 64.35038757324219
Train CE loss (one batch): 0.0
Test MSE: 0.0155
Poisson likelihood: 0.0
CE loss: 0.0
Experiment 7067
Epoch 0203 [Test seq (cond on sampled tp)] | Loss 73.976105 | Likelihood -73.976105 | KL fp 0.0000 | FP STD 0.0000|
KL coef: 0.8562550628463752
Train loss (one batch): 64.32759857177734
Train CE loss (one batch): 0.0
Test MSE: 0.0155
Poisson likelihood: 0.0
CE loss: 0.0
Experiment 7067
Epoch 0204 [Test seq (cond on sampled tp)] | Loss 73.948906 | Likelihood -73.948906 | KL fp 0.0000 | FP STD 0.0000|
KL coef: 0.8576925122179114
Train loss (one batch): 64.30436706542969
Train CE loss (one batch): 0.0
Test MSE: 0.0155
Poisson likelihood: 0.0
CE loss: 0.0
Experiment 7067
Epoch 0205 [Test seq (cond on sampled tp)] | Loss 73.918617 | Likelihood -73.918617 | KL fp 0.0000 | FP STD 0.0000|
KL coef: 0.8591155870957323
Train loss (one batch): 64.28228759765625
Train CE loss (one batch): 0.0
Test MSE: 0.0155
Poisson likelihood: 0.0
CE loss: 0.0
Experiment 7067
Epoch 0206 [Test seq (cond on sampled tp)] | Loss 73.894173 | Likelihood -73.894173 | KL fp 0.0000 | FP STD 0.0000|
KL coef: 0.8605244312247751
Train loss (one batch): 64.25918579101562
Train CE loss (one batch): 0.0
Test MSE: 0.0155
Poisson likelihood: 0.0
CE loss: 0.0
Experiment 7067
Epoch 0207 [Test seq (cond on sampled tp)] | Loss 73.865265 | Likelihood -73.865265 | KL fp 0.0000 | FP STD 0.0000|
KL coef: 0.8619191869125272
Train loss (one batch): 64.23799133300781
Train CE loss (one batch): 0.0
Test MSE: 0.0155
Poisson likelihood: 0.0
CE loss: 0.0
Experiment 7067
Epoch 0208 [Test seq (cond on sampled tp)] | Loss 73.835831 | Likelihood -73.835831 | KL fp 0.0000 | FP STD 0.0000|
KL coef: 0.8632999950434019
Train loss (one batch): 64.21577453613281
Train CE loss (one batch): 0.0
Test MSE: 0.0155
Poisson likelihood: 0.0
CE loss: 0.0
Experiment 7067
Epoch 0209 [Test seq (cond on sampled tp)] | Loss 73.809792 | Likelihood -73.809792 | KL fp 0.0000 | FP STD 0.0000|
KL coef: 0.864666995092968
Train loss (one batch): 64.19131469726562
Train CE loss (one batch): 0.0
Test MSE: 0.0155
Poisson likelihood: 0.0
CE loss: 0.0
Experiment 7067
Epoch 0210 [Test seq (cond on sampled tp)] | Loss 73.781845 | Likelihood -73.781845 | KL fp 0.0000 | FP STD 0.0000|
KL coef: 0.8660203251420383
Train loss (one batch): 64.17117309570312
Train CE loss (one batch): 0.0
Test MSE: 0.0155
Poisson likelihood: 0.0
CE loss: 0.0
Experiment 7067
Epoch 0211 [Test seq (cond on sampled tp)] | Loss 73.762772 | Likelihood -73.762772 | KL fp 0.0000 | FP STD 0.0000|
KL coef: 0.867360121890618
Train loss (one batch): 64.1523208618164
Train CE loss (one batch): 0.0
Test MSE: 0.0155
Poisson likelihood: 0.0
CE loss: 0.0
Experiment 7067
Epoch 0212 [Test seq (cond on sampled tp)] | Loss 73.733513 | Likelihood -73.733513 | KL fp 0.0000 | FP STD 0.0000|
KL coef: 0.8686865206717117
Train loss (one batch): 64.1294174194336
Train CE loss (one batch): 0.0
Test MSE: 0.0155
Poisson likelihood: 0.0
CE loss: 0.0
Experiment 7067
Epoch 0213 [Test seq (cond on sampled tp)] | Loss 73.703911 | Likelihood -73.703911 | KL fp 0.0000 | FP STD 0.0000|
KL coef: 0.8699996554649946
Train loss (one batch): 64.11076354980469
Train CE loss (one batch): 0.0
Test MSE: 0.0155
Poisson likelihood: 0.0
CE loss: 0.0
Experiment 7067
Epoch 0214 [Test seq (cond on sampled tp)] | Loss 73.684349 | Likelihood -73.684349 | KL fp 0.0000 | FP STD 0.0000|
KL coef: 0.8712996589103447
Train loss (one batch): 64.09149932861328
Train CE loss (one batch): 0.0
Test MSE: 0.0155
Poisson likelihood: 0.0
CE loss: 0.0
Experiment 7067
Epoch 0215 [Test seq (cond on sampled tp)] | Loss 73.656273 | Likelihood -73.656273 | KL fp 0.0000 | FP STD 0.0000|
KL coef: 0.8725866623212413
Train loss (one batch): 64.06843566894531
Train CE loss (one batch): 0.0
Test MSE: 0.0155
Poisson likelihood: 0.0
CE loss: 0.0
Experiment 7067
Epoch 0216 [Test seq (cond on sampled tp)] | Loss 73.629700 | Likelihood -73.629700 | KL fp 0.0000 | FP STD 0.0000|
KL coef: 0.8738607956980289
Train loss (one batch): 64.0517578125
Train CE loss (one batch): 0.0
Test MSE: 0.0155
Poisson likelihood: 0.0
CE loss: 0.0
Experiment 7067
Epoch 0217 [Test seq (cond on sampled tp)] | Loss 73.607155 | Likelihood -73.607155 | KL fp 0.0000 | FP STD 0.0000|
KL coef: 0.8751221877410486
Train loss (one batch): 64.03514862060547
Train CE loss (one batch): 0.0
Test MSE: 0.0155
Poisson likelihood: 0.0
CE loss: 0.0
Experiment 7067
Epoch 0218 [Test seq (cond on sampled tp)] | Loss 73.580742 | Likelihood -73.580742 | KL fp 0.0000 | FP STD 0.0000|
KL coef: 0.876370965863638
Train loss (one batch): 64.00715637207031
Train CE loss (one batch): 0.0
Test MSE: 0.0155
Poisson likelihood: 0.0
CE loss: 0.0
Experiment 7067
Epoch 0219 [Test seq (cond on sampled tp)] | Loss 73.554436 | Likelihood -73.554436 | KL fp 0.0000 | FP STD 0.0000|
KL coef: 0.8776072562050017
Train loss (one batch): 63.98846435546875
Train CE loss (one batch): 0.0
Test MSE: 0.0154
Poisson likelihood: 0.0
CE loss: 0.0
Experiment 7067
Epoch 0220 [Test seq (cond on sampled tp)] | Loss 73.535240 | Likelihood -73.535240 | KL fp 0.0000 | FP STD 0.0000|
KL coef: 0.8788311836429517
Train loss (one batch): 63.981990814208984
Train CE loss (one batch): 0.0
Test MSE: 0.0154
Poisson likelihood: 0.0
CE loss: 0.0
Experiment 7067
Epoch 0221 [Test seq (cond on sampled tp)] | Loss 73.509720 | Likelihood -73.509720 | KL fp 0.0000 | FP STD 0.0000|
KL coef: 0.8800428718065221
Train loss (one batch): 63.9549674987793
Train CE loss (one batch): 0.0
Test MSE: 0.0154
Poisson likelihood: 0.0
CE loss: 0.0
Experiment 7067
Epoch 0222 [Test seq (cond on sampled tp)] | Loss 73.483391 | Likelihood -73.483391 | KL fp 0.0000 | FP STD 0.0000|
KL coef: 0.8812424430884569
Train loss (one batch): 63.923851013183594
Train CE loss (one batch): 0.0
Test MSE: 0.0154
Poisson likelihood: 0.0
CE loss: 0.0
Experiment 7067
Epoch 0223 [Test seq (cond on sampled tp)] | Loss 73.466896 | Likelihood -73.466896 | KL fp 0.0000 | FP STD 0.0000|
KL coef: 0.8824300186575723
Train loss (one batch): 63.91823959350586
Train CE loss (one batch): 0.0
Test MSE: 0.0154
Poisson likelihood: 0.0
CE loss: 0.0
Experiment 7067
Epoch 0224 [Test seq (cond on sampled tp)] | Loss 73.442139 | Likelihood -73.442139 | KL fp 0.0000 | FP STD 0.0000|
KL coef: 0.8836057184709967
Train loss (one batch): 63.91543197631836
Train CE loss (one batch): 0.0
Test MSE: 0.0154
Poisson likelihood: 0.0
CE loss: 0.0
Experiment 7067
Epoch 0225 [Test seq (cond on sampled tp)] | Loss 73.421432 | Likelihood -73.421432 | KL fp 0.0000 | FP STD 0.0000|
KL coef: 0.8847696612862866
Train loss (one batch): 63.86745834350586
Train CE loss (one batch): 0.0
Test MSE: 0.0154
Poisson likelihood: 0.0
CE loss: 0.0
Experiment 7067
Epoch 0226 [Test seq (cond on sampled tp)] | Loss 73.397102 | Likelihood -73.397102 | KL fp 0.0000 | FP STD 0.0000|
KL coef: 0.8859219646734238
Train loss (one batch): 63.836360931396484
Train CE loss (one batch): 0.0
Test MSE: 0.0154
Poisson likelihood: 0.0
CE loss: 0.0
Experiment 7067
Epoch 0227 [Test seq (cond on sampled tp)] | Loss 73.386513 | Likelihood -73.386513 | KL fp 0.0000 | FP STD 0.0000|
KL coef: 0.8870627450266896
Train loss (one batch): 63.84341812133789
Train CE loss (one batch): 0.0
Test MSE: 0.0154
Poisson likelihood: 0.0
CE loss: 0.0
Experiment 7067
Epoch 0228 [Test seq (cond on sampled tp)] | Loss 73.361443 | Likelihood -73.361443 | KL fp 0.0000 | FP STD 0.0000|
KL coef: 0.8881921175764227
Train loss (one batch): 63.85089874267578
Train CE loss (one batch): 0.0
Test MSE: 0.0154
Poisson likelihood: 0.0
CE loss: 0.0
Experiment 7067
Epoch 0229 [Test seq (cond on sampled tp)] | Loss 73.343224 | Likelihood -73.343224 | KL fp 0.0000 | FP STD 0.0000|
KL coef: 0.8893101964006584
Train loss (one batch): 63.785865783691406
Train CE loss (one batch): 0.0
Test MSE: 0.0154
Poisson likelihood: 0.0
CE loss: 0.0
Experiment 7067
Epoch 0230 [Test seq (cond on sampled tp)] | Loss 73.309280 | Likelihood -73.309280 | KL fp 0.0000 | FP STD 0.0000|
KL coef: 0.8904170944366518
Train loss (one batch): 63.74869155883789
Train CE loss (one batch): 0.0
Test MSE: 0.0154
Poisson likelihood: 0.0
CE loss: 0.0
Experiment 7067
Epoch 0231 [Test seq (cond on sampled tp)] | Loss 73.304092 | Likelihood -73.304092 | KL fp 0.0000 | FP STD 0.0000|
KL coef: 0.8915129234922854
Train loss (one batch): 63.761478424072266
Train CE loss (one batch): 0.0
Test MSE: 0.0154
Poisson likelihood: 0.0
CE loss: 0.0
Experiment 7067
Epoch 0232 [Test seq (cond on sampled tp)] | Loss 73.291275 | Likelihood -73.291275 | KL fp 0.0000 | FP STD 0.0000|
KL coef: 0.8925977942573625
Train loss (one batch): 63.79228210449219
Train CE loss (one batch): 0.0
Test MSE: 0.0154
Poisson likelihood: 0.0
CE loss: 0.0
Experiment 7067
Epoch 0233 [Test seq (cond on sampled tp)] | Loss 73.256752 | Likelihood -73.256752 | KL fp 0.0000 | FP STD 0.0000|
KL coef: 0.8936718163147889
Train loss (one batch): 63.717796325683594
Train CE loss (one batch): 0.0
Test MSE: 0.0154
Poisson likelihood: 0.0
CE loss: 0.0
Experiment 7067
Epoch 0234 [Test seq (cond on sampled tp)] | Loss 73.225121 | Likelihood -73.225121 | KL fp 0.0000 | FP STD 0.0000|
KL coef: 0.894735098151641
Train loss (one batch): 63.66727066040039
Train CE loss (one batch): 0.0
Test MSE: 0.0154
Poisson likelihood: 0.0
CE loss: 0.0
Experiment 7067
Epoch 0235 [Test seq (cond on sampled tp)] | Loss 73.215050 | Likelihood -73.215050 | KL fp 0.0000 | FP STD 0.0000|
KL coef: 0.8957877471701245
Train loss (one batch): 63.673301696777344
Train CE loss (one batch): 0.0
Test MSE: 0.0154
Poisson likelihood: 0.0
CE loss: 0.0
Experiment 7067
Epoch 0236 [Test seq (cond on sampled tp)] | Loss 73.221268 | Likelihood -73.221268 | KL fp 0.0000 | FP STD 0.0000|
KL coef: 0.8968298696984233
Train loss (one batch): 63.730430603027344
Train CE loss (one batch): 0.0
Test MSE: 0.0154
Poisson likelihood: 0.0
CE loss: 0.0
Experiment 7067
Epoch 0237 [Test seq (cond on sampled tp)] | Loss 73.164597 | Likelihood -73.164597 | KL fp 0.0000 | FP STD 0.0000|
KL coef: 0.897861571001439
Train loss (one batch): 63.66618347167969
Train CE loss (one batch): 0.0
Test MSE: 0.0154
Poisson likelihood: 0.0
CE loss: 0.0
Experiment 7067
Epoch 0238 [Test seq (cond on sampled tp)] | Loss 73.153893 | Likelihood -73.153893 | KL fp 0.0000 | FP STD 0.0000|
KL coef: 0.8988829552914247
Train loss (one batch): 63.59511947631836
Train CE loss (one batch): 0.0
Test MSE: 0.0154
Poisson likelihood: 0.0
CE loss: 0.0
Experiment 7067
Epoch 0239 [Test seq (cond on sampled tp)] | Loss 73.127922 | Likelihood -73.127922 | KL fp 0.0000 | FP STD 0.0000|
KL coef: 0.8998941257385105
Train loss (one batch): 63.58613586425781
Train CE loss (one batch): 0.0
Test MSE: 0.0154
Poisson likelihood: 0.0
CE loss: 0.0
Experiment 7067
Epoch 0240 [Test seq (cond on sampled tp)] | Loss 73.154861 | Likelihood -73.154861 | KL fp 0.0000 | FP STD 0.0000|
KL coef: 0.9008951844811254
Train loss (one batch): 63.6439094543457
Train CE loss (one batch): 0.0
Test MSE: 0.0154
Poisson likelihood: 0.0
CE loss: 0.0
Experiment 7067
Epoch 0241 [Test seq (cond on sampled tp)] | Loss 73.088066 | Likelihood -73.088066 | KL fp 0.0000 | FP STD 0.0000|
KL coef: 0.9018862326363141
Train loss (one batch): 63.627567291259766
Train CE loss (one batch): 0.0
Test MSE: 0.0154
Poisson likelihood: 0.0
CE loss: 0.0
Experiment 7067
Epoch 0242 [Test seq (cond on sampled tp)] | Loss 73.090881 | Likelihood -73.090881 | KL fp 0.0000 | FP STD 0.0000|
KL coef: 0.902867370309951
Train loss (one batch): 63.524757385253906
Train CE loss (one batch): 0.0
Test MSE: 0.0154
Poisson likelihood: 0.0
CE loss: 0.0
Experiment 7067
Epoch 0243 [Test seq (cond on sampled tp)] | Loss 73.038582 | Likelihood -73.038582 | KL fp 0.0000 | FP STD 0.0000|
KL coef: 0.9038386966068515
Train loss (one batch): 63.50020980834961
Train CE loss (one batch): 0.0
Test MSE: 0.0153
Poisson likelihood: 0.0
CE loss: 0.0
Experiment 7067
Epoch 0244 [Test seq (cond on sampled tp)] | Loss 73.062912 | Likelihood -73.062912 | KL fp 0.0000 | FP STD 0.0000|
KL coef: 0.904800309640783
Train loss (one batch): 63.540157318115234
Train CE loss (one batch): 0.0
Test MSE: 0.0153
Poisson likelihood: 0.0
CE loss: 0.0
Experiment 7067
Epoch 0245 [Test seq (cond on sampled tp)] | Loss 73.031433 | Likelihood -73.031433 | KL fp 0.0000 | FP STD 0.0000|
KL coef: 0.9057523065443751
Train loss (one batch): 63.57624053955078
Train CE loss (one batch): 0.0
Test MSE: 0.0153
Poisson likelihood: 0.0
CE loss: 0.0
Experiment 7067
Epoch 0246 [Test seq (cond on sampled tp)] | Loss 72.991875 | Likelihood -72.991875 | KL fp 0.0000 | FP STD 0.0000|
KL coef: 0.9066947834789314
Train loss (one batch): 63.487674713134766
Train CE loss (one batch): 0.0
Test MSE: 0.0153
Poisson likelihood: 0.0
CE loss: 0.0
Experiment 7067
Epoch 0247 [Test seq (cond on sampled tp)] | Loss 72.967468 | Likelihood -72.967468 | KL fp 0.0000 | FP STD 0.0000|
KL coef: 0.9076278356441421
Train loss (one batch): 63.43447494506836
Train CE loss (one batch): 0.0
Test MSE: 0.0153
Poisson likelihood: 0.0
CE loss: 0.0
Experiment 7067
Epoch 0248 [Test seq (cond on sampled tp)] | Loss 72.963234 | Likelihood -72.963234 | KL fp 0.0000 | FP STD 0.0000|
KL coef: 0.9085515572877007
Train loss (one batch): 63.437686920166016
Train CE loss (one batch): 0.0
Test MSE: 0.0153
Poisson likelihood: 0.0
CE loss: 0.0
Experiment 7067
Epoch 0249 [Test seq (cond on sampled tp)] | Loss 73.007988 | Likelihood -73.007988 | KL fp 0.0000 | FP STD 0.0000|
KL coef: 0.9094660417148236
Train loss (one batch): 63.51418685913086
Train CE loss (one batch): 0.0
Test MSE: 0.0153
Poisson likelihood: 0.0
CE loss: 0.0
Experiment 7067
Epoch 0250 [Test seq (cond on sampled tp)] | Loss 72.917351 | Likelihood -72.917351 | KL fp 0.0000 | FP STD 0.0000|
KL coef: 0.9103713812976754
Train loss (one batch): 63.464256286621094
Train CE loss (one batch): 0.0
Test MSE: 0.0153
Poisson likelihood: 0.0
CE loss: 0.0
Experiment 7067
Epoch 0251 [Test seq (cond on sampled tp)] | Loss 72.927330 | Likelihood -72.927330 | KL fp 0.0000 | FP STD 0.0000|
KL coef: 0.9112676674846987
Train loss (one batch): 63.36109924316406
Train CE loss (one batch): 0.0
Test MSE: 0.0153
Poisson likelihood: 0.0
CE loss: 0.0
Experiment 7067
Epoch 0252 [Test seq (cond on sampled tp)] | Loss 72.872459 | Likelihood -72.872459 | KL fp 0.0000 | FP STD 0.0000|
KL coef: 0.9121549908098516
Train loss (one batch): 63.34000015258789
Train CE loss (one batch): 0.0
Test MSE: 0.0153
Poisson likelihood: 0.0
CE loss: 0.0
Experiment 7067
Epoch 0253 [Test seq (cond on sampled tp)] | Loss 72.927124 | Likelihood -72.927124 | KL fp 0.0000 | FP STD 0.0000|
KL coef: 0.9130334409017531
Train loss (one batch): 63.39845275878906
Train CE loss (one batch): 0.0
Test MSE: 0.0153
Poisson likelihood: 0.0
CE loss: 0.0
Experiment 7067
Epoch 0254 [Test seq (cond on sampled tp)] | Loss 72.878654 | Likelihood -72.878654 | KL fp 0.0000 | FP STD 0.0000|
KL coef: 0.9139031064927357
Train loss (one batch): 63.444095611572266
Train CE loss (one batch): 0.0
Test MSE: 0.0153
Poisson likelihood: 0.0
CE loss: 0.0
Experiment 7067
Epoch 0255 [Test seq (cond on sampled tp)] | Loss 72.822968 | Likelihood -72.822968 | KL fp 0.0000 | FP STD 0.0000|
KL coef: 0.9147640754278082
Train loss (one batch): 63.33341979980469
Train CE loss (one batch): 0.0
Test MSE: 0.0153
Poisson likelihood: 0.0
CE loss: 0.0
Experiment 7067
Epoch 0256 [Test seq (cond on sampled tp)] | Loss 72.804039 | Likelihood -72.804039 | KL fp 0.0000 | FP STD 0.0000|
KL coef: 0.9156164346735302
Train loss (one batch): 63.27794647216797
Train CE loss (one batch): 0.0
Test MSE: 0.0153
Poisson likelihood: 0.0
CE loss: 0.0
Experiment 7067
Epoch 0257 [Test seq (cond on sampled tp)] | Loss 72.804199 | Likelihood -72.804199 | KL fp 0.0000 | FP STD 0.0000|
KL coef: 0.9164602703267949
Train loss (one batch): 63.28212356567383
Train CE loss (one batch): 0.0
Test MSE: 0.0153
Poisson likelihood: 0.0
CE loss: 0.0
Experiment 7067
Epoch 0258 [Test seq (cond on sampled tp)] | Loss 72.875999 | Likelihood -72.875999 | KL fp 0.0000 | FP STD 0.0000|
KL coef: 0.9172956676235269
Train loss (one batch): 63.37178039550781
Train CE loss (one batch): 0.0
Test MSE: 0.0153
Poisson likelihood: 0.0
CE loss: 0.0
Experiment 7067
Epoch 0259 [Test seq (cond on sampled tp)] | Loss 72.760841 | Likelihood -72.760841 | KL fp 0.0000 | FP STD 0.0000|
KL coef: 0.9181227109472916
Train loss (one batch): 63.34553909301758
Train CE loss (one batch): 0.0
Test MSE: 0.0153
Poisson likelihood: 0.0
CE loss: 0.0
Experiment 7067
Epoch 0260 [Test seq (cond on sampled tp)] | Loss 72.764465 | Likelihood -72.764465 | KL fp 0.0000 | FP STD 0.0000|
KL coef: 0.9189414838378187
Train loss (one batch): 63.21078872680664
Train CE loss (one batch): 0.0
Test MSE: 0.0153
Poisson likelihood: 0.0
CE loss: 0.0
Experiment 7067
Epoch 0261 [Test seq (cond on sampled tp)] | Loss 72.719620 | Likelihood -72.719620 | KL fp 0.0000 | FP STD 0.0000|
KL coef: 0.9197520689994405
Train loss (one batch): 63.18936538696289
Train CE loss (one batch): 0.0
Test MSE: 0.0153
Poisson likelihood: 0.0
CE loss: 0.0
Experiment 7067
Epoch 0262 [Test seq (cond on sampled tp)] | Loss 72.755959 | Likelihood -72.755959 | KL fp 0.0000 | FP STD 0.0000|
KL coef: 0.9205545483094462
Train loss (one batch): 63.22602081298828
Train CE loss (one batch): 0.0
Test MSE: 0.0153
Poisson likelihood: 0.0
CE loss: 0.0
Experiment 7067
Epoch 0263 [Test seq (cond on sampled tp)] | Loss 72.721375 | Likelihood -72.721375 | KL fp 0.0000 | FP STD 0.0000|
KL coef: 0.9213490028263517
Train loss (one batch): 63.29274368286133
Train CE loss (one batch): 0.0
Test MSE: 0.0153
Poisson likelihood: 0.0
CE loss: 0.0
Experiment 7067
Epoch 0264 [Test seq (cond on sampled tp)] | Loss 72.657761 | Likelihood -72.657761 | KL fp 0.0000 | FP STD 0.0000|
KL coef: 0.9221355127980881
Train loss (one batch): 63.18425750732422
Train CE loss (one batch): 0.0
Test MSE: 0.0153
Poisson likelihood: 0.0
CE loss: 0.0
Experiment 7067
Epoch 0265 [Test seq (cond on sampled tp)] | Loss 72.651917 | Likelihood -72.651917 | KL fp 0.0000 | FP STD 0.0000|
KL coef: 0.9229141576701073
Train loss (one batch): 63.12532043457031
Train CE loss (one batch): 0.0
Test MSE: 0.0153
Poisson likelihood: 0.0
CE loss: 0.0
Experiment 7067
Epoch 0266 [Test seq (cond on sampled tp)] | Loss 72.652725 | Likelihood -72.652725 | KL fp 0.0000 | FP STD 0.0000|
KL coef: 0.9236850160934063
Train loss (one batch): 63.130855560302734
Train CE loss (one batch): 0.0
Test MSE: 0.0153
Poisson likelihood: 0.0
CE loss: 0.0
Experiment 7067
Epoch 0267 [Test seq (cond on sampled tp)] | Loss 72.688591 | Likelihood -72.688591 | KL fp 0.0000 | FP STD 0.0000|
KL coef: 0.9244481659324721
Train loss (one batch): 63.20330047607422
Train CE loss (one batch): 0.0
Test MSE: 0.0153
Poisson likelihood: 0.0
CE loss: 0.0
Experiment 7067
Epoch 0268 [Test seq (cond on sampled tp)] | Loss 72.620049 | Likelihood -72.620049 | KL fp 0.0000 | FP STD 0.0000|
KL coef: 0.9252036842731475
Train loss (one batch): 63.1989631652832
Train CE loss (one batch): 0.0
Test MSE: 0.0153
Poisson likelihood: 0.0
CE loss: 0.0
Experiment 7067
Epoch 0269 [Test seq (cond on sampled tp)] | Loss 72.589027 | Likelihood -72.589027 | KL fp 0.0000 | FP STD 0.0000|
KL coef: 0.9259516474304159
Train loss (one batch): 63.10010528564453
Train CE loss (one batch): 0.0
Test MSE: 0.0153
Poisson likelihood: 0.0
CE loss: 0.0
Experiment 7067
Epoch 0270 [Test seq (cond on sampled tp)] | Loss 72.569145 | Likelihood -72.569145 | KL fp 0.0000 | FP STD 0.0000|
KL coef: 0.9266921309561118
Train loss (one batch): 63.062129974365234
Train CE loss (one batch): 0.0
Test MSE: 0.0153
Poisson likelihood: 0.0
CE loss: 0.0
Experiment 7067
Epoch 0271 [Test seq (cond on sampled tp)] | Loss 72.582329 | Likelihood -72.582329 | KL fp 0.0000 | FP STD 0.0000|
KL coef: 0.9274252096465507
Train loss (one batch): 63.081878662109375
Train CE loss (one batch): 0.0
Test MSE: 0.0153
Poisson likelihood: 0.0
CE loss: 0.0
Experiment 7067
Epoch 0272 [Test seq (cond on sampled tp)] | Loss 72.602112 | Likelihood -72.602112 | KL fp 0.0000 | FP STD 0.0000|
KL coef: 0.9281509575500851
Train loss (one batch): 63.14436721801758
Train CE loss (one batch): 0.0
Test MSE: 0.0153
Poisson likelihood: 0.0
CE loss: 0.0
Experiment 7067
Epoch 0273 [Test seq (cond on sampled tp)] | Loss 72.536430 | Likelihood -72.536430 | KL fp 0.0000 | FP STD 0.0000|
KL coef: 0.9288694479745843
Train loss (one batch): 63.10749816894531
Train CE loss (one batch): 0.0
Test MSE: 0.0152
Poisson likelihood: 0.0
CE loss: 0.0
Experiment 7067
Epoch 0274 [Test seq (cond on sampled tp)] | Loss 72.498772 | Likelihood -72.498772 | KL fp 0.0000 | FP STD 0.0000|
KL coef: 0.9295807534948385
Train loss (one batch): 63.02858352661133
Train CE loss (one batch): 0.0
Test MSE: 0.0152
Poisson likelihood: 0.0
CE loss: 0.0
Experiment 7067
Epoch 0275 [Test seq (cond on sampled tp)] | Loss 72.495216 | Likelihood -72.495216 | KL fp 0.0000 | FP STD 0.0000|
KL coef: 0.9302849459598901
Train loss (one batch): 63.0050163269043
Train CE loss (one batch): 0.0
Test MSE: 0.0152
Poisson likelihood: 0.0
CE loss: 0.0
Experiment 7067
Epoch 0276 [Test seq (cond on sampled tp)] | Loss 72.511604 | Likelihood -72.511604 | KL fp 0.0000 | FP STD 0.0000|
KL coef: 0.9309820965002912
Train loss (one batch): 63.027591705322266
Train CE loss (one batch): 0.0
Test MSE: 0.0152
Poisson likelihood: 0.0
CE loss: 0.0
Experiment 7067
Epoch 0277 [Test seq (cond on sampled tp)] | Loss 72.513573 | Likelihood -72.513573 | KL fp 0.0000 | FP STD 0.0000|
KL coef: 0.9316722755352883
Train loss (one batch): 63.06135559082031
Train CE loss (one batch): 0.0
Test MSE: 0.0152
Poisson likelihood: 0.0
CE loss: 0.0
Experiment 7067
Epoch 0278 [Test seq (cond on sampled tp)] | Loss 72.474113 | Likelihood -72.474113 | KL fp 0.0000 | FP STD 0.0000|
KL coef: 0.9323555527799354
Train loss (one batch): 63.039405822753906
Train CE loss (one batch): 0.0
Test MSE: 0.0152
Poisson likelihood: 0.0
CE loss: 0.0
Experiment 7067
Epoch 0279 [Test seq (cond on sampled tp)] | Loss 72.436516 | Likelihood -72.436516 | KL fp 0.0000 | FP STD 0.0000|
KL coef: 0.933031997252136
Train loss (one batch): 62.98269271850586
Train CE loss (one batch): 0.0
Test MSE: 0.0152
Poisson likelihood: 0.0
CE loss: 0.0
Experiment 7067
Epoch 0280 [Test seq (cond on sampled tp)] | Loss 72.413574 | Likelihood -72.413574 | KL fp 0.0000 | FP STD 0.0000|
KL coef: 0.9337016772796147
Train loss (one batch): 62.943504333496094
Train CE loss (one batch): 0.0
Test MSE: 0.0152
Poisson likelihood: 0.0
CE loss: 0.0
Experiment 7067
Epoch 0281 [Test seq (cond on sampled tp)] | Loss 72.407829 | Likelihood -72.407829 | KL fp 0.0000 | FP STD 0.0000|
KL coef: 0.9343646605068185
Train loss (one batch): 62.93120574951172
Train CE loss (one batch): 0.0
Test MSE: 0.0152
Poisson likelihood: 0.0
CE loss: 0.0
Experiment 7067
Epoch 0282 [Test seq (cond on sampled tp)] | Loss 72.402077 | Likelihood -72.402077 | KL fp 0.0000 | FP STD 0.0000|
KL coef: 0.9350210139017503
Train loss (one batch): 62.9326057434082
Train CE loss (one batch): 0.0
Test MSE: 0.0152
Poisson likelihood: 0.0
CE loss: 0.0
Experiment 7067
Epoch 0283 [Test seq (cond on sampled tp)] | Loss 72.388367 | Likelihood -72.388367 | KL fp 0.0000 | FP STD 0.0000|
KL coef: 0.9356708037627328
Train loss (one batch): 62.928653717041016
Train CE loss (one batch): 0.0
Test MSE: 0.0152
Poisson likelihood: 0.0
CE loss: 0.0
Experiment 7067
Epoch 0284 [Test seq (cond on sampled tp)] | Loss 72.368286 | Likelihood -72.368286 | KL fp 0.0000 | FP STD 0.0000|
KL coef: 0.9363140957251055
Train loss (one batch): 62.90777587890625
Train CE loss (one batch): 0.0
Test MSE: 0.0152
Poisson likelihood: 0.0
CE loss: 0.0
Experiment 7067
Epoch 0285 [Test seq (cond on sampled tp)] | Loss 72.345482 | Likelihood -72.345482 | KL fp 0.0000 | FP STD 0.0000|
KL coef: 0.9369509547678545
Train loss (one batch): 62.87560272216797
Train CE loss (one batch): 0.0
Test MSE: 0.0152
Poisson likelihood: 0.0
CE loss: 0.0
Experiment 7067
Epoch 0286 [Test seq (cond on sampled tp)] | Loss 72.327232 | Likelihood -72.327232 | KL fp 0.0000 | FP STD 0.0000|
KL coef: 0.937581445220176
Train loss (one batch): 62.84889602661133
Train CE loss (one batch): 0.0
Test MSE: 0.0152
Poisson likelihood: 0.0
CE loss: 0.0
Experiment 7067
Epoch 0287 [Test seq (cond on sampled tp)] | Loss 72.321526 | Likelihood -72.321526 | KL fp 0.0000 | FP STD 0.0000|
KL coef: 0.9382056307679741
Train loss (one batch): 62.84087371826172
Train CE loss (one batch): 0.0
Test MSE: 0.0152
Poisson likelihood: 0.0
CE loss: 0.0
Experiment 7067
Epoch 0288 [Test seq (cond on sampled tp)] | Loss 72.319618 | Likelihood -72.319618 | KL fp 0.0000 | FP STD 0.0000|
KL coef: 0.9388235744602944
Train loss (one batch): 62.84444808959961
Train CE loss (one batch): 0.0
Test MSE: 0.0152
Poisson likelihood: 0.0
CE loss: 0.0
Experiment 7067
Epoch 0289 [Test seq (cond on sampled tp)] | Loss 72.297752 | Likelihood -72.297752 | KL fp 0.0000 | FP STD 0.0000|
KL coef: 0.9394353387156915
Train loss (one batch): 62.832279205322266
Train CE loss (one batch): 0.0
Test MSE: 0.0152
Poisson likelihood: 0.0
CE loss: 0.0
Experiment 7067
Epoch 0290 [Test seq (cond on sampled tp)] | Loss 72.274467 | Likelihood -72.274467 | KL fp 0.0000 | FP STD 0.0000|
KL coef: 0.9400409853285345
Train loss (one batch): 62.806339263916016
Train CE loss (one batch): 0.0
Test MSE: 0.0152
Poisson likelihood: 0.0
CE loss: 0.0
Experiment 7067
Epoch 0291 [Test seq (cond on sampled tp)] | Loss 72.265297 | Likelihood -72.265297 | KL fp 0.0000 | FP STD 0.0000|
KL coef: 0.9406405754752493
Train loss (one batch): 62.78691101074219
Train CE loss (one batch): 0.0
Test MSE: 0.0152
Poisson likelihood: 0.0
CE loss: 0.0
Experiment 7067
Epoch 0292 [Test seq (cond on sampled tp)] | Loss 72.250786 | Likelihood -72.250786 | KL fp 0.0000 | FP STD 0.0000|
KL coef: 0.9412341697204967
Train loss (one batch): 62.772850036621094
Train CE loss (one batch): 0.0
Test MSE: 0.0152
Poisson likelihood: 0.0
CE loss: 0.0
Experiment 7067
Epoch 0293 [Test seq (cond on sampled tp)] | Loss 72.236992 | Likelihood -72.236992 | KL fp 0.0000 | FP STD 0.0000|
KL coef: 0.9418218280232917
Train loss (one batch): 62.760459899902344
Train CE loss (one batch): 0.0
Test MSE: 0.0152
Poisson likelihood: 0.0
CE loss: 0.0
Experiment 7067
Epoch 0294 [Test seq (cond on sampled tp)] | Loss 72.235680 | Likelihood -72.235680 | KL fp 0.0000 | FP STD 0.0000|
KL coef: 0.9424036097430588
Train loss (one batch): 62.75763702392578
Train CE loss (one batch): 0.0
Test MSE: 0.0152
Poisson likelihood: 0.0
CE loss: 0.0
Experiment 7067
Epoch 0295 [Test seq (cond on sampled tp)] | Loss 72.224022 | Likelihood -72.224022 | KL fp 0.0000 | FP STD 0.0000|
KL coef: 0.9429795736456282
Train loss (one batch): 62.751121520996094
Train CE loss (one batch): 0.0
Test MSE: 0.0152
Poisson likelihood: 0.0
CE loss: 0.0
Experiment 7067
Epoch 0296 [Test seq (cond on sampled tp)] | Loss 72.193596 | Likelihood -72.193596 | KL fp 0.0000 | FP STD 0.0000|
KL coef: 0.9435497779091719
Train loss (one batch): 62.72420120239258
Train CE loss (one batch): 0.0
Test MSE: 0.0152
Poisson likelihood: 0.0
CE loss: 0.0
Experiment 7067
Epoch 0297 [Test seq (cond on sampled tp)] | Loss 72.175079 | Likelihood -72.175079 | KL fp 0.0000 | FP STD 0.0000|
KL coef: 0.9441142801300803
Train loss (one batch): 62.695762634277344
Train CE loss (one batch): 0.0
Test MSE: 0.0152
Poisson likelihood: 0.0
CE loss: 0.0
Experiment 7067
Epoch 0298 [Test seq (cond on sampled tp)] | Loss 72.168373 | Likelihood -72.168373 | KL fp 0.0000 | FP STD 0.0000|
KL coef: 0.9446731373287794
Train loss (one batch): 62.68263626098633
Train CE loss (one batch): 0.0
Test MSE: 0.0152
Poisson likelihood: 0.0
CE loss: 0.0
Experiment 7067
Epoch 0299 [Test seq (cond on sampled tp)] | Loss 72.152641 | Likelihood -72.152641 | KL fp 0.0000 | FP STD 0.0000|
KL coef: 0.9452264059554917
Train loss (one batch): 62.67339324951172
Train CE loss (one batch): 0.0
Test MSE: 0.0152
Poisson likelihood: 0.0
CE loss: 0.0
Experiment 7067
Epoch 0300 [Test seq (cond on sampled tp)] | Loss 72.144493 | Likelihood -72.144493 | KL fp 0.0000 | FP STD 0.0000|
KL coef: 0.9457741418959368
Train loss (one batch): 62.66361999511719
Train CE loss (one batch): 0.0
Test MSE: 0.0152
Poisson likelihood: 0.0
CE loss: 0.0
/home/pf/pfstud/ODE_Nando/ODE_crop_Project/latent_ode-my_mod/run_models.py
/home/pf/pfstud/ODE_Nando/ODE_crop_Project/latent_ode-my_mod/run_models.py
Experiment 27295
Epoch 0001 [Test seq (cond on sampled tp)] | Loss 17293.478516 | Likelihood -17293.478516 | KL fp 0.0000 | FP STD 0.0000|
KL coef: 0.0
Train loss (one batch): 20105.12109375
Train CE loss (one batch): 0.0
Test MSE: 3.4594
Poisson likelihood: 0.0
CE loss: 0.0
Experiment 27295
Epoch 0002 [Test seq (cond on sampled tp)] | Loss 6414.745605 | Likelihood -6414.745605 | KL fp 0.0000 | FP STD 0.0000|
KL coef: 0.0
Train loss (one batch): 9941.8037109375
Train CE loss (one batch): 0.0
Test MSE: 1.2837
Poisson likelihood: 0.0
CE loss: 0.0
/home/pf/pfstud/ODE_Nando/ODE_crop_Project/latent_ode-my_mod/run_models.py
/home/pf/pfstud/ODE_Nando/ODE_crop_Project/latent_ode-my_mod/run_models.py
/home/pf/pfstud/ODE_Nando/ODE_crop_Project/latent_ode-my_mod/run_models.py
/home/pf/pfstud/ODE_Nando/ODE_crop_Project/latent_ode-my_mod/run_models.py
/home/pf/pfstud/ODE_Nando/ODE_crop_Project/latent_ode-my_mod/run_models.py
/home/pf/pfstud/ODE_Nando/ODE_crop_Project/latent_ode-my_mod/run_models.py
