/home/pf/pfstud/ODE_Nando/ODE_crop_Project/latent_ode-my_mod/run_models.py
/home/pf/pfstud/ODE_Nando/ODE_crop_Project/latent_ode-my_mod/run_models.py
Experiment 90480
Epoch 0001 [Test seq (cond on sampled tp)] | Loss 17293.478516 | Likelihood -17293.478516 | KL fp 0.0000 | FP STD 0.0000|
KL coef: 0.0
Train loss (one batch): 20105.12109375
Train CE loss (one batch): 0.0
Test MSE: 3.4594
Poisson likelihood: 0.0
CE loss: 0.0
Experiment 90480
Epoch 0002 [Test seq (cond on sampled tp)] | Loss 6414.745605 | Likelihood -6414.745605 | KL fp 0.0000 | FP STD 0.0000|
KL coef: 0.0
Train loss (one batch): 9941.8037109375
Train CE loss (one batch): 0.0
Test MSE: 1.2837
Poisson likelihood: 0.0
CE loss: 0.0
Experiment 90480
Epoch 0003 [Test seq (cond on sampled tp)] | Loss 3006.769287 | Likelihood -3006.769287 | KL fp 0.0000 | FP STD 0.0000|
KL coef: 0.0
Train loss (one batch): 3787.66650390625
Train CE loss (one batch): 0.0
Test MSE: 0.6021
Poisson likelihood: 0.0
CE loss: 0.0
Experiment 90480
Epoch 0004 [Test seq (cond on sampled tp)] | Loss 2745.626709 | Likelihood -2745.626709 | KL fp 0.0000 | FP STD 0.0000|
KL coef: 0.0
Train loss (one batch): 3537.759765625
Train CE loss (one batch): 0.0
Test MSE: 0.5499
Poisson likelihood: 0.0
CE loss: 0.0
Experiment 90480
Epoch 0005 [Test seq (cond on sampled tp)] | Loss 2496.749023 | Likelihood -2496.749023 | KL fp 0.0000 | FP STD 0.0000|
KL coef: 0.0
Train loss (one batch): 3419.3798828125
Train CE loss (one batch): 0.0
Test MSE: 0.5001
Poisson likelihood: 0.0
CE loss: 0.0
Experiment 90480
Epoch 0006 [Test seq (cond on sampled tp)] | Loss 2310.890381 | Likelihood -2310.890381 | KL fp 0.0000 | FP STD 0.0000|
KL coef: 0.0
Train loss (one batch): 2765.5419921875
Train CE loss (one batch): 0.0
Test MSE: 0.4629
Poisson likelihood: 0.0
CE loss: 0.0
Experiment 90480
Epoch 0007 [Test seq (cond on sampled tp)] | Loss 2405.564209 | Likelihood -2405.564209 | KL fp 0.0000 | FP STD 0.0000|
KL coef: 0.0
Train loss (one batch): 2437.190673828125
Train CE loss (one batch): 0.0
Test MSE: 0.4819
Poisson likelihood: 0.0
CE loss: 0.0
Experiment 90480
Epoch 0008 [Test seq (cond on sampled tp)] | Loss 2434.637451 | Likelihood -2434.637451 | KL fp 0.0000 | FP STD 0.0000|
KL coef: 0.0
Train loss (one batch): 2415.463623046875
Train CE loss (one batch): 0.0
Test MSE: 0.4877
Poisson likelihood: 0.0
CE loss: 0.0
Experiment 90480
Epoch 0009 [Test seq (cond on sampled tp)] | Loss 2212.463379 | Likelihood -2212.463379 | KL fp 0.0000 | FP STD 0.0000|
KL coef: 0.0
Train loss (one batch): 2316.259765625
Train CE loss (one batch): 0.0
Test MSE: 0.4432
Poisson likelihood: 0.0
CE loss: 0.0
Experiment 90480
Epoch 0010 [Test seq (cond on sampled tp)] | Loss 1949.777588 | Likelihood -1949.777588 | KL fp 0.0000 | FP STD 0.0000|
KL coef: 0.0
Train loss (one batch): 2126.0283203125
Train CE loss (one batch): 0.0
Test MSE: 0.3907
Poisson likelihood: 0.0
CE loss: 0.0
Experiment 90480
Epoch 0011 [Test seq (cond on sampled tp)] | Loss 1794.821533 | Likelihood -1794.821533 | KL fp 0.0000 | FP STD 0.0000|
KL coef: 0.010000000000000009
Train loss (one batch): 2009.8868408203125
Train CE loss (one batch): 0.0
Test MSE: 0.3597
Poisson likelihood: 0.0
CE loss: 0.0
Experiment 90480
Epoch 0012 [Test seq (cond on sampled tp)] | Loss 1719.068237 | Likelihood -1719.068237 | KL fp 0.0000 | FP STD 0.0000|
KL coef: 0.01990000000000003
Train loss (one batch): 1963.480712890625
Train CE loss (one batch): 0.0
Test MSE: 0.3446
Poisson likelihood: 0.0
CE loss: 0.0
Experiment 90480
Epoch 0013 [Test seq (cond on sampled tp)] | Loss 1654.062134 | Likelihood -1654.062134 | KL fp 0.0000 | FP STD 0.0000|
KL coef: 0.029700999999999977
Train loss (one batch): 1906.5233154296875
Train CE loss (one batch): 0.0
Test MSE: 0.3315
Poisson likelihood: 0.0
CE loss: 0.0
Experiment 90480
Epoch 0014 [Test seq (cond on sampled tp)] | Loss 1587.308838 | Likelihood -1587.308838 | KL fp 0.0000 | FP STD 0.0000|
KL coef: 0.039403990000000055
Train loss (one batch): 1809.6458740234375
Train CE loss (one batch): 0.0
Test MSE: 0.3182
Poisson likelihood: 0.0
CE loss: 0.0
Experiment 90480
Epoch 0015 [Test seq (cond on sampled tp)] | Loss 1547.260254 | Likelihood -1547.260254 | KL fp 0.0000 | FP STD 0.0000|
KL coef: 0.04900995010000009
Train loss (one batch): 1724.26806640625
Train CE loss (one batch): 0.0
Test MSE: 0.3102
Poisson likelihood: 0.0
CE loss: 0.0
Experiment 90480
Epoch 0016 [Test seq (cond on sampled tp)] | Loss 1526.696655 | Likelihood -1526.696655 | KL fp 0.0000 | FP STD 0.0000|
KL coef: 0.058519850599
Train loss (one batch): 1668.7864990234375
Train CE loss (one batch): 0.0
Test MSE: 0.3061
Poisson likelihood: 0.0
CE loss: 0.0
Experiment 90480
Epoch 0017 [Test seq (cond on sampled tp)] | Loss 1498.967651 | Likelihood -1498.967651 | KL fp 0.0000 | FP STD 0.0000|
KL coef: 0.06793465209301008
Train loss (one batch): 1625.5238037109375
Train CE loss (one batch): 0.0
Test MSE: 0.3005
Poisson likelihood: 0.0
CE loss: 0.0
Experiment 90480
Epoch 0018 [Test seq (cond on sampled tp)] | Loss 1459.772461 | Likelihood -1459.772461 | KL fp 0.0000 | FP STD 0.0000|
KL coef: 0.07725530557207994
Train loss (one batch): 1576.3800048828125
Train CE loss (one batch): 0.0
Test MSE: 0.2927
Poisson likelihood: 0.0
CE loss: 0.0
Experiment 90480
Epoch 0019 [Test seq (cond on sampled tp)] | Loss 1416.138550 | Likelihood -1416.138550 | KL fp 0.0000 | FP STD 0.0000|
KL coef: 0.08648275251635917
Train loss (one batch): 1519.490234375
Train CE loss (one batch): 0.0
Test MSE: 0.2840
Poisson likelihood: 0.0
CE loss: 0.0
Experiment 90480
Epoch 0020 [Test seq (cond on sampled tp)] | Loss 1374.721069 | Likelihood -1374.721069 | KL fp 0.0000 | FP STD 0.0000|
KL coef: 0.09561792499119559
Train loss (one batch): 1463.2701416015625
Train CE loss (one batch): 0.0
Test MSE: 0.2757
Poisson likelihood: 0.0
CE loss: 0.0
Experiment 90480
Epoch 0021 [Test seq (cond on sampled tp)] | Loss 1334.343994 | Likelihood -1334.343994 | KL fp 0.0000 | FP STD 0.0000|
KL coef: 0.10466174574128362
Train loss (one batch): 1417.675048828125
Train CE loss (one batch): 0.0
Test MSE: 0.2676
Poisson likelihood: 0.0
CE loss: 0.0
Experiment 90480
Epoch 0022 [Test seq (cond on sampled tp)] | Loss 1297.455933 | Likelihood -1297.455933 | KL fp 0.0000 | FP STD 0.0000|
KL coef: 0.11361512828387077
Train loss (one batch): 1383.463623046875
Train CE loss (one batch): 0.0
Test MSE: 0.2602
Poisson likelihood: 0.0
CE loss: 0.0
Experiment 90480
Epoch 0023 [Test seq (cond on sampled tp)] | Loss 1271.727783 | Likelihood -1271.727783 | KL fp 0.0000 | FP STD 0.0000|
KL coef: 0.12247897700103216
Train loss (one batch): 1355.642578125
Train CE loss (one batch): 0.0
Test MSE: 0.2551
Poisson likelihood: 0.0
CE loss: 0.0
Experiment 90480
Epoch 0024 [Test seq (cond on sampled tp)] | Loss 1253.394531 | Likelihood -1253.394531 | KL fp 0.0000 | FP STD 0.0000|
KL coef: 0.13125418723102178
Train loss (one batch): 1327.46337890625
Train CE loss (one batch): 0.0
Test MSE: 0.2514
Poisson likelihood: 0.0
CE loss: 0.0
Experiment 90480
Epoch 0025 [Test seq (cond on sampled tp)] | Loss 1221.808838 | Likelihood -1221.808838 | KL fp 0.0000 | FP STD 0.0000|
KL coef: 0.13994164535871156
Train loss (one batch): 1294.25146484375
Train CE loss (one batch): 0.0
Test MSE: 0.2451
Poisson likelihood: 0.0
CE loss: 0.0
Experiment 90480
Epoch 0026 [Test seq (cond on sampled tp)] | Loss 1164.067627 | Likelihood -1164.067627 | KL fp 0.0000 | FP STD 0.0000|
KL coef: 0.14854222890512447
Train loss (one batch): 1248.453857421875
Train CE loss (one batch): 0.0
Test MSE: 0.2336
Poisson likelihood: 0.0
CE loss: 0.0
Experiment 90480
Epoch 0027 [Test seq (cond on sampled tp)] | Loss 1096.588135 | Likelihood -1096.588135 | KL fp 0.0000 | FP STD 0.0000|
KL coef: 0.15705680661607324
Train loss (one batch): 1187.724853515625
Train CE loss (one batch): 0.0
Test MSE: 0.2201
Poisson likelihood: 0.0
CE loss: 0.0
Experiment 90480
Epoch 0028 [Test seq (cond on sampled tp)] | Loss 1033.362549 | Likelihood -1033.362549 | KL fp 0.0000 | FP STD 0.0000|
KL coef: 0.1654862385499125
Train loss (one batch): 1114.99609375
Train CE loss (one batch): 0.0
Test MSE: 0.2074
Poisson likelihood: 0.0
CE loss: 0.0
Experiment 90480
Epoch 0029 [Test seq (cond on sampled tp)] | Loss 962.719177 | Likelihood -962.719177 | KL fp 0.0000 | FP STD 0.0000|
KL coef: 0.17383137616441335
Train loss (one batch): 1032.68359375
Train CE loss (one batch): 0.0
Test MSE: 0.1933
Poisson likelihood: 0.0
CE loss: 0.0
Experiment 90480
Epoch 0030 [Test seq (cond on sampled tp)] | Loss 882.869568 | Likelihood -882.869568 | KL fp 0.0000 | FP STD 0.0000|
KL coef: 0.18209306240276923
Train loss (one batch): 939.5714111328125
Train CE loss (one batch): 0.0
Test MSE: 0.1773
Poisson likelihood: 0.0
CE loss: 0.0
Experiment 90480
Epoch 0031 [Test seq (cond on sampled tp)] | Loss 815.531860 | Likelihood -815.531860 | KL fp 0.0000 | FP STD 0.0000|
KL coef: 0.19027213177874158
Train loss (one batch): 841.2691650390625
Train CE loss (one batch): 0.0
Test MSE: 0.1638
Poisson likelihood: 0.0
CE loss: 0.0
Experiment 90480
Epoch 0032 [Test seq (cond on sampled tp)] | Loss 751.822388 | Likelihood -751.822388 | KL fp 0.0000 | FP STD 0.0000|
KL coef: 0.19836941046095413
Train loss (one batch): 752.6390991210938
Train CE loss (one batch): 0.0
Test MSE: 0.1511
Poisson likelihood: 0.0
CE loss: 0.0
Experiment 90480
Epoch 0033 [Test seq (cond on sampled tp)] | Loss 704.252808 | Likelihood -704.252808 | KL fp 0.0000 | FP STD 0.0000|
KL coef: 0.20638571635634462
Train loss (one batch): 684.5819091796875
Train CE loss (one batch): 0.0
Test MSE: 0.1416
Poisson likelihood: 0.0
CE loss: 0.0
Experiment 90480
Epoch 0034 [Test seq (cond on sampled tp)] | Loss 670.798462 | Likelihood -670.798462 | KL fp 0.0000 | FP STD 0.0000|
KL coef: 0.21432185919278124
Train loss (one batch): 630.9924926757812
Train CE loss (one batch): 0.0
Test MSE: 0.1349
Poisson likelihood: 0.0
CE loss: 0.0
Experiment 90480
Epoch 0035 [Test seq (cond on sampled tp)] | Loss 646.723145 | Likelihood -646.723145 | KL fp 0.0000 | FP STD 0.0000|
KL coef: 0.22217864060085335
Train loss (one batch): 591.3375244140625
Train CE loss (one batch): 0.0
Test MSE: 0.1301
Poisson likelihood: 0.0
CE loss: 0.0
Experiment 90480
Epoch 0036 [Test seq (cond on sampled tp)] | Loss 633.611145 | Likelihood -633.611145 | KL fp 0.0000 | FP STD 0.0000|
KL coef: 0.2299568541948449
Train loss (one batch): 572.2399291992188
Train CE loss (one batch): 0.0
Test MSE: 0.1275
Poisson likelihood: 0.0
CE loss: 0.0
Experiment 90480
Epoch 0037 [Test seq (cond on sampled tp)] | Loss 629.201233 | Likelihood -629.201233 | KL fp 0.0000 | FP STD 0.0000|
KL coef: 0.23765728565289646
Train loss (one batch): 560.0211181640625
Train CE loss (one batch): 0.0
Test MSE: 0.1266
Poisson likelihood: 0.0
CE loss: 0.0
Experiment 90480
Epoch 0038 [Test seq (cond on sampled tp)] | Loss 633.044434 | Likelihood -633.044434 | KL fp 0.0000 | FP STD 0.0000|
KL coef: 0.24528071279636743
Train loss (one batch): 549.2083129882812
Train CE loss (one batch): 0.0
Test MSE: 0.1273
Poisson likelihood: 0.0
CE loss: 0.0
Experiment 90480
Epoch 0039 [Test seq (cond on sampled tp)] | Loss 641.456299 | Likelihood -641.456299 | KL fp 0.0000 | FP STD 0.0000|
KL coef: 0.25282790566840385
Train loss (one batch): 543.3333129882812
Train CE loss (one batch): 0.0
Test MSE: 0.1290
Poisson likelihood: 0.0
CE loss: 0.0
Experiment 90480
Epoch 0040 [Test seq (cond on sampled tp)] | Loss 642.406555 | Likelihood -642.406555 | KL fp 0.0000 | FP STD 0.0000|
KL coef: 0.2602996266117198
Train loss (one batch): 538.5270385742188
Train CE loss (one batch): 0.0
Test MSE: 0.1292
Poisson likelihood: 0.0
CE loss: 0.0
Experiment 90480
Epoch 0041 [Test seq (cond on sampled tp)] | Loss 637.405457 | Likelihood -637.405457 | KL fp 0.0000 | FP STD 0.0000|
KL coef: 0.26769663034560254
Train loss (one batch): 532.4764404296875
Train CE loss (one batch): 0.0
Test MSE: 0.1282
Poisson likelihood: 0.0
CE loss: 0.0
Experiment 90480
Epoch 0042 [Test seq (cond on sampled tp)] | Loss 629.308289 | Likelihood -629.308289 | KL fp 0.0000 | FP STD 0.0000|
KL coef: 0.2750196640421466
Train loss (one batch): 526.5336303710938
Train CE loss (one batch): 0.0
Test MSE: 0.1266
Poisson likelihood: 0.0
CE loss: 0.0
Experiment 90480
Epoch 0043 [Test seq (cond on sampled tp)] | Loss 621.785278 | Likelihood -621.785278 | KL fp 0.0000 | FP STD 0.0000|
KL coef: 0.2822694674017251
Train loss (one batch): 521.61962890625
Train CE loss (one batch): 0.0
Test MSE: 0.1251
Poisson likelihood: 0.0
CE loss: 0.0
Experiment 90480
Epoch 0044 [Test seq (cond on sampled tp)] | Loss 615.956177 | Likelihood -615.956177 | KL fp 0.0000 | FP STD 0.0000|
KL coef: 0.2894467727277079
Train loss (one batch): 516.4925537109375
Train CE loss (one batch): 0.0
Test MSE: 0.1239
Poisson likelihood: 0.0
CE loss: 0.0
Experiment 90480
Epoch 0045 [Test seq (cond on sampled tp)] | Loss 610.710266 | Likelihood -610.710266 | KL fp 0.0000 | FP STD 0.0000|
KL coef: 0.29655230500043084
Train loss (one batch): 512.942626953125
Train CE loss (one batch): 0.0
Test MSE: 0.1229
Poisson likelihood: 0.0
CE loss: 0.0
Experiment 90480
Epoch 0046 [Test seq (cond on sampled tp)] | Loss 604.059326 | Likelihood -604.059326 | KL fp 0.0000 | FP STD 0.0000|
KL coef: 0.30358678195042654
Train loss (one batch): 509.937255859375
Train CE loss (one batch): 0.0
Test MSE: 0.1215
Poisson likelihood: 0.0
CE loss: 0.0
Experiment 90480
Epoch 0047 [Test seq (cond on sampled tp)] | Loss 593.686951 | Likelihood -593.686951 | KL fp 0.0000 | FP STD 0.0000|
KL coef: 0.3105509141309223
Train loss (one batch): 506.3774719238281
Train CE loss (one batch): 0.0
Test MSE: 0.1195
Poisson likelihood: 0.0
CE loss: 0.0
Experiment 90480
Epoch 0048 [Test seq (cond on sampled tp)] | Loss 583.976074 | Likelihood -583.976074 | KL fp 0.0000 | FP STD 0.0000|
KL coef: 0.31744540498961304
Train loss (one batch): 501.8757629394531
Train CE loss (one batch): 0.0
Test MSE: 0.1175
Poisson likelihood: 0.0
CE loss: 0.0
Experiment 90480
Epoch 0049 [Test seq (cond on sampled tp)] | Loss 575.263000 | Likelihood -575.263000 | KL fp 0.0000 | FP STD 0.0000|
KL coef: 0.3242709509397169
Train loss (one batch): 497.0029296875
Train CE loss (one batch): 0.0
Test MSE: 0.1158
Poisson likelihood: 0.0
CE loss: 0.0
Experiment 90480
Epoch 0050 [Test seq (cond on sampled tp)] | Loss 571.064026 | Likelihood -571.064026 | KL fp 0.0000 | FP STD 0.0000|
KL coef: 0.3310282414303197
Train loss (one batch): 492.07525634765625
Train CE loss (one batch): 0.0
Test MSE: 0.1150
Poisson likelihood: 0.0
CE loss: 0.0
Experiment 90480
Epoch 0051 [Test seq (cond on sampled tp)] | Loss 568.879883 | Likelihood -568.879883 | KL fp 0.0000 | FP STD 0.0000|
KL coef: 0.33771795901601653
Train loss (one batch): 487.5967712402344
Train CE loss (one batch): 0.0
Test MSE: 0.1145
Poisson likelihood: 0.0
CE loss: 0.0
Experiment 90480
Epoch 0052 [Test seq (cond on sampled tp)] | Loss 567.811890 | Likelihood -567.811890 | KL fp 0.0000 | FP STD 0.0000|
KL coef: 0.3443407794258564
Train loss (one batch): 483.9188537597656
Train CE loss (one batch): 0.0
Test MSE: 0.1143
Poisson likelihood: 0.0
CE loss: 0.0
Experiment 90480
Epoch 0053 [Test seq (cond on sampled tp)] | Loss 564.986755 | Likelihood -564.986755 | KL fp 0.0000 | FP STD 0.0000|
KL coef: 0.35089737163159784
Train loss (one batch): 480.7574768066406
Train CE loss (one batch): 0.0
Test MSE: 0.1137
Poisson likelihood: 0.0
CE loss: 0.0
Experiment 90480
Epoch 0054 [Test seq (cond on sampled tp)] | Loss 559.697937 | Likelihood -559.697937 | KL fp 0.0000 | FP STD 0.0000|
KL coef: 0.3573883979152819
Train loss (one batch): 477.7921447753906
Train CE loss (one batch): 0.0
Test MSE: 0.1127
Poisson likelihood: 0.0
CE loss: 0.0
Experiment 90480
Epoch 0055 [Test seq (cond on sampled tp)] | Loss 553.867615 | Likelihood -553.867615 | KL fp 0.0000 | FP STD 0.0000|
KL coef: 0.36381451393612907
Train loss (one batch): 474.9192199707031
Train CE loss (one batch): 0.0
Test MSE: 0.1115
Poisson likelihood: 0.0
CE loss: 0.0
Experiment 90480
Epoch 0056 [Test seq (cond on sampled tp)] | Loss 548.370544 | Likelihood -548.370544 | KL fp 0.0000 | FP STD 0.0000|
KL coef: 0.37017636879676774
Train loss (one batch): 472.1710510253906
Train CE loss (one batch): 0.0
Test MSE: 0.1104
Poisson likelihood: 0.0
CE loss: 0.0
Experiment 90480
Epoch 0057 [Test seq (cond on sampled tp)] | Loss 545.134583 | Likelihood -545.134583 | KL fp 0.0000 | FP STD 0.0000|
KL coef: 0.37647460510880004
Train loss (one batch): 469.5599060058594
Train CE loss (one batch): 0.0
Test MSE: 0.1098
Poisson likelihood: 0.0
CE loss: 0.0
Experiment 90480
Epoch 0058 [Test seq (cond on sampled tp)] | Loss 542.853882 | Likelihood -542.853882 | KL fp 0.0000 | FP STD 0.0000|
KL coef: 0.38270985905771204
Train loss (one batch): 467.1084289550781
Train CE loss (one batch): 0.0
Test MSE: 0.1093
Poisson likelihood: 0.0
CE loss: 0.0
Experiment 90480
Epoch 0059 [Test seq (cond on sampled tp)] | Loss 540.995483 | Likelihood -540.995483 | KL fp 0.0000 | FP STD 0.0000|
KL coef: 0.388882760467135
Train loss (one batch): 464.7586975097656
Train CE loss (one batch): 0.0
Test MSE: 0.1089
Poisson likelihood: 0.0
CE loss: 0.0
Experiment 90480
Epoch 0060 [Test seq (cond on sampled tp)] | Loss 538.392700 | Likelihood -538.392700 | KL fp 0.0000 | FP STD 0.0000|
KL coef: 0.39499393286246365
Train loss (one batch): 462.3692321777344
Train CE loss (one batch): 0.0
Test MSE: 0.1084
Poisson likelihood: 0.0
CE loss: 0.0
Experiment 90480
Epoch 0061 [Test seq (cond on sampled tp)] | Loss 535.310669 | Likelihood -535.310669 | KL fp 0.0000 | FP STD 0.0000|
KL coef: 0.401043993533839
Train loss (one batch): 459.955810546875
Train CE loss (one batch): 0.0
Test MSE: 0.1078
Poisson likelihood: 0.0
CE loss: 0.0
Experiment 90480
Epoch 0062 [Test seq (cond on sampled tp)] | Loss 532.560242 | Likelihood -532.560242 | KL fp 0.0000 | FP STD 0.0000|
KL coef: 0.4070335535985006
Train loss (one batch): 457.57012939453125
Train CE loss (one batch): 0.0
Test MSE: 0.1072
Poisson likelihood: 0.0
CE loss: 0.0
Experiment 90480
Epoch 0063 [Test seq (cond on sampled tp)] | Loss 530.192871 | Likelihood -530.192871 | KL fp 0.0000 | FP STD 0.0000|
KL coef: 0.41296321806251557
Train loss (one batch): 455.2880859375
Train CE loss (one batch): 0.0
Test MSE: 0.1068
Poisson likelihood: 0.0
CE loss: 0.0
Experiment 90480
Epoch 0064 [Test seq (cond on sampled tp)] | Loss 528.251160 | Likelihood -528.251160 | KL fp 0.0000 | FP STD 0.0000|
KL coef: 0.41883358588189046
Train loss (one batch): 453.07989501953125
Train CE loss (one batch): 0.0
Test MSE: 0.1064
Poisson likelihood: 0.0
CE loss: 0.0
Experiment 90480
Epoch 0065 [Test seq (cond on sampled tp)] | Loss 525.825745 | Likelihood -525.825745 | KL fp 0.0000 | FP STD 0.0000|
KL coef: 0.4246452500230715
Train loss (one batch): 450.9264221191406
Train CE loss (one batch): 0.0
Test MSE: 0.1059
Poisson likelihood: 0.0
CE loss: 0.0
Experiment 90480
Epoch 0066 [Test seq (cond on sampled tp)] | Loss 522.833923 | Likelihood -522.833923 | KL fp 0.0000 | FP STD 0.0000|
KL coef: 0.4303987975228408
Train loss (one batch): 448.7696533203125
Train CE loss (one batch): 0.0
Test MSE: 0.1053
Poisson likelihood: 0.0
CE loss: 0.0
Experiment 90480
Epoch 0067 [Test seq (cond on sampled tp)] | Loss 519.406494 | Likelihood -519.406494 | KL fp 0.0000 | FP STD 0.0000|
KL coef: 0.4360948095476125
Train loss (one batch): 446.59149169921875
Train CE loss (one batch): 0.0
Test MSE: 0.1046
Poisson likelihood: 0.0
CE loss: 0.0
Experiment 90480
Epoch 0068 [Test seq (cond on sampled tp)] | Loss 516.137146 | Likelihood -516.137146 | KL fp 0.0000 | FP STD 0.0000|
KL coef: 0.44173386145213633
Train loss (one batch): 444.4472961425781
Train CE loss (one batch): 0.0
Test MSE: 0.1040
Poisson likelihood: 0.0
CE loss: 0.0
Experiment 90480
Epoch 0069 [Test seq (cond on sampled tp)] | Loss 513.594604 | Likelihood -513.594604 | KL fp 0.0000 | FP STD 0.0000|
KL coef: 0.4473165228376149
Train loss (one batch): 442.3328857421875
Train CE loss (one batch): 0.0
Test MSE: 0.1035
Poisson likelihood: 0.0
CE loss: 0.0
Experiment 90480
Epoch 0070 [Test seq (cond on sampled tp)] | Loss 511.532227 | Likelihood -511.532227 | KL fp 0.0000 | FP STD 0.0000|
KL coef: 0.4528433576092388
Train loss (one batch): 440.2560729980469
Train CE loss (one batch): 0.0
Test MSE: 0.1030
Poisson likelihood: 0.0
CE loss: 0.0
Experiment 90480
Epoch 0071 [Test seq (cond on sampled tp)] | Loss 509.791016 | Likelihood -509.791016 | KL fp 0.0000 | FP STD 0.0000|
KL coef: 0.45831492403314644
Train loss (one batch): 438.19036865234375
Train CE loss (one batch): 0.0
Test MSE: 0.1027
Poisson likelihood: 0.0
CE loss: 0.0
Experiment 90480
Epoch 0072 [Test seq (cond on sampled tp)] | Loss 507.765106 | Likelihood -507.765106 | KL fp 0.0000 | FP STD 0.0000|
KL coef: 0.463731774792815
Train loss (one batch): 436.1080322265625
Train CE loss (one batch): 0.0
Test MSE: 0.1023
Poisson likelihood: 0.0
CE loss: 0.0
Experiment 90480
Epoch 0073 [Test seq (cond on sampled tp)] | Loss 505.574036 | Likelihood -505.574036 | KL fp 0.0000 | FP STD 0.0000|
KL coef: 0.46909445704488684
Train loss (one batch): 434.0227966308594
Train CE loss (one batch): 0.0
Test MSE: 0.1019
Poisson likelihood: 0.0
CE loss: 0.0
Experiment 90480
Epoch 0074 [Test seq (cond on sampled tp)] | Loss 503.255859 | Likelihood -503.255859 | KL fp 0.0000 | FP STD 0.0000|
KL coef: 0.474403512474438
Train loss (one batch): 431.96417236328125
Train CE loss (one batch): 0.0
Test MSE: 0.1014
Poisson likelihood: 0.0
CE loss: 0.0
Experiment 90480
Epoch 0075 [Test seq (cond on sampled tp)] | Loss 501.054443 | Likelihood -501.054443 | KL fp 0.0000 | FP STD 0.0000|
KL coef: 0.4796594773496936
Train loss (one batch): 429.9756164550781
Train CE loss (one batch): 0.0
Test MSE: 0.1009
Poisson likelihood: 0.0
CE loss: 0.0
Experiment 90480
Epoch 0076 [Test seq (cond on sampled tp)] | Loss 498.910309 | Likelihood -498.910309 | KL fp 0.0000 | FP STD 0.0000|
KL coef: 0.4848628825761967
Train loss (one batch): 428.048828125
Train CE loss (one batch): 0.0
Test MSE: 0.1005
Poisson likelihood: 0.0
CE loss: 0.0
Experiment 90480
Epoch 0077 [Test seq (cond on sampled tp)] | Loss 496.709473 | Likelihood -496.709473 | KL fp 0.0000 | FP STD 0.0000|
KL coef: 0.4900142537504347
Train loss (one batch): 426.1815185546875
Train CE loss (one batch): 0.0
Test MSE: 0.1001
Poisson likelihood: 0.0
CE loss: 0.0
Experiment 90480
Epoch 0078 [Test seq (cond on sampled tp)] | Loss 494.576721 | Likelihood -494.576721 | KL fp 0.0000 | FP STD 0.0000|
KL coef: 0.49511411121293036
Train loss (one batch): 424.3447265625
Train CE loss (one batch): 0.0
Test MSE: 0.0997
Poisson likelihood: 0.0
CE loss: 0.0
Experiment 90480
Epoch 0079 [Test seq (cond on sampled tp)] | Loss 492.476532 | Likelihood -492.476532 | KL fp 0.0000 | FP STD 0.0000|
KL coef: 0.500162970100801
Train loss (one batch): 422.5433044433594
Train CE loss (one batch): 0.0
Test MSE: 0.0992
Poisson likelihood: 0.0
CE loss: 0.0
Experiment 90480
Epoch 0080 [Test seq (cond on sampled tp)] | Loss 490.686829 | Likelihood -490.686829 | KL fp 0.0000 | FP STD 0.0000|
KL coef: 0.505161340399793
Train loss (one batch): 420.75970458984375
Train CE loss (one batch): 0.0
Test MSE: 0.0989
Poisson likelihood: 0.0
CE loss: 0.0
Experiment 90480
Epoch 0081 [Test seq (cond on sampled tp)] | Loss 488.919525 | Likelihood -488.919525 | KL fp 0.0000 | FP STD 0.0000|
KL coef: 0.510109726995795
Train loss (one batch): 418.9888916015625
Train CE loss (one batch): 0.0
Test MSE: 0.0985
Poisson likelihood: 0.0
CE loss: 0.0
Experiment 90480
Epoch 0082 [Test seq (cond on sampled tp)] | Loss 487.165741 | Likelihood -487.165741 | KL fp 0.0000 | FP STD 0.0000|
KL coef: 0.5150086297258372
Train loss (one batch): 417.23681640625
Train CE loss (one batch): 0.0
Test MSE: 0.0982
Poisson likelihood: 0.0
CE loss: 0.0
Experiment 90480
Epoch 0083 [Test seq (cond on sampled tp)] | Loss 485.326172 | Likelihood -485.326172 | KL fp 0.0000 | FP STD 0.0000|
KL coef: 0.5198585434285787
Train loss (one batch): 415.49468994140625
Train CE loss (one batch): 0.0
Test MSE: 0.0978
Poisson likelihood: 0.0
CE loss: 0.0
Experiment 90480
Epoch 0084 [Test seq (cond on sampled tp)] | Loss 483.524475 | Likelihood -483.524475 | KL fp 0.0000 | FP STD 0.0000|
KL coef: 0.524659957994293
Train loss (one batch): 413.7956237792969
Train CE loss (one batch): 0.0
Test MSE: 0.0974
Poisson likelihood: 0.0
CE loss: 0.0
Experiment 90480
Epoch 0085 [Test seq (cond on sampled tp)] | Loss 481.906647 | Likelihood -481.906647 | KL fp 0.0000 | FP STD 0.0000|
KL coef: 0.5294133584143501
Train loss (one batch): 412.1331787109375
Train CE loss (one batch): 0.0
Test MSE: 0.0971
Poisson likelihood: 0.0
CE loss: 0.0
Experiment 90480
Epoch 0086 [Test seq (cond on sampled tp)] | Loss 480.359100 | Likelihood -480.359100 | KL fp 0.0000 | FP STD 0.0000|
KL coef: 0.5341192248302067
Train loss (one batch): 410.5320739746094
Train CE loss (one batch): 0.0
Test MSE: 0.0968
Poisson likelihood: 0.0
CE loss: 0.0
Experiment 90480
Epoch 0087 [Test seq (cond on sampled tp)] | Loss 478.849518 | Likelihood -478.849518 | KL fp 0.0000 | FP STD 0.0000|
KL coef: 0.5387780325819045
Train loss (one batch): 408.9720764160156
Train CE loss (one batch): 0.0
Test MSE: 0.0965
Poisson likelihood: 0.0
CE loss: 0.0
Experiment 90480
Epoch 0088 [Test seq (cond on sampled tp)] | Loss 477.298065 | Likelihood -477.298065 | KL fp 0.0000 | FP STD 0.0000|
KL coef: 0.5433902522560855
Train loss (one batch): 407.4642639160156
Train CE loss (one batch): 0.0
Test MSE: 0.0962
Poisson likelihood: 0.0
CE loss: 0.0
Experiment 90480
Epoch 0089 [Test seq (cond on sampled tp)] | Loss 475.858734 | Likelihood -475.858734 | KL fp 0.0000 | FP STD 0.0000|
KL coef: 0.5479563497335247
Train loss (one batch): 405.9876403808594
Train CE loss (one batch): 0.0
Test MSE: 0.0959
Poisson likelihood: 0.0
CE loss: 0.0
Experiment 90480
Epoch 0090 [Test seq (cond on sampled tp)] | Loss 474.501801 | Likelihood -474.501801 | KL fp 0.0000 | FP STD 0.0000|
KL coef: 0.5524767862361895
Train loss (one batch): 404.561767578125
Train CE loss (one batch): 0.0
Test MSE: 0.0956
Poisson likelihood: 0.0
CE loss: 0.0
Experiment 90480
Epoch 0091 [Test seq (cond on sampled tp)] | Loss 473.282440 | Likelihood -473.282440 | KL fp 0.0000 | FP STD 0.0000|
KL coef: 0.5569520183738275
Train loss (one batch): 403.16015625
Train CE loss (one batch): 0.0
Test MSE: 0.0954
Poisson likelihood: 0.0
CE loss: 0.0
Experiment 90480
Epoch 0092 [Test seq (cond on sampled tp)] | Loss 472.060516 | Likelihood -472.060516 | KL fp 0.0000 | FP STD 0.0000|
KL coef: 0.5613824981900892
Train loss (one batch): 401.7914733886719
Train CE loss (one batch): 0.0
Test MSE: 0.0951
Poisson likelihood: 0.0
CE loss: 0.0
Experiment 90480
Epoch 0093 [Test seq (cond on sampled tp)] | Loss 470.889008 | Likelihood -470.889008 | KL fp 0.0000 | FP STD 0.0000|
KL coef: 0.5657686732081884
Train loss (one batch): 400.45806884765625
Train CE loss (one batch): 0.0
Test MSE: 0.0949
Poisson likelihood: 0.0
CE loss: 0.0
Experiment 90480
Epoch 0094 [Test seq (cond on sampled tp)] | Loss 469.727539 | Likelihood -469.727539 | KL fp 0.0000 | FP STD 0.0000|
KL coef: 0.5701109864761065
Train loss (one batch): 399.1734619140625
Train CE loss (one batch): 0.0
Test MSE: 0.0947
Poisson likelihood: 0.0
CE loss: 0.0
Experiment 90480
Epoch 0095 [Test seq (cond on sampled tp)] | Loss 468.680634 | Likelihood -468.680634 | KL fp 0.0000 | FP STD 0.0000|
KL coef: 0.5744098766113455
Train loss (one batch): 397.9231872558594
Train CE loss (one batch): 0.0
Test MSE: 0.0945
Poisson likelihood: 0.0
CE loss: 0.0
Experiment 90480
Epoch 0096 [Test seq (cond on sampled tp)] | Loss 467.620026 | Likelihood -467.620026 | KL fp 0.0000 | FP STD 0.0000|
KL coef: 0.578665777845232
Train loss (one batch): 396.7297668457031
Train CE loss (one batch): 0.0
Test MSE: 0.0943
Poisson likelihood: 0.0
CE loss: 0.0
Experiment 90480
Epoch 0097 [Test seq (cond on sampled tp)] | Loss 466.566986 | Likelihood -466.566986 | KL fp 0.0000 | FP STD 0.0000|
KL coef: 0.5828791200667797
Train loss (one batch): 395.5625
Train CE loss (one batch): 0.0
Test MSE: 0.0941
Poisson likelihood: 0.0
CE loss: 0.0
Experiment 90480
Epoch 0098 [Test seq (cond on sampled tp)] | Loss 465.564056 | Likelihood -465.564056 | KL fp 0.0000 | FP STD 0.0000|
KL coef: 0.5870503288661119
Train loss (one batch): 394.4391174316406
Train CE loss (one batch): 0.0
Test MSE: 0.0939
Poisson likelihood: 0.0
CE loss: 0.0
Experiment 90480
Epoch 0099 [Test seq (cond on sampled tp)] | Loss 464.709808 | Likelihood -464.709808 | KL fp 0.0000 | FP STD 0.0000|
KL coef: 0.5911798255774507
Train loss (one batch): 393.3341064453125
Train CE loss (one batch): 0.0
Test MSE: 0.0937
Poisson likelihood: 0.0
CE loss: 0.0
Experiment 90480
Epoch 0100 [Test seq (cond on sampled tp)] | Loss 463.945129 | Likelihood -463.945129 | KL fp 0.0000 | FP STD 0.0000|
KL coef: 0.5952680273216762
Train loss (one batch): 392.271728515625
Train CE loss (one batch): 0.0
Test MSE: 0.0935
Poisson likelihood: 0.0
CE loss: 0.0
/home/pf/pfstud/ODE_Nando/ODE_crop_Project/latent_ode-my_mod/run_models.py
/home/pf/pfstud/ODE_Nando/ODE_crop_Project/latent_ode-my_mod/run_models.py
Experiment 29213
Epoch 0001 [Test seq (cond on sampled tp)] | Loss 17293.478516 | Likelihood -17293.478516 | KL fp 0.0000 | FP STD 0.0000|
KL coef: 0.0
Train loss (one batch): 20105.12109375
Train CE loss (one batch): 0.0
Test MSE: 3.4594
Poisson likelihood: 0.0
CE loss: 0.0
Experiment 29213
Epoch 0002 [Test seq (cond on sampled tp)] | Loss 6414.745605 | Likelihood -6414.745605 | KL fp 0.0000 | FP STD 0.0000|
KL coef: 0.0
Train loss (one batch): 9941.8037109375
Train CE loss (one batch): 0.0
Test MSE: 1.2837
Poisson likelihood: 0.0
CE loss: 0.0
Experiment 29213
Epoch 0003 [Test seq (cond on sampled tp)] | Loss 3006.769287 | Likelihood -3006.769287 | KL fp 0.0000 | FP STD 0.0000|
KL coef: 0.0
Train loss (one batch): 3787.66650390625
Train CE loss (one batch): 0.0
Test MSE: 0.6021
Poisson likelihood: 0.0
CE loss: 0.0
Experiment 29213
Epoch 0004 [Test seq (cond on sampled tp)] | Loss 2745.626709 | Likelihood -2745.626709 | KL fp 0.0000 | FP STD 0.0000|
KL coef: 0.0
Train loss (one batch): 3537.759765625
Train CE loss (one batch): 0.0
Test MSE: 0.5499
Poisson likelihood: 0.0
CE loss: 0.0
Experiment 29213
Epoch 0005 [Test seq (cond on sampled tp)] | Loss 2496.749023 | Likelihood -2496.749023 | KL fp 0.0000 | FP STD 0.0000|
KL coef: 0.0
Train loss (one batch): 3419.3798828125
Train CE loss (one batch): 0.0
Test MSE: 0.5001
Poisson likelihood: 0.0
CE loss: 0.0
Experiment 29213
Epoch 0006 [Test seq (cond on sampled tp)] | Loss 2310.890381 | Likelihood -2310.890381 | KL fp 0.0000 | FP STD 0.0000|
KL coef: 0.0
Train loss (one batch): 2765.5419921875
Train CE loss (one batch): 0.0
Test MSE: 0.4629
Poisson likelihood: 0.0
CE loss: 0.0
Experiment 29213
Epoch 0007 [Test seq (cond on sampled tp)] | Loss 2405.564209 | Likelihood -2405.564209 | KL fp 0.0000 | FP STD 0.0000|
KL coef: 0.0
Train loss (one batch): 2437.190673828125
Train CE loss (one batch): 0.0
Test MSE: 0.4819
Poisson likelihood: 0.0
CE loss: 0.0
Experiment 29213
Epoch 0008 [Test seq (cond on sampled tp)] | Loss 2434.637451 | Likelihood -2434.637451 | KL fp 0.0000 | FP STD 0.0000|
KL coef: 0.0
Train loss (one batch): 2415.463623046875
Train CE loss (one batch): 0.0
Test MSE: 0.4877
Poisson likelihood: 0.0
CE loss: 0.0
Experiment 29213
Epoch 0009 [Test seq (cond on sampled tp)] | Loss 2212.463379 | Likelihood -2212.463379 | KL fp 0.0000 | FP STD 0.0000|
KL coef: 0.0
Train loss (one batch): 2316.259765625
Train CE loss (one batch): 0.0
Test MSE: 0.4432
Poisson likelihood: 0.0
CE loss: 0.0
Experiment 29213
Epoch 0010 [Test seq (cond on sampled tp)] | Loss 1949.777588 | Likelihood -1949.777588 | KL fp 0.0000 | FP STD 0.0000|
KL coef: 0.0
Train loss (one batch): 2126.0283203125
Train CE loss (one batch): 0.0
Test MSE: 0.3907
Poisson likelihood: 0.0
CE loss: 0.0
Experiment 29213
Epoch 0011 [Test seq (cond on sampled tp)] | Loss 1794.821533 | Likelihood -1794.821533 | KL fp 0.0000 | FP STD 0.0000|
KL coef: 0.010000000000000009
Train loss (one batch): 2009.8868408203125
Train CE loss (one batch): 0.0
Test MSE: 0.3597
Poisson likelihood: 0.0
CE loss: 0.0
Experiment 29213
Epoch 0012 [Test seq (cond on sampled tp)] | Loss 1719.068237 | Likelihood -1719.068237 | KL fp 0.0000 | FP STD 0.0000|
KL coef: 0.01990000000000003
Train loss (one batch): 1963.480712890625
Train CE loss (one batch): 0.0
Test MSE: 0.3446
Poisson likelihood: 0.0
CE loss: 0.0
Experiment 29213
Epoch 0013 [Test seq (cond on sampled tp)] | Loss 1654.062134 | Likelihood -1654.062134 | KL fp 0.0000 | FP STD 0.0000|
KL coef: 0.029700999999999977
Train loss (one batch): 1906.5233154296875
Train CE loss (one batch): 0.0
Test MSE: 0.3315
Poisson likelihood: 0.0
CE loss: 0.0
Experiment 29213
Epoch 0014 [Test seq (cond on sampled tp)] | Loss 1587.308838 | Likelihood -1587.308838 | KL fp 0.0000 | FP STD 0.0000|
KL coef: 0.039403990000000055
Train loss (one batch): 1809.6458740234375
Train CE loss (one batch): 0.0
Test MSE: 0.3182
Poisson likelihood: 0.0
CE loss: 0.0
Experiment 29213
Epoch 0015 [Test seq (cond on sampled tp)] | Loss 1547.260254 | Likelihood -1547.260254 | KL fp 0.0000 | FP STD 0.0000|
KL coef: 0.04900995010000009
Train loss (one batch): 1724.26806640625
Train CE loss (one batch): 0.0
Test MSE: 0.3102
Poisson likelihood: 0.0
CE loss: 0.0
Experiment 29213
Epoch 0016 [Test seq (cond on sampled tp)] | Loss 1526.696655 | Likelihood -1526.696655 | KL fp 0.0000 | FP STD 0.0000|
KL coef: 0.058519850599
Train loss (one batch): 1668.7864990234375
Train CE loss (one batch): 0.0
Test MSE: 0.3061
Poisson likelihood: 0.0
CE loss: 0.0
Experiment 29213
Epoch 0017 [Test seq (cond on sampled tp)] | Loss 1498.967651 | Likelihood -1498.967651 | KL fp 0.0000 | FP STD 0.0000|
KL coef: 0.06793465209301008
Train loss (one batch): 1625.5238037109375
Train CE loss (one batch): 0.0
Test MSE: 0.3005
Poisson likelihood: 0.0
CE loss: 0.0
Experiment 29213
Epoch 0018 [Test seq (cond on sampled tp)] | Loss 1459.772461 | Likelihood -1459.772461 | KL fp 0.0000 | FP STD 0.0000|
KL coef: 0.07725530557207994
Train loss (one batch): 1576.3800048828125
Train CE loss (one batch): 0.0
Test MSE: 0.2927
Poisson likelihood: 0.0
CE loss: 0.0
Experiment 29213
Epoch 0019 [Test seq (cond on sampled tp)] | Loss 1416.138550 | Likelihood -1416.138550 | KL fp 0.0000 | FP STD 0.0000|
KL coef: 0.08648275251635917
Train loss (one batch): 1519.490234375
Train CE loss (one batch): 0.0
Test MSE: 0.2840
Poisson likelihood: 0.0
CE loss: 0.0
Experiment 29213
Epoch 0020 [Test seq (cond on sampled tp)] | Loss 1374.721069 | Likelihood -1374.721069 | KL fp 0.0000 | FP STD 0.0000|
KL coef: 0.09561792499119559
Train loss (one batch): 1463.2701416015625
Train CE loss (one batch): 0.0
Test MSE: 0.2757
Poisson likelihood: 0.0
CE loss: 0.0
Experiment 29213
Epoch 0021 [Test seq (cond on sampled tp)] | Loss 1334.343994 | Likelihood -1334.343994 | KL fp 0.0000 | FP STD 0.0000|
KL coef: 0.10466174574128362
Train loss (one batch): 1417.675048828125
Train CE loss (one batch): 0.0
Test MSE: 0.2676
Poisson likelihood: 0.0
CE loss: 0.0
Experiment 29213
Epoch 0022 [Test seq (cond on sampled tp)] | Loss 1297.455933 | Likelihood -1297.455933 | KL fp 0.0000 | FP STD 0.0000|
KL coef: 0.11361512828387077
Train loss (one batch): 1383.463623046875
Train CE loss (one batch): 0.0
Test MSE: 0.2602
Poisson likelihood: 0.0
CE loss: 0.0
Experiment 29213
Epoch 0023 [Test seq (cond on sampled tp)] | Loss 1271.727783 | Likelihood -1271.727783 | KL fp 0.0000 | FP STD 0.0000|
KL coef: 0.12247897700103216
Train loss (one batch): 1355.642578125
Train CE loss (one batch): 0.0
Test MSE: 0.2551
Poisson likelihood: 0.0
CE loss: 0.0
Experiment 29213
Epoch 0024 [Test seq (cond on sampled tp)] | Loss 1253.394531 | Likelihood -1253.394531 | KL fp 0.0000 | FP STD 0.0000|
KL coef: 0.13125418723102178
Train loss (one batch): 1327.46337890625
Train CE loss (one batch): 0.0
Test MSE: 0.2514
Poisson likelihood: 0.0
CE loss: 0.0
Experiment 29213
Epoch 0025 [Test seq (cond on sampled tp)] | Loss 1221.808838 | Likelihood -1221.808838 | KL fp 0.0000 | FP STD 0.0000|
KL coef: 0.13994164535871156
Train loss (one batch): 1294.25146484375
Train CE loss (one batch): 0.0
Test MSE: 0.2451
Poisson likelihood: 0.0
CE loss: 0.0
Experiment 29213
Epoch 0026 [Test seq (cond on sampled tp)] | Loss 1164.067627 | Likelihood -1164.067627 | KL fp 0.0000 | FP STD 0.0000|
KL coef: 0.14854222890512447
Train loss (one batch): 1248.453857421875
Train CE loss (one batch): 0.0
Test MSE: 0.2336
Poisson likelihood: 0.0
CE loss: 0.0
Experiment 29213
Epoch 0027 [Test seq (cond on sampled tp)] | Loss 1096.588135 | Likelihood -1096.588135 | KL fp 0.0000 | FP STD 0.0000|
KL coef: 0.15705680661607324
Train loss (one batch): 1187.724853515625
Train CE loss (one batch): 0.0
Test MSE: 0.2201
Poisson likelihood: 0.0
CE loss: 0.0
Experiment 29213
Epoch 0028 [Test seq (cond on sampled tp)] | Loss 1033.362549 | Likelihood -1033.362549 | KL fp 0.0000 | FP STD 0.0000|
KL coef: 0.1654862385499125
Train loss (one batch): 1114.99609375
Train CE loss (one batch): 0.0
Test MSE: 0.2074
Poisson likelihood: 0.0
CE loss: 0.0
Experiment 29213
Epoch 0029 [Test seq (cond on sampled tp)] | Loss 962.719177 | Likelihood -962.719177 | KL fp 0.0000 | FP STD 0.0000|
KL coef: 0.17383137616441335
Train loss (one batch): 1032.68359375
Train CE loss (one batch): 0.0
Test MSE: 0.1933
Poisson likelihood: 0.0
CE loss: 0.0
Experiment 29213
Epoch 0030 [Test seq (cond on sampled tp)] | Loss 882.869568 | Likelihood -882.869568 | KL fp 0.0000 | FP STD 0.0000|
KL coef: 0.18209306240276923
Train loss (one batch): 939.5714111328125
Train CE loss (one batch): 0.0
Test MSE: 0.1773
Poisson likelihood: 0.0
CE loss: 0.0
Experiment 29213
Epoch 0031 [Test seq (cond on sampled tp)] | Loss 815.531860 | Likelihood -815.531860 | KL fp 0.0000 | FP STD 0.0000|
KL coef: 0.19027213177874158
Train loss (one batch): 841.2691650390625
Train CE loss (one batch): 0.0
Test MSE: 0.1638
Poisson likelihood: 0.0
CE loss: 0.0
Experiment 29213
Epoch 0032 [Test seq (cond on sampled tp)] | Loss 751.822388 | Likelihood -751.822388 | KL fp 0.0000 | FP STD 0.0000|
KL coef: 0.19836941046095413
Train loss (one batch): 752.6390991210938
Train CE loss (one batch): 0.0
Test MSE: 0.1511
Poisson likelihood: 0.0
CE loss: 0.0
Experiment 29213
Epoch 0033 [Test seq (cond on sampled tp)] | Loss 704.252808 | Likelihood -704.252808 | KL fp 0.0000 | FP STD 0.0000|
KL coef: 0.20638571635634462
Train loss (one batch): 684.5819091796875
Train CE loss (one batch): 0.0
Test MSE: 0.1416
Poisson likelihood: 0.0
CE loss: 0.0
Experiment 29213
Epoch 0034 [Test seq (cond on sampled tp)] | Loss 670.798462 | Likelihood -670.798462 | KL fp 0.0000 | FP STD 0.0000|
KL coef: 0.21432185919278124
Train loss (one batch): 630.9924926757812
Train CE loss (one batch): 0.0
Test MSE: 0.1349
Poisson likelihood: 0.0
CE loss: 0.0
Experiment 29213
Epoch 0035 [Test seq (cond on sampled tp)] | Loss 646.723145 | Likelihood -646.723145 | KL fp 0.0000 | FP STD 0.0000|
KL coef: 0.22217864060085335
Train loss (one batch): 591.3375244140625
Train CE loss (one batch): 0.0
Test MSE: 0.1301
Poisson likelihood: 0.0
CE loss: 0.0
Experiment 29213
Epoch 0036 [Test seq (cond on sampled tp)] | Loss 633.611145 | Likelihood -633.611145 | KL fp 0.0000 | FP STD 0.0000|
KL coef: 0.2299568541948449
Train loss (one batch): 572.2399291992188
Train CE loss (one batch): 0.0
Test MSE: 0.1275
Poisson likelihood: 0.0
CE loss: 0.0
Experiment 29213
Epoch 0037 [Test seq (cond on sampled tp)] | Loss 629.201233 | Likelihood -629.201233 | KL fp 0.0000 | FP STD 0.0000|
KL coef: 0.23765728565289646
Train loss (one batch): 560.0211181640625
Train CE loss (one batch): 0.0
Test MSE: 0.1266
Poisson likelihood: 0.0
CE loss: 0.0
Experiment 29213
Epoch 0038 [Test seq (cond on sampled tp)] | Loss 633.044434 | Likelihood -633.044434 | KL fp 0.0000 | FP STD 0.0000|
KL coef: 0.24528071279636743
Train loss (one batch): 549.2083129882812
Train CE loss (one batch): 0.0
Test MSE: 0.1273
Poisson likelihood: 0.0
CE loss: 0.0
Experiment 29213
Epoch 0039 [Test seq (cond on sampled tp)] | Loss 641.456299 | Likelihood -641.456299 | KL fp 0.0000 | FP STD 0.0000|
KL coef: 0.25282790566840385
Train loss (one batch): 543.3333129882812
Train CE loss (one batch): 0.0
Test MSE: 0.1290
Poisson likelihood: 0.0
CE loss: 0.0
Experiment 29213
Epoch 0040 [Test seq (cond on sampled tp)] | Loss 642.406555 | Likelihood -642.406555 | KL fp 0.0000 | FP STD 0.0000|
KL coef: 0.2602996266117198
Train loss (one batch): 538.5270385742188
Train CE loss (one batch): 0.0
Test MSE: 0.1292
Poisson likelihood: 0.0
CE loss: 0.0
Experiment 29213
Epoch 0041 [Test seq (cond on sampled tp)] | Loss 637.405457 | Likelihood -637.405457 | KL fp 0.0000 | FP STD 0.0000|
KL coef: 0.26769663034560254
Train loss (one batch): 532.4764404296875
Train CE loss (one batch): 0.0
Test MSE: 0.1282
Poisson likelihood: 0.0
CE loss: 0.0
Experiment 29213
Epoch 0042 [Test seq (cond on sampled tp)] | Loss 629.308289 | Likelihood -629.308289 | KL fp 0.0000 | FP STD 0.0000|
KL coef: 0.2750196640421466
Train loss (one batch): 526.5336303710938
Train CE loss (one batch): 0.0
Test MSE: 0.1266
Poisson likelihood: 0.0
CE loss: 0.0
Experiment 29213
Epoch 0043 [Test seq (cond on sampled tp)] | Loss 621.785278 | Likelihood -621.785278 | KL fp 0.0000 | FP STD 0.0000|
KL coef: 0.2822694674017251
Train loss (one batch): 521.61962890625
Train CE loss (one batch): 0.0
Test MSE: 0.1251
Poisson likelihood: 0.0
CE loss: 0.0
Experiment 29213
Epoch 0044 [Test seq (cond on sampled tp)] | Loss 615.956177 | Likelihood -615.956177 | KL fp 0.0000 | FP STD 0.0000|
KL coef: 0.2894467727277079
Train loss (one batch): 516.4925537109375
Train CE loss (one batch): 0.0
Test MSE: 0.1239
Poisson likelihood: 0.0
CE loss: 0.0
Experiment 29213
Epoch 0045 [Test seq (cond on sampled tp)] | Loss 610.710266 | Likelihood -610.710266 | KL fp 0.0000 | FP STD 0.0000|
KL coef: 0.29655230500043084
Train loss (one batch): 512.942626953125
Train CE loss (one batch): 0.0
Test MSE: 0.1229
Poisson likelihood: 0.0
CE loss: 0.0
Experiment 29213
Epoch 0046 [Test seq (cond on sampled tp)] | Loss 604.059326 | Likelihood -604.059326 | KL fp 0.0000 | FP STD 0.0000|
KL coef: 0.30358678195042654
Train loss (one batch): 509.937255859375
Train CE loss (one batch): 0.0
Test MSE: 0.1215
Poisson likelihood: 0.0
CE loss: 0.0
Experiment 29213
Epoch 0047 [Test seq (cond on sampled tp)] | Loss 593.686951 | Likelihood -593.686951 | KL fp 0.0000 | FP STD 0.0000|
KL coef: 0.3105509141309223
Train loss (one batch): 506.3774719238281
Train CE loss (one batch): 0.0
Test MSE: 0.1195
Poisson likelihood: 0.0
CE loss: 0.0
Experiment 29213
Epoch 0048 [Test seq (cond on sampled tp)] | Loss 583.976074 | Likelihood -583.976074 | KL fp 0.0000 | FP STD 0.0000|
KL coef: 0.31744540498961304
Train loss (one batch): 501.8757629394531
Train CE loss (one batch): 0.0
Test MSE: 0.1175
Poisson likelihood: 0.0
CE loss: 0.0
Experiment 29213
Epoch 0049 [Test seq (cond on sampled tp)] | Loss 575.263000 | Likelihood -575.263000 | KL fp 0.0000 | FP STD 0.0000|
KL coef: 0.3242709509397169
Train loss (one batch): 497.0029296875
Train CE loss (one batch): 0.0
Test MSE: 0.1158
Poisson likelihood: 0.0
CE loss: 0.0
Experiment 29213
Epoch 0050 [Test seq (cond on sampled tp)] | Loss 571.064026 | Likelihood -571.064026 | KL fp 0.0000 | FP STD 0.0000|
KL coef: 0.3310282414303197
Train loss (one batch): 492.07525634765625
Train CE loss (one batch): 0.0
Test MSE: 0.1150
Poisson likelihood: 0.0
CE loss: 0.0
Experiment 29213
Epoch 0051 [Test seq (cond on sampled tp)] | Loss 568.879883 | Likelihood -568.879883 | KL fp 0.0000 | FP STD 0.0000|
KL coef: 0.33771795901601653
Train loss (one batch): 487.5967712402344
Train CE loss (one batch): 0.0
Test MSE: 0.1145
Poisson likelihood: 0.0
CE loss: 0.0
Experiment 29213
Epoch 0052 [Test seq (cond on sampled tp)] | Loss 567.811890 | Likelihood -567.811890 | KL fp 0.0000 | FP STD 0.0000|
KL coef: 0.3443407794258564
Train loss (one batch): 483.9188537597656
Train CE loss (one batch): 0.0
Test MSE: 0.1143
Poisson likelihood: 0.0
CE loss: 0.0
Experiment 29213
Epoch 0053 [Test seq (cond on sampled tp)] | Loss 564.986755 | Likelihood -564.986755 | KL fp 0.0000 | FP STD 0.0000|
KL coef: 0.35089737163159784
Train loss (one batch): 480.7574768066406
Train CE loss (one batch): 0.0
Test MSE: 0.1137
Poisson likelihood: 0.0
CE loss: 0.0
Experiment 29213
Epoch 0054 [Test seq (cond on sampled tp)] | Loss 559.697937 | Likelihood -559.697937 | KL fp 0.0000 | FP STD 0.0000|
KL coef: 0.3573883979152819
Train loss (one batch): 477.7921447753906
Train CE loss (one batch): 0.0
Test MSE: 0.1127
Poisson likelihood: 0.0
CE loss: 0.0
Experiment 29213
Epoch 0055 [Test seq (cond on sampled tp)] | Loss 553.867615 | Likelihood -553.867615 | KL fp 0.0000 | FP STD 0.0000|
KL coef: 0.36381451393612907
Train loss (one batch): 474.9192199707031
Train CE loss (one batch): 0.0
Test MSE: 0.1115
Poisson likelihood: 0.0
CE loss: 0.0
Experiment 29213
Epoch 0056 [Test seq (cond on sampled tp)] | Loss 548.370544 | Likelihood -548.370544 | KL fp 0.0000 | FP STD 0.0000|
KL coef: 0.37017636879676774
Train loss (one batch): 472.1710510253906
Train CE loss (one batch): 0.0
Test MSE: 0.1104
Poisson likelihood: 0.0
CE loss: 0.0
Experiment 29213
Epoch 0057 [Test seq (cond on sampled tp)] | Loss 545.134583 | Likelihood -545.134583 | KL fp 0.0000 | FP STD 0.0000|
KL coef: 0.37647460510880004
Train loss (one batch): 469.5599060058594
Train CE loss (one batch): 0.0
Test MSE: 0.1098
Poisson likelihood: 0.0
CE loss: 0.0
Experiment 29213
Epoch 0058 [Test seq (cond on sampled tp)] | Loss 542.853882 | Likelihood -542.853882 | KL fp 0.0000 | FP STD 0.0000|
KL coef: 0.38270985905771204
Train loss (one batch): 467.1084289550781
Train CE loss (one batch): 0.0
Test MSE: 0.1093
Poisson likelihood: 0.0
CE loss: 0.0
Experiment 29213
Epoch 0059 [Test seq (cond on sampled tp)] | Loss 540.995483 | Likelihood -540.995483 | KL fp 0.0000 | FP STD 0.0000|
KL coef: 0.388882760467135
Train loss (one batch): 464.7586975097656
Train CE loss (one batch): 0.0
Test MSE: 0.1089
Poisson likelihood: 0.0
CE loss: 0.0
Experiment 29213
Epoch 0060 [Test seq (cond on sampled tp)] | Loss 538.392700 | Likelihood -538.392700 | KL fp 0.0000 | FP STD 0.0000|
KL coef: 0.39499393286246365
Train loss (one batch): 462.3692321777344
Train CE loss (one batch): 0.0
Test MSE: 0.1084
Poisson likelihood: 0.0
CE loss: 0.0
Experiment 29213
Epoch 0061 [Test seq (cond on sampled tp)] | Loss 535.310669 | Likelihood -535.310669 | KL fp 0.0000 | FP STD 0.0000|
KL coef: 0.401043993533839
Train loss (one batch): 459.955810546875
Train CE loss (one batch): 0.0
Test MSE: 0.1078
Poisson likelihood: 0.0
CE loss: 0.0
Experiment 29213
Epoch 0062 [Test seq (cond on sampled tp)] | Loss 532.560242 | Likelihood -532.560242 | KL fp 0.0000 | FP STD 0.0000|
KL coef: 0.4070335535985006
Train loss (one batch): 457.57012939453125
Train CE loss (one batch): 0.0
Test MSE: 0.1072
Poisson likelihood: 0.0
CE loss: 0.0
Experiment 29213
Epoch 0063 [Test seq (cond on sampled tp)] | Loss 530.192871 | Likelihood -530.192871 | KL fp 0.0000 | FP STD 0.0000|
KL coef: 0.41296321806251557
Train loss (one batch): 455.2880859375
Train CE loss (one batch): 0.0
Test MSE: 0.1068
Poisson likelihood: 0.0
CE loss: 0.0
Experiment 29213
Epoch 0064 [Test seq (cond on sampled tp)] | Loss 528.251160 | Likelihood -528.251160 | KL fp 0.0000 | FP STD 0.0000|
KL coef: 0.41883358588189046
Train loss (one batch): 453.07989501953125
Train CE loss (one batch): 0.0
Test MSE: 0.1064
Poisson likelihood: 0.0
CE loss: 0.0
Experiment 29213
Epoch 0065 [Test seq (cond on sampled tp)] | Loss 525.825745 | Likelihood -525.825745 | KL fp 0.0000 | FP STD 0.0000|
KL coef: 0.4246452500230715
Train loss (one batch): 450.9264221191406
Train CE loss (one batch): 0.0
Test MSE: 0.1059
Poisson likelihood: 0.0
CE loss: 0.0
Experiment 29213
Epoch 0066 [Test seq (cond on sampled tp)] | Loss 522.833923 | Likelihood -522.833923 | KL fp 0.0000 | FP STD 0.0000|
KL coef: 0.4303987975228408
Train loss (one batch): 448.7696533203125
Train CE loss (one batch): 0.0
Test MSE: 0.1053
Poisson likelihood: 0.0
CE loss: 0.0
Experiment 29213
Epoch 0067 [Test seq (cond on sampled tp)] | Loss 519.406494 | Likelihood -519.406494 | KL fp 0.0000 | FP STD 0.0000|
KL coef: 0.4360948095476125
Train loss (one batch): 446.59149169921875
Train CE loss (one batch): 0.0
Test MSE: 0.1046
Poisson likelihood: 0.0
CE loss: 0.0
Experiment 29213
Epoch 0068 [Test seq (cond on sampled tp)] | Loss 516.137146 | Likelihood -516.137146 | KL fp 0.0000 | FP STD 0.0000|
KL coef: 0.44173386145213633
Train loss (one batch): 444.4472961425781
Train CE loss (one batch): 0.0
Test MSE: 0.1040
Poisson likelihood: 0.0
CE loss: 0.0
Experiment 29213
Epoch 0069 [Test seq (cond on sampled tp)] | Loss 513.594604 | Likelihood -513.594604 | KL fp 0.0000 | FP STD 0.0000|
KL coef: 0.4473165228376149
Train loss (one batch): 442.3328857421875
Train CE loss (one batch): 0.0
Test MSE: 0.1035
Poisson likelihood: 0.0
CE loss: 0.0
Experiment 29213
Epoch 0070 [Test seq (cond on sampled tp)] | Loss 511.532227 | Likelihood -511.532227 | KL fp 0.0000 | FP STD 0.0000|
KL coef: 0.4528433576092388
Train loss (one batch): 440.2560729980469
Train CE loss (one batch): 0.0
Test MSE: 0.1030
Poisson likelihood: 0.0
CE loss: 0.0
Experiment 29213
Epoch 0071 [Test seq (cond on sampled tp)] | Loss 509.791016 | Likelihood -509.791016 | KL fp 0.0000 | FP STD 0.0000|
KL coef: 0.45831492403314644
Train loss (one batch): 438.19036865234375
Train CE loss (one batch): 0.0
Test MSE: 0.1027
Poisson likelihood: 0.0
CE loss: 0.0
Experiment 29213
Epoch 0072 [Test seq (cond on sampled tp)] | Loss 507.765106 | Likelihood -507.765106 | KL fp 0.0000 | FP STD 0.0000|
KL coef: 0.463731774792815
Train loss (one batch): 436.1080322265625
Train CE loss (one batch): 0.0
Test MSE: 0.1023
Poisson likelihood: 0.0
CE loss: 0.0
Experiment 29213
Epoch 0073 [Test seq (cond on sampled tp)] | Loss 505.574036 | Likelihood -505.574036 | KL fp 0.0000 | FP STD 0.0000|
KL coef: 0.46909445704488684
Train loss (one batch): 434.0227966308594
Train CE loss (one batch): 0.0
Test MSE: 0.1019
Poisson likelihood: 0.0
CE loss: 0.0
Experiment 29213
Epoch 0074 [Test seq (cond on sampled tp)] | Loss 503.255859 | Likelihood -503.255859 | KL fp 0.0000 | FP STD 0.0000|
KL coef: 0.474403512474438
Train loss (one batch): 431.96417236328125
Train CE loss (one batch): 0.0
Test MSE: 0.1014
Poisson likelihood: 0.0
CE loss: 0.0
Experiment 29213
Epoch 0075 [Test seq (cond on sampled tp)] | Loss 501.054443 | Likelihood -501.054443 | KL fp 0.0000 | FP STD 0.0000|
KL coef: 0.4796594773496936
Train loss (one batch): 429.9756164550781
Train CE loss (one batch): 0.0
Test MSE: 0.1009
Poisson likelihood: 0.0
CE loss: 0.0
Experiment 29213
Epoch 0076 [Test seq (cond on sampled tp)] | Loss 498.910309 | Likelihood -498.910309 | KL fp 0.0000 | FP STD 0.0000|
KL coef: 0.4848628825761967
Train loss (one batch): 428.048828125
Train CE loss (one batch): 0.0
Test MSE: 0.1005
Poisson likelihood: 0.0
CE loss: 0.0
Experiment 29213
Epoch 0077 [Test seq (cond on sampled tp)] | Loss 496.709473 | Likelihood -496.709473 | KL fp 0.0000 | FP STD 0.0000|
KL coef: 0.4900142537504347
Train loss (one batch): 426.1815185546875
Train CE loss (one batch): 0.0
Test MSE: 0.1001
Poisson likelihood: 0.0
CE loss: 0.0
Experiment 29213
Epoch 0078 [Test seq (cond on sampled tp)] | Loss 494.576721 | Likelihood -494.576721 | KL fp 0.0000 | FP STD 0.0000|
KL coef: 0.49511411121293036
Train loss (one batch): 424.3447265625
Train CE loss (one batch): 0.0
Test MSE: 0.0997
Poisson likelihood: 0.0
CE loss: 0.0
Experiment 29213
Epoch 0079 [Test seq (cond on sampled tp)] | Loss 492.476532 | Likelihood -492.476532 | KL fp 0.0000 | FP STD 0.0000|
KL coef: 0.500162970100801
Train loss (one batch): 422.5433044433594
Train CE loss (one batch): 0.0
Test MSE: 0.0992
Poisson likelihood: 0.0
CE loss: 0.0
Experiment 29213
Epoch 0080 [Test seq (cond on sampled tp)] | Loss 490.686829 | Likelihood -490.686829 | KL fp 0.0000 | FP STD 0.0000|
KL coef: 0.505161340399793
Train loss (one batch): 420.75970458984375
Train CE loss (one batch): 0.0
Test MSE: 0.0989
Poisson likelihood: 0.0
CE loss: 0.0
Experiment 29213
Epoch 0081 [Test seq (cond on sampled tp)] | Loss 488.919525 | Likelihood -488.919525 | KL fp 0.0000 | FP STD 0.0000|
KL coef: 0.510109726995795
Train loss (one batch): 418.9888916015625
Train CE loss (one batch): 0.0
Test MSE: 0.0985
Poisson likelihood: 0.0
CE loss: 0.0
Experiment 29213
Epoch 0082 [Test seq (cond on sampled tp)] | Loss 487.165741 | Likelihood -487.165741 | KL fp 0.0000 | FP STD 0.0000|
KL coef: 0.5150086297258372
Train loss (one batch): 417.23681640625
Train CE loss (one batch): 0.0
Test MSE: 0.0982
Poisson likelihood: 0.0
CE loss: 0.0
Experiment 29213
Epoch 0083 [Test seq (cond on sampled tp)] | Loss 485.326172 | Likelihood -485.326172 | KL fp 0.0000 | FP STD 0.0000|
KL coef: 0.5198585434285787
Train loss (one batch): 415.49468994140625
Train CE loss (one batch): 0.0
Test MSE: 0.0978
Poisson likelihood: 0.0
CE loss: 0.0
Experiment 29213
Epoch 0084 [Test seq (cond on sampled tp)] | Loss 483.524475 | Likelihood -483.524475 | KL fp 0.0000 | FP STD 0.0000|
KL coef: 0.524659957994293
Train loss (one batch): 413.7956237792969
Train CE loss (one batch): 0.0
Test MSE: 0.0974
Poisson likelihood: 0.0
CE loss: 0.0
Experiment 29213
Epoch 0085 [Test seq (cond on sampled tp)] | Loss 481.906647 | Likelihood -481.906647 | KL fp 0.0000 | FP STD 0.0000|
KL coef: 0.5294133584143501
Train loss (one batch): 412.1331787109375
Train CE loss (one batch): 0.0
Test MSE: 0.0971
Poisson likelihood: 0.0
CE loss: 0.0
Experiment 29213
Epoch 0086 [Test seq (cond on sampled tp)] | Loss 480.359100 | Likelihood -480.359100 | KL fp 0.0000 | FP STD 0.0000|
KL coef: 0.5341192248302067
Train loss (one batch): 410.5320739746094
Train CE loss (one batch): 0.0
Test MSE: 0.0968
Poisson likelihood: 0.0
CE loss: 0.0
Experiment 29213
Epoch 0087 [Test seq (cond on sampled tp)] | Loss 478.849518 | Likelihood -478.849518 | KL fp 0.0000 | FP STD 0.0000|
KL coef: 0.5387780325819045
Train loss (one batch): 408.9720764160156
Train CE loss (one batch): 0.0
Test MSE: 0.0965
Poisson likelihood: 0.0
CE loss: 0.0
Experiment 29213
Epoch 0088 [Test seq (cond on sampled tp)] | Loss 477.298065 | Likelihood -477.298065 | KL fp 0.0000 | FP STD 0.0000|
KL coef: 0.5433902522560855
Train loss (one batch): 407.4642639160156
Train CE loss (one batch): 0.0
Test MSE: 0.0962
Poisson likelihood: 0.0
CE loss: 0.0
Experiment 29213
Epoch 0089 [Test seq (cond on sampled tp)] | Loss 475.858734 | Likelihood -475.858734 | KL fp 0.0000 | FP STD 0.0000|
KL coef: 0.5479563497335247
Train loss (one batch): 405.9876403808594
Train CE loss (one batch): 0.0
Test MSE: 0.0959
Poisson likelihood: 0.0
CE loss: 0.0
Experiment 29213
Epoch 0090 [Test seq (cond on sampled tp)] | Loss 474.501801 | Likelihood -474.501801 | KL fp 0.0000 | FP STD 0.0000|
KL coef: 0.5524767862361895
Train loss (one batch): 404.561767578125
Train CE loss (one batch): 0.0
Test MSE: 0.0956
Poisson likelihood: 0.0
CE loss: 0.0
Experiment 29213
Epoch 0091 [Test seq (cond on sampled tp)] | Loss 473.282440 | Likelihood -473.282440 | KL fp 0.0000 | FP STD 0.0000|
KL coef: 0.5569520183738275
Train loss (one batch): 403.16015625
Train CE loss (one batch): 0.0
Test MSE: 0.0954
Poisson likelihood: 0.0
CE loss: 0.0
Experiment 29213
Epoch 0092 [Test seq (cond on sampled tp)] | Loss 472.060516 | Likelihood -472.060516 | KL fp 0.0000 | FP STD 0.0000|
KL coef: 0.5613824981900892
Train loss (one batch): 401.7914733886719
Train CE loss (one batch): 0.0
Test MSE: 0.0951
Poisson likelihood: 0.0
CE loss: 0.0
Experiment 29213
Epoch 0093 [Test seq (cond on sampled tp)] | Loss 470.889008 | Likelihood -470.889008 | KL fp 0.0000 | FP STD 0.0000|
KL coef: 0.5657686732081884
Train loss (one batch): 400.45806884765625
Train CE loss (one batch): 0.0
Test MSE: 0.0949
Poisson likelihood: 0.0
CE loss: 0.0
Experiment 29213
Epoch 0094 [Test seq (cond on sampled tp)] | Loss 469.727539 | Likelihood -469.727539 | KL fp 0.0000 | FP STD 0.0000|
KL coef: 0.5701109864761065
Train loss (one batch): 399.1734619140625
Train CE loss (one batch): 0.0
Test MSE: 0.0947
Poisson likelihood: 0.0
CE loss: 0.0
Experiment 29213
Epoch 0095 [Test seq (cond on sampled tp)] | Loss 468.680634 | Likelihood -468.680634 | KL fp 0.0000 | FP STD 0.0000|
KL coef: 0.5744098766113455
Train loss (one batch): 397.9231872558594
Train CE loss (one batch): 0.0
Test MSE: 0.0945
Poisson likelihood: 0.0
CE loss: 0.0
Experiment 29213
Epoch 0096 [Test seq (cond on sampled tp)] | Loss 467.620026 | Likelihood -467.620026 | KL fp 0.0000 | FP STD 0.0000|
KL coef: 0.578665777845232
Train loss (one batch): 396.7297668457031
Train CE loss (one batch): 0.0
Test MSE: 0.0943
Poisson likelihood: 0.0
CE loss: 0.0
Experiment 29213
Epoch 0097 [Test seq (cond on sampled tp)] | Loss 466.566986 | Likelihood -466.566986 | KL fp 0.0000 | FP STD 0.0000|
KL coef: 0.5828791200667797
Train loss (one batch): 395.5625
Train CE loss (one batch): 0.0
Test MSE: 0.0941
Poisson likelihood: 0.0
CE loss: 0.0
Experiment 29213
Epoch 0098 [Test seq (cond on sampled tp)] | Loss 465.564056 | Likelihood -465.564056 | KL fp 0.0000 | FP STD 0.0000|
KL coef: 0.5870503288661119
Train loss (one batch): 394.4391174316406
Train CE loss (one batch): 0.0
Test MSE: 0.0939
Poisson likelihood: 0.0
CE loss: 0.0
Experiment 29213
Epoch 0099 [Test seq (cond on sampled tp)] | Loss 464.709808 | Likelihood -464.709808 | KL fp 0.0000 | FP STD 0.0000|
KL coef: 0.5911798255774507
Train loss (one batch): 393.3341064453125
Train CE loss (one batch): 0.0
Test MSE: 0.0937
Poisson likelihood: 0.0
CE loss: 0.0
Experiment 29213
Epoch 0100 [Test seq (cond on sampled tp)] | Loss 463.945129 | Likelihood -463.945129 | KL fp 0.0000 | FP STD 0.0000|
KL coef: 0.5952680273216762
Train loss (one batch): 392.271728515625
Train CE loss (one batch): 0.0
Test MSE: 0.0935
Poisson likelihood: 0.0
CE loss: 0.0
/home/pf/pfstud/ODE_Nando/ODE_crop_Project/latent_ode-my_mod/run_models.py
/home/pf/pfstud/ODE_Nando/ODE_crop_Project/latent_ode-my_mod/run_models.py
/home/pf/pfstud/ODE_Nando/ODE_crop_Project/latent_ode-my_mod/run_models.py
/home/pf/pfstud/ODE_Nando/ODE_crop_Project/latent_ode-my_mod/run_models.py
/home/pf/pfstud/ODE_Nando/ODE_crop_Project/latent_ode-my_mod/run_models.py
/home/pf/pfstud/ODE_Nando/ODE_crop_Project/latent_ode-my_mod/run_models.py
Experiment 72030
Epoch 0001 [Test seq (cond on sampled tp)] | Loss 1.637748 | Likelihood -21080.490234 | KL fp 0.0000 | FP STD 0.0000|
KL coef: 0.0
Train loss (one batch): 1.6165190935134888
Train CE loss (one batch): 1.6165190935134888
Test MSE: 4.2168
Classification accuracy (TEST): 0.4538
Poisson likelihood: 0.0
CE loss: 1.6377484798431396
/home/pf/pfstud/ODE_Nando/ODE_crop_Project/latent_ode-my_mod/run_models.py
/home/pf/pfstud/ODE_Nando/ODE_crop_Project/latent_ode-my_mod/run_models.py
Experiment 51412
Epoch 0001 [Test seq (cond on sampled tp)] | Loss 1.503139 | Likelihood -25823.271484 | KL fp 0.0000 | FP STD 0.0000|
KL coef: 0.0
Train loss (one batch): 1.5980479717254639
Train CE loss (one batch): 1.5980479717254639
Test MSE: 5.1654
Classification accuracy (TEST): 0.4980
Poisson likelihood: 0.0
CE loss: 1.503138542175293
Experiment 51412
Epoch 0002 [Test seq (cond on sampled tp)] | Loss 1.258356 | Likelihood -26318.525391 | KL fp 0.0000 | FP STD 0.0000|
KL coef: 0.0
Train loss (one batch): 1.490770936012268
Train CE loss (one batch): 1.490770936012268
Test MSE: 5.2644
Classification accuracy (TEST): 0.3310
Poisson likelihood: 0.0
CE loss: 1.2583564519882202
/home/pf/pfstud/ODE_Nando/ODE_crop_Project/latent_ode-my_mod/run_models.py
/home/pf/pfstud/ODE_Nando/ODE_crop_Project/latent_ode-my_mod/run_models.py
Experiment 66508
Epoch 0001 [Test seq (cond on sampled tp)] | Loss 1.503139 | Likelihood -25823.271484 | KL fp 0.0000 | FP STD 0.0000|
KL coef: 0.0
Train loss (one batch): 1.5980479717254639
Train CE loss (one batch): 1.5980479717254639
Test MSE: 5.1654
Classification accuracy (TEST): 0.4980
Poisson likelihood: 0.0
CE loss: 1.503138542175293
Experiment 66508
Epoch 0002 [Test seq (cond on sampled tp)] | Loss 1.258356 | Likelihood -26318.525391 | KL fp 0.0000 | FP STD 0.0000|
KL coef: 0.0
Train loss (one batch): 1.490770936012268
Train CE loss (one batch): 1.490770936012268
Test MSE: 5.2644
Classification accuracy (TEST): 0.3310
Poisson likelihood: 0.0
CE loss: 1.2583564519882202
/home/pf/pfstud/ODE_Nando/ODE_crop_Project/latent_ode-my_mod/run_models.py
/home/pf/pfstud/ODE_Nando/ODE_crop_Project/latent_ode-my_mod/run_models.py
/home/pf/pfstud/ODE_Nando/ODE_crop_Project/latent_ode-my_mod/run_models.py
/home/pf/pfstud/ODE_Nando/ODE_crop_Project/latent_ode-my_mod/run_models.py
Experiment 89466
Epoch 0001 [Test seq (cond on sampled tp)] | Loss 1.503139 | Likelihood -25823.271484 | KL fp 0.0000 | FP STD 0.0000|
KL coef: 0.0
Train loss (one batch): 1.5980479717254639
Train CE loss (one batch): 1.5980479717254639
Test MSE: 5.1654
Classification accuracy (TEST): 0.4980
Poisson likelihood: 0.0
CE loss: 1.503138542175293
Experiment 89466
Epoch 0002 [Test seq (cond on sampled tp)] | Loss 1.258356 | Likelihood -26318.525391 | KL fp 0.0000 | FP STD 0.0000|
KL coef: 0.0
Train loss (one batch): 1.490770936012268
Train CE loss (one batch): 1.490770936012268
Test MSE: 5.2644
Classification accuracy (TEST): 0.3310
Poisson likelihood: 0.0
CE loss: 1.2583564519882202
/home/pf/pfstud/ODE_Nando/ODE_crop_Project/latent_ode-my_mod/run_models.py
/home/pf/pfstud/ODE_Nando/ODE_crop_Project/latent_ode-my_mod/run_models.py
Experiment 6912
Epoch 0005 [Test seq (cond on sampled tp)] | Loss 1.272862 | Likelihood -26584.207031 | KL fp 0.0000 | FP STD 0.0000|
KL coef: 0.0
Train loss (one batch): 1.2132004499435425
Train CE loss (one batch): 1.2132004499435425
Test MSE: 5.3176
Classification accuracy (TEST): 0.3360
Poisson likelihood: 0.0
CE loss: 1.2728620767593384
/home/pf/pfstud/ODE_Nando/ODE_crop_Project/latent_ode-my_mod/run_models.py
/home/pf/pfstud/ODE_Nando/ODE_crop_Project/latent_ode-my_mod/run_models.py
/home/pf/pfstud/ODE_Nando/ODE_crop_Project/latent_ode-my_mod/run_models.py
/home/pf/pfstud/ODE_Nando/ODE_crop_Project/latent_ode-my_mod/run_models.py
/home/pf/pfstud/ODE_Nando/ODE_crop_Project/latent_ode-my_mod/run_models.py
/home/pf/pfstud/ODE_Nando/ODE_crop_Project/latent_ode-my_mod/run_models.py
/home/pf/pfstud/ODE_Nando/ODE_crop_Project/latent_ode-my_mod/run_models.py
/home/pf/pfstud/ODE_Nando/ODE_crop_Project/latent_ode-my_mod/run_models.py
