/home/pf/pfstud/ODE_Nando/ODE_crop_Project/latent_ode-my_mod/run_models.py
/home/pf/pfstud/ODE_Nando/ODE_crop_Project/latent_ode-my_mod/run_models.py
/home/pf/pfstud/ODE_Nando/ODE_crop_Project/latent_ode-my_mod/run_models.py
/home/pf/pfstud/ODE_Nando/ODE_crop_Project/latent_ode-my_mod/run_models.py
Experiment 9756
Epoch 0001 [Test seq (cond on sampled tp)] | Loss 17293.478516 | Likelihood -17293.478516 | KL fp 0.0000 | FP STD 0.0000|
KL coef: 0.0
Train loss (one batch): 20105.12109375
Train CE loss (one batch): 0.0
Test MSE: 3.4594
Poisson likelihood: 0.0
CE loss: 0.0
/home/pf/pfstud/ODE_Nando/ODE_crop_Project/latent_ode-my_mod/run_models.py
/home/pf/pfstud/ODE_Nando/ODE_crop_Project/latent_ode-my_mod/run_models.py
Experiment 97402
Epoch 0001 [Test seq (cond on sampled tp)] | Loss 17293.478516 | Likelihood -17293.478516 | KL fp 0.0000 | FP STD 0.0000|
KL coef: 0.0
Train loss (one batch): 20105.12109375
Train CE loss (one batch): 0.0
Test MSE: 3.4594
Poisson likelihood: 0.0
CE loss: 0.0
Experiment 97402
Epoch 0002 [Test seq (cond on sampled tp)] | Loss 6414.745605 | Likelihood -6414.745605 | KL fp 0.0000 | FP STD 0.0000|
KL coef: 0.0
Train loss (one batch): 9941.8037109375
Train CE loss (one batch): 0.0
Test MSE: 1.2837
Poisson likelihood: 0.0
CE loss: 0.0
Experiment 97402
Epoch 0003 [Test seq (cond on sampled tp)] | Loss 3006.769287 | Likelihood -3006.769287 | KL fp 0.0000 | FP STD 0.0000|
KL coef: 0.0
Train loss (one batch): 3787.66650390625
Train CE loss (one batch): 0.0
Test MSE: 0.6021
Poisson likelihood: 0.0
CE loss: 0.0
Experiment 97402
Epoch 0004 [Test seq (cond on sampled tp)] | Loss 2745.626709 | Likelihood -2745.626709 | KL fp 0.0000 | FP STD 0.0000|
KL coef: 0.0
Train loss (one batch): 3537.759765625
Train CE loss (one batch): 0.0
Test MSE: 0.5499
Poisson likelihood: 0.0
CE loss: 0.0
Experiment 97402
Epoch 0005 [Test seq (cond on sampled tp)] | Loss 2496.749023 | Likelihood -2496.749023 | KL fp 0.0000 | FP STD 0.0000|
KL coef: 0.0
Train loss (one batch): 3419.3798828125
Train CE loss (one batch): 0.0
Test MSE: 0.5001
Poisson likelihood: 0.0
CE loss: 0.0
Experiment 97402
Epoch 0006 [Test seq (cond on sampled tp)] | Loss 2310.890381 | Likelihood -2310.890381 | KL fp 0.0000 | FP STD 0.0000|
KL coef: 0.0
Train loss (one batch): 2765.5419921875
Train CE loss (one batch): 0.0
Test MSE: 0.4629
Poisson likelihood: 0.0
CE loss: 0.0
Experiment 97402
Epoch 0007 [Test seq (cond on sampled tp)] | Loss 2405.564209 | Likelihood -2405.564209 | KL fp 0.0000 | FP STD 0.0000|
KL coef: 0.0
Train loss (one batch): 2437.190673828125
Train CE loss (one batch): 0.0
Test MSE: 0.4819
Poisson likelihood: 0.0
CE loss: 0.0
Experiment 97402
Epoch 0008 [Test seq (cond on sampled tp)] | Loss 2434.637451 | Likelihood -2434.637451 | KL fp 0.0000 | FP STD 0.0000|
KL coef: 0.0
Train loss (one batch): 2415.463623046875
Train CE loss (one batch): 0.0
Test MSE: 0.4877
Poisson likelihood: 0.0
CE loss: 0.0
Experiment 97402
Epoch 0009 [Test seq (cond on sampled tp)] | Loss 2212.463379 | Likelihood -2212.463379 | KL fp 0.0000 | FP STD 0.0000|
KL coef: 0.0
Train loss (one batch): 2316.259765625
Train CE loss (one batch): 0.0
Test MSE: 0.4432
Poisson likelihood: 0.0
CE loss: 0.0
Experiment 97402
Epoch 0010 [Test seq (cond on sampled tp)] | Loss 1949.777588 | Likelihood -1949.777588 | KL fp 0.0000 | FP STD 0.0000|
KL coef: 0.0
Train loss (one batch): 2126.0283203125
Train CE loss (one batch): 0.0
Test MSE: 0.3907
Poisson likelihood: 0.0
CE loss: 0.0
Experiment 97402
Epoch 0011 [Test seq (cond on sampled tp)] | Loss 1794.821533 | Likelihood -1794.821533 | KL fp 0.0000 | FP STD 0.0000|
KL coef: 0.010000000000000009
Train loss (one batch): 2009.8868408203125
Train CE loss (one batch): 0.0
Test MSE: 0.3597
Poisson likelihood: 0.0
CE loss: 0.0
Experiment 97402
Epoch 0012 [Test seq (cond on sampled tp)] | Loss 1719.068237 | Likelihood -1719.068237 | KL fp 0.0000 | FP STD 0.0000|
KL coef: 0.01990000000000003
Train loss (one batch): 1963.480712890625
Train CE loss (one batch): 0.0
Test MSE: 0.3446
Poisson likelihood: 0.0
CE loss: 0.0
