/home/pf/pfstud/ODE_Nando/ODE_crop_Project/latent_ode-my_mod/run_models.py
/home/pf/pfstud/ODE_Nando/ODE_crop_Project/latent_ode-my_mod/run_models.py
Experiment 27295
Epoch 0001 [Test seq (cond on sampled tp)] | Loss 17293.478516 | Likelihood -17293.478516 | KL fp 0.0000 | FP STD 0.0000|
KL coef: 0.0
Train loss (one batch): 20105.12109375
Train CE loss (one batch): 0.0
Test MSE: 3.4594
Poisson likelihood: 0.0
CE loss: 0.0
Experiment 27295
Epoch 0002 [Test seq (cond on sampled tp)] | Loss 6414.745605 | Likelihood -6414.745605 | KL fp 0.0000 | FP STD 0.0000|
KL coef: 0.0
Train loss (one batch): 9941.8037109375
Train CE loss (one batch): 0.0
Test MSE: 1.2837
Poisson likelihood: 0.0
CE loss: 0.0
/home/pf/pfstud/ODE_Nando/ODE_crop_Project/latent_ode-my_mod/run_models.py
/home/pf/pfstud/ODE_Nando/ODE_crop_Project/latent_ode-my_mod/run_models.py
/home/pf/pfstud/ODE_Nando/ODE_crop_Project/latent_ode-my_mod/run_models.py
/home/pf/pfstud/ODE_Nando/ODE_crop_Project/latent_ode-my_mod/run_models.py
/home/pf/pfstud/ODE_Nando/ODE_crop_Project/latent_ode-my_mod/run_models.py
/home/pf/pfstud/ODE_Nando/ODE_crop_Project/latent_ode-my_mod/run_models.py
